19:56:19.546 [main                     ] DEBUG Logger               - Configured Logger
19:56:19.557 [main                     ] DEBUG GameApplication      - Logging settings
Title: FXGL Brickout
Version: 0.0
Width: 1344
Height: 704
Fullscreen: false
Intro: false
Profiling: false
Single step:false
App Mode: DEVELOPER
Menu Key: ESCAPE
Stage Style: DECORATED
Scene Factory: class game.brickout.BrickoutApp$1

19:56:20.587 [JavaFX Application Thread] DEBUG FXGLApplication      - Initializing FXGL
19:56:20.591 [JavaFX Application Thread] INFO  Engine               - FXGL-dev-SNAPSHOT (10.03.2021 13.16) on WINDOWS (J:15 FX:15)
19:56:20.593 [JavaFX Application Thread] DEBUG Engine               - JRE Vendor Name: Oracle Corporation
19:56:20.593 [JavaFX Application Thread] DEBUG Engine               - Running on OS: Windows 10 version 10.0
19:56:20.593 [JavaFX Application Thread] DEBUG Engine               - Architecture: amd64
19:56:20.594 [JavaFX Application Thread] INFO  Engine               - Source code and latest versions at: https://github.com/AlmasB/FXGL
19:56:20.594 [JavaFX Application Thread] INFO  Engine               -              Join the FXGL chat at: https://gitter.im/AlmasB/FXGL
19:56:20.792 [JavaFX Application Thread] DEBUG PrimaryStageWindow   - Creating a JavaFX scene
19:56:20.877 [JavaFX Application Thread] DEBUG PrimaryStageWindow   - Target settings size: 1344.0 x 704.0
19:56:20.877 [JavaFX Application Thread] DEBUG PrimaryStageWindow   - Scaled scene size:    1344.0 x 704.0
19:56:20.878 [JavaFX Application Thread] DEBUG PrimaryStageWindow   - Scaled ratio: (1.0, 1.0)
19:56:20.880 [JavaFX Application Thread] DEBUG PrimaryStageWindow   - Set initial scene to FXGLStartupScene
19:56:20.892 [JavaFX Application Thread] DEBUG PrimaryStageWindow   - Opening main window
19:56:21.289 [JavaFX Application Thread] DEBUG PrimaryStageWindow   - Window border size: (16.0, 39.0)
19:56:21.290 [JavaFX Application Thread] DEBUG PrimaryStageWindow   - Scaled size: 1344.0 x 704.0
19:56:21.290 [JavaFX Application Thread] DEBUG PrimaryStageWindow   - Scaled ratio: (1.0, 1.0)
19:56:21.290 [JavaFX Application Thread] DEBUG PrimaryStageWindow   - Scene size: 1344.0 x 704.0
19:56:21.291 [JavaFX Application Thread] DEBUG PrimaryStageWindow   - Stage size: 1360.0 x 743.0
19:56:21.306 [FXGL Background Thread 1 ] DEBUG Engine               - Initializing environment variables
19:56:21.387 [FXGL Background Thread 1 ] DEBUG FXGLAssetLoaderServi - User app class for loading assets: class game.brickout.BrickoutApp
19:56:21.389 [FXGL Background Thread 1 ] DEBUG GameApplicationServi - Applying CSS: fxgl_dark.css
19:56:21.390 [FXGL Background Thread 1 ] DEBUG FXGLAssetLoaderServi - Loading from file system: jar:file:/E:/faks/sve_za_igru/Brickout/out/artifacts/Brickout_jar/Brickout.jar!/fxglassets/ui/css/fxgl_dark.css
19:56:21.508 [FXGL Background Thread 1 ] DEBUG GameApplicationServi - Initializing application scenes
19:56:21.643 [FXGL Background Thread 1 ] DEBUG GameWorld            - Game world initialized
19:56:21.768 [FXGL Background Thread 1 ] DEBUG PhysicsWorld         - Physics world initialized: appHeight=704, physics.ppm=50.0
19:56:21.769 [FXGL Background Thread 1 ] DEBUG PhysicsWorld         - Using strategy: BRUTE_FORCE
19:56:21.774 [FXGL Background Thread 1 ] DEBUG GameScene            - Game scene initialized: 1344x704
19:56:21.877 [FXGL Background Thread 1 ] DEBUG FXGLAssetLoaderServi - Loading from file system: jar:file:/E:/faks/sve_za_igru/Brickout/out/artifacts/Brickout_jar/Brickout.jar!/assets/textures/background/universe.jpg
19:56:22.016 [FXGL Background Thread 1 ] DEBUG FXGLAssetLoaderServi - Loading from file system: jar:file:/E:/faks/sve_za_igru/Brickout/out/artifacts/Brickout_jar/Brickout.jar!/assets/textures/particles/trace_horizontal.png
19:56:22.148 [FXGL Background Thread 1 ] DEBUG FXGL.DefaultMenu     - createMenuBodyGameMenu()
19:56:22.214 [FXGL Background Thread 1 ] DEBUG FXGL.DefaultMenu     - createOptionsMenu()
19:56:22.228 [FXGL Background Thread 1 ] DEBUG FXGLAssetLoaderServi - Loading from file system: jar:file:/E:/faks/sve_za_igru/Brickout/out/artifacts/Brickout_jar/Brickout.jar!/fxglassets/textures/particles/smoke.png
19:56:22.411 [FXGL Background Thread 1 ] DEBUG GameApplicationServi - Application scenes initialized
19:56:22.461 [FXGL Background Thread 1 ] DEBUG SystemBundleService  - Loading FXGL system data
19:56:22.472 [FXGL Background Thread 1 ] DEBUG FileSystemAccess     - Reading from: E:\faks\sve_za_igru\Brickout\out\artifacts\Brickout_jar\system\fxgl.bundle
19:56:22.492 [FXGL Background Thread 1 ] DEBUG SystemBundleService  - Bundle FXGL: {}
19:56:22.494 [FXGL Background Thread 1 ] DEBUG UpdaterService       - Checking for updates
19:56:22.596 [FXGL Background Thread 1 ] DEBUG FXGLApplication      - Loading default localization
19:56:22.598 [FXGL Background Thread 1 ] DEBUG FXGLAssetLoaderServi - Loading from file system: jar:file:/E:/faks/sve_za_igru/Brickout/out/artifacts/Brickout_jar/Brickout.jar!/fxglassets/languages/english.lang
19:56:22.622 [FXGL Background Thread 4 ] DEBUG FXGLApplication      - Loading fonts
19:56:22.623 [FXGL Background Thread 4 ] DEBUG FXGLAssetLoaderServi - Loading from file system: jar:file:/E:/faks/sve_za_igru/Brickout/out/artifacts/Brickout_jar/Brickout.jar!/fxglassets/ui/fonts/VarelaRound-Regular.ttf
19:56:22.654 [FXGL Background Thread 1 ] INFO  FXGLApplication      - FXGL initialization took: 1.347 sec
19:56:22.686 [JavaFX Application Thread] DEBUG Input                - Registered new binding: Move Left - A
19:56:22.687 [JavaFX Application Thread] DEBUG Input                - Registered new binding: Move Right - D
19:56:22.687 [JavaFX Application Thread] DEBUG Input                - Registered new binding: Escape - Esc
19:56:22.688 [JavaFX Application Thread] DEBUG Input                - Registered new binding: Fire Ball - Space
19:56:22.695 [JavaFX Application Thread] DEBUG FXGLAssetLoaderServi - Loading from file system: jar:file:/E:/faks/sve_za_igru/Brickout/out/artifacts/Brickout_jar/Brickout.jar!/assets/music/BGM.mp3
19:56:23.110 [JavaFX Application Thread] DEBUG AudioPlayer          - Playing music com.almasb.fxgl.audio.Music@6b80afa3
19:56:23.114 [JavaFX Application Thread] DEBUG FXGLAssetLoaderServi - Loading from file system: jar:file:/E:/faks/sve_za_igru/Brickout/out/artifacts/Brickout_jar/Brickout.jar!/fxglassets/textures/fxgl_icon.png
19:56:23.180 [JavaFX Application Thread] DEBUG FXGLAssetLoaderServi - Loading from file system: jar:file:/E:/faks/sve_za_igru/Brickout/out/artifacts/Brickout_jar/Brickout.jar!/fxglassets/ui/cursors/fxgl_default.png
19:56:23.185 [JavaFX Application Thread] DEBUG Input                - Registered new binding: Screenshot - P
19:56:23.186 [JavaFX Application Thread] DEBUG Input                - Registered new binding: Dev Options - 1
19:56:23.187 [JavaFX Application Thread] DEBUG Input                - Registered new binding: Dev Console - 2
19:56:23.189 [JavaFX Application Thread] DEBUG Input                - Registered new binding: System info dump - CTRL+9
19:56:23.190 [JavaFX Application Thread] DEBUG Input                - Registered new binding: Restart - CTRL+R
19:56:23.219 [JavaFX Application Thread] DEBUG Input                - Registered new binding: Toggle Debug Camera - CTRL+C
19:56:23.224 [JavaFX Application Thread] DEBUG LoopRunner           - Starting loop
19:56:23.249 [FXGL Background Thread 4 ] DEBUG FXGLAssetLoaderServi - Loading from file system: jar:file:/E:/faks/sve_za_igru/Brickout/out/artifacts/Brickout_jar/Brickout.jar!/fxglassets/ui/fonts/Abel-Regular.ttf
19:56:23.281 [JavaFX Application Thread] DEBUG LoopRunner           - Initializing JavaFX AnimationTimerLoop
19:56:23.287 [JavaFX Application Thread] DEBUG Input                - Clearing active input actions
19:56:23.304 [FXGL Background Thread 4 ] DEBUG FXGLAssetLoaderServi - Loading from file system: jar:file:/E:/faks/sve_za_igru/Brickout/out/artifacts/Brickout_jar/Brickout.jar!/fxglassets/ui/fonts/lucida_console.ttf
19:56:23.308 [JavaFX Application Thread] DEBUG GameApplicationServi - Removing overlay from FXGLStartupScene and adding to FXGLMainMenuDummyScene
19:56:23.317 [JavaFX Application Thread] DEBUG PrimaryStageWindow   - FXGLStartupScene -> FXGLMainMenuDummyScene
19:56:23.317 [JavaFX Application Thread] DEBUG PrimaryStageWindow   - Push state: AppMainMenu
19:56:23.318 [JavaFX Application Thread] DEBUG Input                - Clearing active input actions
19:56:23.327 [JavaFX Application Thread] DEBUG GameApplicationServi - Removing overlay from FXGLMainMenuDummyScene and adding to AppMainMenu
19:56:23.328 [JavaFX Application Thread] DEBUG PrimaryStageWindow   - FXGLMainMenuDummyScene -> AppMainMenu
19:56:23.336 [FXGL Background Thread 4 ] DEBUG FXGLAssetLoaderServi - Loading from file system: jar:file:/E:/faks/sve_za_igru/Brickout/out/artifacts/Brickout_jar/Brickout.jar!/fxglassets/ui/fonts/Courier-Prime.ttf
19:56:24.351 [JavaFX Application Thread] DEBUG FXGLApplication      - Registering font factories with UI factory
19:56:24.358 [FXGL Background Thread 2 ] INFO  UpdaterService       - Your current version:  dev-SNAPSHOT
19:56:24.360 [FXGL Background Thread 2 ] INFO  UpdaterService       - Latest stable version: 11.14
19:56:25.589 [FXGL Background Thread 3 ] DEBUG Engine               - Logging environment variables
19:56:25.592 [FXGL Background Thread 3 ] DEBUG Engine               - achievements: []
19:56:25.592 [FXGL Background Thread 3 ] DEBUG Engine               - actualHeight: 704.0
19:56:25.593 [FXGL Background Thread 3 ] DEBUG Engine               - actualHeightProperty: ReadOnlyDoubleProperty [value: 704.0]
19:56:25.594 [FXGL Background Thread 3 ] DEBUG Engine               - actualWidth: 1344.0
19:56:25.597 [FXGL Background Thread 3 ] DEBUG Engine               - actualWidthProperty: ReadOnlyDoubleProperty [value: 1344.0]
19:56:25.602 [FXGL Background Thread 3 ] DEBUG Engine               - appIcon: fxgl_icon.png
19:56:25.609 [FXGL Background Thread 3 ] DEBUG Engine               - applicationMode: DEVELOPER
19:56:25.610 [FXGL Background Thread 3 ] DEBUG Engine               - cSSList: [fxgl_dark.css]
19:56:25.610 [FXGL Background Thread 3 ] DEBUG Engine               - collisionDetectionStrategy: BRUTE_FORCE
19:56:25.611 [FXGL Background Thread 3 ] DEBUG Engine               - configClass: Optional.empty
19:56:25.612 [FXGL Background Thread 3 ] DEBUG Engine               - credits: []
19:56:25.613 [FXGL Background Thread 3 ] DEBUG Engine               - devBBoxColorProperty: ObjectProperty [value: 0xff0000ff]
19:56:25.613 [FXGL Background Thread 3 ] DEBUG Engine               - devEnableDebugCameraProperty: BooleanProperty [value: false]
19:56:25.614 [FXGL Background Thread 3 ] DEBUG Engine               - devSensorColorProperty: ObjectProperty [value: 0xffff00ff]
19:56:25.615 [FXGL Background Thread 3 ] DEBUG Engine               - devShowBBoxProperty: BooleanProperty [value: false]
19:56:25.615 [FXGL Background Thread 3 ] DEBUG Engine               - devShowPositionProperty: BooleanProperty [value: false]
19:56:25.616 [FXGL Background Thread 3 ] DEBUG Engine               - enabledMenuItems: []
19:56:25.616 [FXGL Background Thread 3 ] DEBUG Engine               - engineServices: [class com.almasb.fxgl.app.services.FXGLAssetLoaderService, class com.almasb.fxgl.app.FXGLApplication$GameApplicationService, class com.almasb.fxgl.app.services.FXGLDialogService, class com.almasb.fxgl.app.services.IOTaskExecutorService, class com.almasb.fxgl.event.EventBusService, class com.almasb.fxgl.io.FileSystemService, class com.almasb.fxgl.localization.LocalizationService, class com.almasb.fxgl.app.services.SystemBundleService, class com.almasb.fxgl.profile.SaveLoadService, class com.almasb.fxgl.ui.FXGLUIFactoryServiceProvider, class com.almasb.fxgl.ui.FXGLDialogFactoryServiceProvider, class com.almasb.fxgl.audio.AudioPlayer, class com.almasb.fxgl.notification.impl.NotificationServiceProvider, class com.almasb.fxgl.achievement.AchievementService, class com.almasb.fxgl.cutscene.CutsceneService, class com.almasb.fxgl.minigames.MiniGameService, class com.almasb.fxgl.net.NetService, class com.almasb.fxgl.app.services.UpdaterService, class com.almasb.fxgl.dev.DevService]
19:56:25.617 [FXGL Background Thread 3 ] DEBUG Engine               - fontGame: Abel-Regular.ttf
19:56:25.617 [FXGL Background Thread 3 ] DEBUG Engine               - fontMono: lucida_console.ttf
19:56:25.620 [FXGL Background Thread 3 ] DEBUG Engine               - fontText: Courier-Prime.ttf
19:56:25.621 [FXGL Background Thread 3 ] DEBUG Engine               - fontUI: VarelaRound-Regular.ttf
19:56:25.625 [FXGL Background Thread 3 ] DEBUG Engine               - fullScreen: BooleanProperty [value: false]
19:56:25.626 [FXGL Background Thread 3 ] DEBUG Engine               - gameDifficulty: MEDIUM
19:56:25.629 [FXGL Background Thread 3 ] DEBUG Engine               - gameDifficultyProperty: ObjectProperty [value: MEDIUM]
19:56:25.630 [FXGL Background Thread 3 ] DEBUG Engine               - globalMusicVolume: 0.5
19:56:25.632 [FXGL Background Thread 3 ] DEBUG Engine               - globalMusicVolumeProperty: DoubleProperty [value: 0.0]
19:56:25.633 [FXGL Background Thread 3 ] DEBUG Engine               - globalSoundVolume: 0.5
19:56:25.635 [FXGL Background Thread 3 ] DEBUG Engine               - globalSoundVolumeProperty: DoubleProperty [value: 0.2]
19:56:25.636 [FXGL Background Thread 3 ] DEBUG Engine               - height: 704
19:56:25.637 [FXGL Background Thread 3 ] DEBUG Engine               - isAndroid: false
19:56:25.639 [FXGL Background Thread 3 ] DEBUG Engine               - isBrowser: false
19:56:25.640 [FXGL Background Thread 3 ] DEBUG Engine               - isClickFeedbackEnabled: false
19:56:25.641 [FXGL Background Thread 3 ] DEBUG Engine               - isCloseConfirmation: false
19:56:25.642 [FXGL Background Thread 3 ] DEBUG Engine               - isDesktop: true
19:56:25.643 [FXGL Background Thread 3 ] DEBUG Engine               - isDeveloperMenuEnabled: true
19:56:25.644 [FXGL Background Thread 3 ] DEBUG Engine               - isEntityPreloadEnabled: true
19:56:25.645 [FXGL Background Thread 3 ] DEBUG Engine               - isExperimental3D: false
19:56:25.646 [FXGL Background Thread 3 ] DEBUG Engine               - isExperimentalNative: false
19:56:25.646 [FXGL Background Thread 3 ] DEBUG Engine               - isExperimentalTiledLargeMap: false
19:56:25.647 [FXGL Background Thread 3 ] DEBUG Engine               - isFileSystemWriteAllowed: true
19:56:25.647 [FXGL Background Thread 3 ] DEBUG Engine               - isFullScreenAllowed: false
19:56:25.648 [FXGL Background Thread 3 ] DEBUG Engine               - isFullScreenFromStart: false
19:56:25.648 [FXGL Background Thread 3 ] DEBUG Engine               - isGameMenuEnabled: true
19:56:25.651 [FXGL Background Thread 3 ] DEBUG Engine               - isIOS: false
19:56:25.652 [FXGL Background Thread 3 ] DEBUG Engine               - isIntroEnabled: false
19:56:25.653 [FXGL Background Thread 3 ] DEBUG Engine               - isLinux: false
19:56:25.653 [FXGL Background Thread 3 ] DEBUG Engine               - isMac: false
19:56:25.654 [FXGL Background Thread 3 ] DEBUG Engine               - isMainMenuEnabled: true
19:56:25.654 [FXGL Background Thread 3 ] DEBUG Engine               - isManualResizeEnabled: true
19:56:25.655 [FXGL Background Thread 3 ] DEBUG Engine               - isMobile: false
19:56:25.656 [FXGL Background Thread 3 ] DEBUG Engine               - isPreserveResizeRatio: true
19:56:25.657 [FXGL Background Thread 3 ] DEBUG Engine               - isProfilingEnabled: false
19:56:25.657 [FXGL Background Thread 3 ] DEBUG Engine               - isScaleAffectedOnResize: true
19:56:25.660 [FXGL Background Thread 3 ] DEBUG Engine               - isSingleStep: false
19:56:25.660 [FXGL Background Thread 3 ] DEBUG Engine               - isUserProfileEnabled: false
19:56:25.661 [FXGL Background Thread 3 ] DEBUG Engine               - isWindows: true
19:56:25.661 [FXGL Background Thread 3 ] DEBUG Engine               - language: ObjectProperty [value: ENGLISH]
19:56:25.661 [FXGL Background Thread 3 ] DEBUG Engine               - menuKey: ESCAPE
19:56:25.661 [FXGL Background Thread 3 ] DEBUG Engine               - notificationViewClass: class com.almasb.fxgl.notification.view.XboxNotificationView
19:56:25.662 [FXGL Background Thread 3 ] DEBUG Engine               - pixelsPerMeter: 50.0
19:56:25.662 [FXGL Background Thread 3 ] DEBUG Engine               - platform: WINDOWS
19:56:25.662 [FXGL Background Thread 3 ] DEBUG Engine               - prefHeightProperty: ReadOnlyDoubleProperty [value: 704.0]
19:56:25.662 [FXGL Background Thread 3 ] DEBUG Engine               - prefWidthProperty: ReadOnlyDoubleProperty [value: 1344.0]
19:56:25.662 [FXGL Background Thread 3 ] DEBUG Engine               - profileDir: profiles/
19:56:25.663 [FXGL Background Thread 3 ] DEBUG Engine               - profileName: StringProperty [value: DEFAULT]
19:56:25.663 [FXGL Background Thread 3 ] DEBUG Engine               - randomSeed: -1
19:56:25.664 [FXGL Background Thread 3 ] DEBUG Engine               - runtimeInfo: RuntimeInfo(platform=WINDOWS, version=dev-SNAPSHOT, build=10.03.2021 13.16)
19:56:25.664 [FXGL Background Thread 3 ] DEBUG Engine               - saveFileExt: sav
19:56:25.665 [FXGL Background Thread 3 ] DEBUG Engine               - scaledHeightProp$fxgl: DoubleProperty [bound, value: 704.0]
19:56:25.665 [FXGL Background Thread 3 ] DEBUG Engine               - scaledWidthProp$fxgl: DoubleProperty [bound, value: 1344.0]
19:56:25.665 [FXGL Background Thread 3 ] DEBUG Engine               - sceneFactory: game.brickout.BrickoutApp$1@7b0bd939
19:56:25.666 [FXGL Background Thread 3 ] DEBUG Engine               - secondsIn24h: 60
19:56:25.666 [FXGL Background Thread 3 ] DEBUG Engine               - soundMenuBack: menu/back.wav
19:56:25.666 [FXGL Background Thread 3 ] DEBUG Engine               - soundMenuPress: menu/press.wav
19:56:25.667 [FXGL Background Thread 3 ] DEBUG Engine               - soundMenuSelect: menu/select.wav
19:56:25.667 [FXGL Background Thread 3 ] DEBUG Engine               - soundNotification: core/notification.wav
19:56:25.668 [FXGL Background Thread 3 ] DEBUG Engine               - stageStyle: DECORATED
19:56:25.668 [FXGL Background Thread 3 ] DEBUG Engine               - supportedLanguages: [ENGLISH, FRENCH, GERMAN, HUNGARIAN, RUSSIAN]
19:56:25.669 [FXGL Background Thread 3 ] DEBUG Engine               - ticksPerSecond: -1
19:56:25.670 [FXGL Background Thread 3 ] DEBUG Engine               - title: FXGL Brickout
19:56:25.670 [FXGL Background Thread 3 ] DEBUG Engine               - urlGithub: https://github.com/AlmasB/FXGL
19:56:25.670 [FXGL Background Thread 3 ] DEBUG Engine               - urlLeaderboard: http://fxgl-top.herokuapp.com/
19:56:25.671 [FXGL Background Thread 3 ] DEBUG Engine               - urlPOM: https://raw.githubusercontent.com/AlmasB/FXGL/release/README.md
19:56:25.671 [FXGL Background Thread 3 ] DEBUG Engine               - userAppClass: class game.brickout.BrickoutApp
19:56:25.671 [FXGL Background Thread 3 ] DEBUG Engine               - version: 0.0
19:56:25.671 [FXGL Background Thread 3 ] DEBUG Engine               - versionCheckDays: 7
19:56:25.672 [FXGL Background Thread 3 ] DEBUG Engine               - width: 1344
19:56:25.672 [FXGL Background Thread 3 ] DEBUG Engine               - Logging services
19:56:25.673 [FXGL Background Thread 3 ] DEBUG Engine               - class com.almasb.fxgl.app.services.FXGLAssetLoaderService
19:56:25.674 [FXGL Background Thread 3 ] DEBUG Engine               - class com.almasb.fxgl.app.FXGLApplication$GameApplicationService
19:56:25.674 [FXGL Background Thread 3 ] DEBUG Engine               - class com.almasb.fxgl.app.services.FXGLDialogService
19:56:25.675 [FXGL Background Thread 3 ] DEBUG Engine               - class com.almasb.fxgl.app.services.IOTaskExecutorService
19:56:25.675 [FXGL Background Thread 3 ] DEBUG Engine               - class com.almasb.fxgl.event.EventBusService
19:56:25.675 [FXGL Background Thread 3 ] DEBUG Engine               - class com.almasb.fxgl.io.FileSystemService
19:56:25.675 [FXGL Background Thread 3 ] DEBUG Engine               - class com.almasb.fxgl.localization.LocalizationService
19:56:25.675 [FXGL Background Thread 3 ] DEBUG Engine               - class com.almasb.fxgl.app.services.SystemBundleService
19:56:25.676 [FXGL Background Thread 3 ] DEBUG Engine               - class com.almasb.fxgl.profile.SaveLoadService
19:56:25.676 [FXGL Background Thread 3 ] DEBUG Engine               - class com.almasb.fxgl.ui.FXGLUIFactoryServiceProvider
19:56:25.676 [FXGL Background Thread 3 ] DEBUG Engine               - class com.almasb.fxgl.ui.FXGLDialogFactoryServiceProvider
19:56:25.677 [FXGL Background Thread 3 ] DEBUG Engine               - class com.almasb.fxgl.audio.AudioPlayer
19:56:25.677 [FXGL Background Thread 3 ] DEBUG Engine               - class com.almasb.fxgl.notification.impl.NotificationServiceProvider
19:56:25.678 [FXGL Background Thread 3 ] DEBUG Engine               - class com.almasb.fxgl.achievement.AchievementService
19:56:25.679 [FXGL Background Thread 3 ] DEBUG Engine               - class com.almasb.fxgl.cutscene.CutsceneService
19:56:25.679 [FXGL Background Thread 3 ] DEBUG Engine               - class com.almasb.fxgl.minigames.MiniGameService
19:56:25.680 [FXGL Background Thread 3 ] DEBUG Engine               - class com.almasb.fxgl.net.NetService
19:56:25.680 [FXGL Background Thread 3 ] DEBUG Engine               - class com.almasb.fxgl.app.services.UpdaterService
19:56:25.680 [FXGL Background Thread 3 ] DEBUG Engine               - class com.almasb.fxgl.dev.DevService
19:56:26.232 [JavaFX Application Thread] DEBUG FXGLApplication      - Exiting FXGL
19:56:26.232 [JavaFX Application Thread] DEBUG LoopRunner           - Stopping loop
19:56:26.233 [JavaFX Application Thread] DEBUG SystemBundleService  - Saving FXGL system data
19:56:26.236 [JavaFX Application Thread] DEBUG FileSystemAccess     - Writing to: E:\faks\sve_za_igru\Brickout\out\artifacts\Brickout_jar\system\fxgl.bundle
19:56:26.239 [JavaFX Application Thread] DEBUG Async                - Shutting down background threads
19:56:26.240 [JavaFX Application Thread] DEBUG PrimaryStageWindow   - Closing main window
19:56:26.279 [JavaFX Application Thread] DEBUG Logger               - Closing Logger
