19:47:03.239 [main                     ] DEBUG Logger               - Configured Logger
19:47:03.251 [main                     ] DEBUG GameApplication      - Logging settings
Title: FXGL Brickout
Version: 0.0
Width: 1344
Height: 704
Fullscreen: false
Intro: false
Profiling: false
Single step:false
App Mode: DEVELOPER
Menu Key: ESCAPE
Stage Style: DECORATED
Scene Factory: class game.brickout.BrickoutApp$1

19:47:03.957 [JavaFX Application Thread] DEBUG FXGLApplication      - Initializing FXGL
19:47:03.961 [JavaFX Application Thread] INFO  Engine               - FXGL-dev-SNAPSHOT (10.03.2021 13.16) on WINDOWS (J:15 FX:15)
19:47:03.963 [JavaFX Application Thread] DEBUG Engine               - JRE Vendor Name: Oracle Corporation
19:47:03.963 [JavaFX Application Thread] DEBUG Engine               - Running on OS: Windows 10 version 10.0
19:47:03.963 [JavaFX Application Thread] DEBUG Engine               - Architecture: amd64
19:47:03.964 [JavaFX Application Thread] INFO  Engine               - Source code and latest versions at: https://github.com/AlmasB/FXGL
19:47:03.965 [JavaFX Application Thread] INFO  Engine               -              Join the FXGL chat at: https://gitter.im/AlmasB/FXGL
19:47:04.181 [JavaFX Application Thread] DEBUG PrimaryStageWindow   - Creating a JavaFX scene
19:47:04.334 [JavaFX Application Thread] DEBUG PrimaryStageWindow   - Target settings size: 1344.0 x 704.0
19:47:04.335 [JavaFX Application Thread] DEBUG PrimaryStageWindow   - Scaled scene size:    1344.0 x 704.0
19:47:04.335 [JavaFX Application Thread] DEBUG PrimaryStageWindow   - Scaled ratio: (1.0, 1.0)
19:47:04.338 [JavaFX Application Thread] DEBUG PrimaryStageWindow   - Set initial scene to FXGLStartupScene
19:47:04.355 [JavaFX Application Thread] DEBUG PrimaryStageWindow   - Opening main window
19:47:04.582 [JavaFX Application Thread] DEBUG PrimaryStageWindow   - Window border size: (16.0, 39.0)
19:47:04.583 [JavaFX Application Thread] DEBUG PrimaryStageWindow   - Scaled size: 1344.0 x 704.0
19:47:04.583 [JavaFX Application Thread] DEBUG PrimaryStageWindow   - Scaled ratio: (1.0, 1.0)
19:47:04.583 [JavaFX Application Thread] DEBUG PrimaryStageWindow   - Scene size: 1344.0 x 704.0
19:47:04.584 [JavaFX Application Thread] DEBUG PrimaryStageWindow   - Stage size: 1360.0 x 743.0
19:47:04.604 [FXGL Background Thread 1 ] DEBUG Engine               - Initializing environment variables
19:47:04.708 [FXGL Background Thread 1 ] DEBUG FXGLAssetLoaderServi - User app class for loading assets: class game.brickout.BrickoutApp
19:47:04.710 [FXGL Background Thread 1 ] DEBUG GameApplicationServi - Applying CSS: fxgl_dark.css
19:47:04.712 [FXGL Background Thread 1 ] DEBUG FXGLAssetLoaderServi - Loading from file system: jar:file:/E:/faks/sve_za_igru/Brickout/out/artifacts/Brickout_jar/Brickout.jar!/fxglassets/ui/css/fxgl_dark.css
19:47:04.866 [FXGL Background Thread 1 ] DEBUG GameApplicationServi - Initializing application scenes
19:47:04.980 [FXGL Background Thread 1 ] DEBUG GameWorld            - Game world initialized
19:47:05.088 [FXGL Background Thread 1 ] DEBUG PhysicsWorld         - Physics world initialized: appHeight=704, physics.ppm=50.0
19:47:05.090 [FXGL Background Thread 1 ] DEBUG PhysicsWorld         - Using strategy: BRUTE_FORCE
19:47:05.095 [FXGL Background Thread 1 ] DEBUG GameScene            - Game scene initialized: 1344x704
19:47:05.179 [FXGL Background Thread 1 ] DEBUG FXGLAssetLoaderServi - Loading from file system: jar:file:/E:/faks/sve_za_igru/Brickout/out/artifacts/Brickout_jar/Brickout.jar!/assets/textures/background/universe.jpg
19:47:05.300 [FXGL Background Thread 1 ] DEBUG FXGLAssetLoaderServi - Loading from file system: jar:file:/E:/faks/sve_za_igru/Brickout/out/artifacts/Brickout_jar/Brickout.jar!/assets/textures/particles/trace_horizontal.png
19:47:05.394 [FXGL Background Thread 1 ] DEBUG FXGL.DefaultMenu     - createMenuBodyGameMenu()
19:47:05.425 [FXGL Background Thread 1 ] DEBUG FXGL.DefaultMenu     - createOptionsMenu()
19:47:05.438 [FXGL Background Thread 1 ] DEBUG FXGLAssetLoaderServi - Loading from file system: jar:file:/E:/faks/sve_za_igru/Brickout/out/artifacts/Brickout_jar/Brickout.jar!/fxglassets/textures/particles/smoke.png
19:47:05.585 [FXGL Background Thread 1 ] DEBUG GameApplicationServi - Application scenes initialized
19:47:05.612 [FXGL Background Thread 1 ] DEBUG SystemBundleService  - Loading default FXGL system data
19:47:05.613 [FXGL Background Thread 1 ] DEBUG UpdaterService       - Checking for updates
19:47:05.685 [FXGL Background Thread 4 ] DEBUG FXGLApplication      - Loading fonts
19:47:05.688 [FXGL Background Thread 4 ] DEBUG FXGLAssetLoaderServi - Loading from file system: jar:file:/E:/faks/sve_za_igru/Brickout/out/artifacts/Brickout_jar/Brickout.jar!/fxglassets/ui/fonts/VarelaRound-Regular.ttf
19:47:05.686 [FXGL Background Thread 1 ] DEBUG FXGLApplication      - Loading default localization
19:47:05.697 [FXGL Background Thread 1 ] DEBUG FXGLAssetLoaderServi - Loading from file system: jar:file:/E:/faks/sve_za_igru/Brickout/out/artifacts/Brickout_jar/Brickout.jar!/fxglassets/languages/english.lang
19:47:05.741 [FXGL Background Thread 1 ] INFO  FXGLApplication      - FXGL initialization took: 1.136 sec
19:47:05.763 [JavaFX Application Thread] DEBUG Input                - Registered new binding: Move Left - A
19:47:05.764 [JavaFX Application Thread] DEBUG Input                - Registered new binding: Move Right - D
19:47:05.764 [JavaFX Application Thread] DEBUG Input                - Registered new binding: Escape - Esc
19:47:05.765 [JavaFX Application Thread] DEBUG Input                - Registered new binding: Fire Ball - Space
19:47:05.765 [JavaFX Application Thread] DEBUG FXGLAssetLoaderServi - Loading from file system: jar:file:/E:/faks/sve_za_igru/Brickout/out/artifacts/Brickout_jar/Brickout.jar!/assets/music/BGM.mp3
19:47:06.033 [FXGL Background Thread 4 ] DEBUG FXGLAssetLoaderServi - Loading from file system: jar:file:/E:/faks/sve_za_igru/Brickout/out/artifacts/Brickout_jar/Brickout.jar!/fxglassets/ui/fonts/Abel-Regular.ttf
19:47:06.057 [FXGL Background Thread 4 ] DEBUG FXGLAssetLoaderServi - Loading from file system: jar:file:/E:/faks/sve_za_igru/Brickout/out/artifacts/Brickout_jar/Brickout.jar!/fxglassets/ui/fonts/lucida_console.ttf
19:47:06.101 [FXGL Background Thread 4 ] DEBUG FXGLAssetLoaderServi - Loading from file system: jar:file:/E:/faks/sve_za_igru/Brickout/out/artifacts/Brickout_jar/Brickout.jar!/fxglassets/ui/fonts/Courier-Prime.ttf
19:47:06.145 [JavaFX Application Thread] DEBUG AudioPlayer          - Playing music com.almasb.fxgl.audio.Music@6ccb3cf6
19:47:06.146 [JavaFX Application Thread] DEBUG FXGLAssetLoaderServi - Loading from file system: jar:file:/E:/faks/sve_za_igru/Brickout/out/artifacts/Brickout_jar/Brickout.jar!/fxglassets/textures/fxgl_icon.png
19:47:06.205 [JavaFX Application Thread] DEBUG FXGLAssetLoaderServi - Loading from file system: jar:file:/E:/faks/sve_za_igru/Brickout/out/artifacts/Brickout_jar/Brickout.jar!/fxglassets/ui/cursors/fxgl_default.png
19:47:06.209 [JavaFX Application Thread] DEBUG Input                - Registered new binding: Screenshot - P
19:47:06.210 [JavaFX Application Thread] DEBUG Input                - Registered new binding: Dev Options - 1
19:47:06.212 [JavaFX Application Thread] DEBUG Input                - Registered new binding: Dev Console - 2
19:47:06.213 [JavaFX Application Thread] DEBUG Input                - Registered new binding: System info dump - CTRL+9
19:47:06.214 [JavaFX Application Thread] DEBUG Input                - Registered new binding: Restart - CTRL+R
19:47:06.215 [JavaFX Application Thread] DEBUG Input                - Registered new binding: Toggle Debug Camera - CTRL+C
19:47:06.220 [JavaFX Application Thread] DEBUG LoopRunner           - Starting loop
19:47:06.243 [JavaFX Application Thread] DEBUG LoopRunner           - Initializing JavaFX AnimationTimerLoop
19:47:06.247 [JavaFX Application Thread] DEBUG Input                - Clearing active input actions
19:47:06.282 [JavaFX Application Thread] DEBUG GameApplicationServi - Removing overlay from FXGLStartupScene and adding to FXGLMainMenuDummyScene
19:47:06.296 [JavaFX Application Thread] DEBUG PrimaryStageWindow   - FXGLStartupScene -> FXGLMainMenuDummyScene
19:47:06.297 [JavaFX Application Thread] DEBUG PrimaryStageWindow   - Push state: AppMainMenu
19:47:06.298 [JavaFX Application Thread] DEBUG Input                - Clearing active input actions
19:47:06.307 [JavaFX Application Thread] DEBUG GameApplicationServi - Removing overlay from FXGLMainMenuDummyScene and adding to AppMainMenu
19:47:06.308 [JavaFX Application Thread] DEBUG PrimaryStageWindow   - FXGLMainMenuDummyScene -> AppMainMenu
19:47:06.857 [JavaFX Application Thread] DEBUG FXGLApplication      - Registering font factories with UI factory
19:47:06.898 [FXGL Background Thread 2 ] INFO  UpdaterService       - Your current version:  dev-SNAPSHOT
19:47:06.918 [FXGL Background Thread 2 ] INFO  UpdaterService       - Latest stable version: 11.14
19:47:08.580 [JavaFX Application Thread] DEBUG FXGLApplication      - Exiting FXGL
19:47:08.581 [JavaFX Application Thread] DEBUG LoopRunner           - Stopping loop
19:47:08.581 [JavaFX Application Thread] DEBUG SystemBundleService  - Saving FXGL system data
19:47:08.585 [JavaFX Application Thread] DEBUG FileSystemAccess     - Writing to: E:\faks\sve_za_igru\Brickout\out\artifacts\Brickout_jar\system\fxgl.bundle
19:47:08.598 [JavaFX Application Thread] DEBUG Async                - Shutting down background threads
19:47:08.600 [JavaFX Application Thread] DEBUG PrimaryStageWindow   - Closing main window
19:47:08.634 [JavaFX Application Thread] DEBUG Logger               - Closing Logger
