20:46:33.933 [main                     ] DEBUG Logger               - Configured Logger
20:46:33.933 [main                     ] DEBUG GameApplication      - Logging settings
Title: FXGL Brickout
Version: 0.0
Width: 1344
Height: 704
Fullscreen: false
Intro: false
Profiling: false
Single step:false
App Mode: DEVELOPER
Menu Key: ESCAPE
Stage Style: DECORATED
Scene Factory: class game.brickout.BrickoutApp$1

20:46:34.710 [JavaFX Application Thread] DEBUG FXGLApplication      - Initializing FXGL
20:46:34.713 [JavaFX Application Thread] INFO  Engine               - FXGL-dev-SNAPSHOT (10.03.2021 13.16) on WINDOWS (J:15 FX:15)
20:46:34.715 [JavaFX Application Thread] DEBUG Engine               - JRE Vendor Name: Oracle Corporation
20:46:34.715 [JavaFX Application Thread] DEBUG Engine               - Running on OS: Windows 10 version 10.0
20:46:34.716 [JavaFX Application Thread] DEBUG Engine               - Architecture: amd64
20:46:34.716 [JavaFX Application Thread] INFO  Engine               - Source code and latest versions at: https://github.com/AlmasB/FXGL
20:46:34.716 [JavaFX Application Thread] INFO  Engine               -              Join the FXGL chat at: https://gitter.im/AlmasB/FXGL
20:46:34.946 [JavaFX Application Thread] DEBUG PrimaryStageWindow   - Creating a JavaFX scene
20:46:35.141 [JavaFX Application Thread] DEBUG PrimaryStageWindow   - Target settings size: 1344.0 x 704.0
20:46:35.141 [JavaFX Application Thread] DEBUG PrimaryStageWindow   - Scaled scene size:    1344.0 x 704.0
20:46:35.141 [JavaFX Application Thread] DEBUG PrimaryStageWindow   - Scaled ratio: (1.0, 1.0)
20:46:35.144 [JavaFX Application Thread] DEBUG PrimaryStageWindow   - Set initial scene to FXGLStartupScene
20:46:35.158 [JavaFX Application Thread] DEBUG PrimaryStageWindow   - Opening main window
20:46:35.488 [JavaFX Application Thread] DEBUG PrimaryStageWindow   - Window border size: (16.0, 39.0)
20:46:35.489 [JavaFX Application Thread] DEBUG PrimaryStageWindow   - Scaled size: 1344.0 x 704.0
20:46:35.489 [JavaFX Application Thread] DEBUG PrimaryStageWindow   - Scaled ratio: (1.0, 1.0)
20:46:35.489 [JavaFX Application Thread] DEBUG PrimaryStageWindow   - Scene size: 1344.0 x 704.0
20:46:35.489 [JavaFX Application Thread] DEBUG PrimaryStageWindow   - Stage size: 1360.0 x 743.0
20:46:35.507 [FXGL Background Thread 1 ] DEBUG Engine               - Initializing environment variables
20:46:35.583 [FXGL Background Thread 1 ] DEBUG FXGLAssetLoaderServi - User app class for loading assets: class game.brickout.BrickoutApp
20:46:35.583 [FXGL Background Thread 1 ] DEBUG GameApplicationServi - Applying CSS: fxgl_dark.css
20:46:35.585 [FXGL Background Thread 1 ] DEBUG FXGLAssetLoaderServi - Loading from file system: jar:file:/E:/faks/sve_za_igru/Brickout/out/artifacts/Brickout_jar/Brickout.jar!/fxglassets/ui/css/fxgl_dark.css
20:46:35.715 [FXGL Background Thread 1 ] DEBUG GameApplicationServi - Initializing application scenes
20:46:35.906 [FXGL Background Thread 1 ] DEBUG GameWorld            - Game world initialized
20:46:36.025 [FXGL Background Thread 1 ] DEBUG PhysicsWorld         - Physics world initialized: appHeight=704, physics.ppm=50.0
20:46:36.025 [FXGL Background Thread 1 ] DEBUG PhysicsWorld         - Using strategy: BRUTE_FORCE
20:46:36.031 [FXGL Background Thread 1 ] DEBUG GameScene            - Game scene initialized: 1344x704
20:46:36.129 [FXGL Background Thread 1 ] DEBUG FXGLAssetLoaderServi - Loading from file system: jar:file:/E:/faks/sve_za_igru/Brickout/out/artifacts/Brickout_jar/Brickout.jar!/assets/textures/background/universe.jpg
20:46:36.256 [FXGL Background Thread 1 ] DEBUG FXGLAssetLoaderServi - Loading from file system: jar:file:/E:/faks/sve_za_igru/Brickout/out/artifacts/Brickout_jar/Brickout.jar!/assets/textures/particles/trace_horizontal.png
20:46:36.340 [FXGL Background Thread 1 ] DEBUG FXGL.DefaultMenu     - createMenuBodyGameMenu()
20:46:36.414 [FXGL Background Thread 1 ] DEBUG FXGL.DefaultMenu     - createOptionsMenu()
20:46:36.428 [FXGL Background Thread 1 ] DEBUG FXGLAssetLoaderServi - Loading from file system: jar:file:/E:/faks/sve_za_igru/Brickout/out/artifacts/Brickout_jar/Brickout.jar!/fxglassets/textures/particles/smoke.png
20:46:36.557 [FXGL Background Thread 1 ] DEBUG GameApplicationServi - Application scenes initialized
20:46:36.579 [FXGL Background Thread 1 ] DEBUG SystemBundleService  - Loading FXGL system data
20:46:36.592 [FXGL Background Thread 1 ] DEBUG FileSystemAccess     - Reading from: E:\faks\sve_za_igru\Brickout\out\artifacts\Brickout_jar\system\fxgl.bundle
20:46:36.608 [FXGL Background Thread 1 ] DEBUG SystemBundleService  - Bundle FXGL: {}
20:46:36.610 [FXGL Background Thread 1 ] DEBUG UpdaterService       - Checking for updates
20:46:36.678 [FXGL Background Thread 4 ] DEBUG FXGLApplication      - Loading fonts
20:46:36.679 [FXGL Background Thread 1 ] DEBUG FXGLApplication      - Loading default localization
20:46:36.682 [FXGL Background Thread 1 ] DEBUG FXGLAssetLoaderServi - Loading from file system: jar:file:/E:/faks/sve_za_igru/Brickout/out/artifacts/Brickout_jar/Brickout.jar!/fxglassets/languages/english.lang
20:46:36.691 [FXGL Background Thread 4 ] DEBUG FXGLAssetLoaderServi - Loading from file system: jar:file:/E:/faks/sve_za_igru/Brickout/out/artifacts/Brickout_jar/Brickout.jar!/fxglassets/ui/fonts/VarelaRound-Regular.ttf
20:46:36.713 [FXGL Background Thread 1 ] INFO  FXGLApplication      - FXGL initialization took: 1.206 sec
20:46:36.734 [JavaFX Application Thread] DEBUG Input                - Registered new binding: Move Left - A
20:46:36.735 [JavaFX Application Thread] DEBUG Input                - Registered new binding: Move Right - D
20:46:36.735 [JavaFX Application Thread] DEBUG Input                - Registered new binding: Escape - Esc
20:46:36.736 [JavaFX Application Thread] DEBUG Input                - Registered new binding: Fire Ball - Space
20:46:36.737 [JavaFX Application Thread] DEBUG FXGLAssetLoaderServi - Loading from file system: jar:file:/E:/faks/sve_za_igru/Brickout/out/artifacts/Brickout_jar/Brickout.jar!/assets/music/BGM.mp3
20:46:37.148 [JavaFX Application Thread] DEBUG AudioPlayer          - Playing music com.almasb.fxgl.audio.Music@6b80afa3
20:46:37.151 [JavaFX Application Thread] DEBUG FXGLAssetLoaderServi - Loading from file system: jar:file:/E:/faks/sve_za_igru/Brickout/out/artifacts/Brickout_jar/Brickout.jar!/fxglassets/textures/fxgl_icon.png
20:46:37.201 [FXGL Background Thread 4 ] DEBUG FXGLAssetLoaderServi - Loading from file system: jar:file:/E:/faks/sve_za_igru/Brickout/out/artifacts/Brickout_jar/Brickout.jar!/fxglassets/ui/fonts/Abel-Regular.ttf
20:46:37.221 [JavaFX Application Thread] DEBUG FXGLAssetLoaderServi - Loading from file system: jar:file:/E:/faks/sve_za_igru/Brickout/out/artifacts/Brickout_jar/Brickout.jar!/fxglassets/ui/cursors/fxgl_default.png
20:46:37.224 [JavaFX Application Thread] DEBUG Input                - Registered new binding: Screenshot - P
20:46:37.225 [JavaFX Application Thread] DEBUG Input                - Registered new binding: Dev Options - 1
20:46:37.226 [JavaFX Application Thread] DEBUG Input                - Registered new binding: Dev Console - 2
20:46:37.227 [JavaFX Application Thread] DEBUG Input                - Registered new binding: System info dump - CTRL+9
20:46:37.228 [JavaFX Application Thread] DEBUG Input                - Registered new binding: Restart - CTRL+R
20:46:37.229 [JavaFX Application Thread] DEBUG Input                - Registered new binding: Toggle Debug Camera - CTRL+C
20:46:37.234 [FXGL Background Thread 4 ] DEBUG FXGLAssetLoaderServi - Loading from file system: jar:file:/E:/faks/sve_za_igru/Brickout/out/artifacts/Brickout_jar/Brickout.jar!/fxglassets/ui/fonts/lucida_console.ttf
20:46:37.237 [JavaFX Application Thread] DEBUG LoopRunner           - Starting loop
20:46:37.263 [FXGL Background Thread 4 ] DEBUG FXGLAssetLoaderServi - Loading from file system: jar:file:/E:/faks/sve_za_igru/Brickout/out/artifacts/Brickout_jar/Brickout.jar!/fxglassets/ui/fonts/Courier-Prime.ttf
20:46:37.282 [JavaFX Application Thread] DEBUG LoopRunner           - Initializing JavaFX AnimationTimerLoop
20:46:37.288 [JavaFX Application Thread] DEBUG Input                - Clearing active input actions
20:46:37.319 [JavaFX Application Thread] DEBUG GameApplicationServi - Removing overlay from FXGLStartupScene and adding to FXGLMainMenuDummyScene
20:46:37.336 [JavaFX Application Thread] DEBUG PrimaryStageWindow   - FXGLStartupScene -> FXGLMainMenuDummyScene
20:46:37.338 [JavaFX Application Thread] DEBUG PrimaryStageWindow   - Push state: AppMainMenu
20:46:37.338 [JavaFX Application Thread] DEBUG Input                - Clearing active input actions
20:46:37.350 [JavaFX Application Thread] DEBUG GameApplicationServi - Removing overlay from FXGLMainMenuDummyScene and adding to AppMainMenu
20:46:37.352 [JavaFX Application Thread] DEBUG PrimaryStageWindow   - FXGLMainMenuDummyScene -> AppMainMenu
20:46:37.818 [JavaFX Application Thread] DEBUG FXGLApplication      - Registering font factories with UI factory
20:46:38.478 [FXGL Background Thread 2 ] INFO  UpdaterService       - Your current version:  dev-SNAPSHOT
20:46:38.479 [FXGL Background Thread 2 ] INFO  UpdaterService       - Latest stable version: 11.14
20:46:38.679 [JavaFX Application Thread] DEBUG FXGLApplication      - Exiting FXGL
20:46:38.679 [JavaFX Application Thread] DEBUG LoopRunner           - Stopping loop
20:46:38.680 [JavaFX Application Thread] DEBUG SystemBundleService  - Saving FXGL system data
20:46:38.684 [JavaFX Application Thread] DEBUG FileSystemAccess     - Writing to: E:\faks\sve_za_igru\Brickout\out\artifacts\Brickout_jar\system\fxgl.bundle
20:46:38.689 [JavaFX Application Thread] DEBUG Async                - Shutting down background threads
20:46:38.690 [JavaFX Application Thread] DEBUG PrimaryStageWindow   - Closing main window
20:46:38.716 [JavaFX Application Thread] DEBUG Logger               - Closing Logger
