19:47:17.290 [main                     ] DEBUG Logger               - Configured Logger
19:47:17.306 [main                     ] DEBUG GameApplication      - Logging settings
Title: FXGL Brickout
Version: 0.0
Width: 1344
Height: 704
Fullscreen: false
Intro: false
Profiling: false
Single step:false
App Mode: DEVELOPER
Menu Key: ESCAPE
Stage Style: DECORATED
Scene Factory: class game.brickout.BrickoutApp$1

19:47:18.033 [JavaFX Application Thread] DEBUG FXGLApplication      - Initializing FXGL
19:47:18.036 [JavaFX Application Thread] INFO  Engine               - FXGL-dev-SNAPSHOT (10.03.2021 13.16) on WINDOWS (J:15 FX:15)
19:47:18.037 [JavaFX Application Thread] DEBUG Engine               - JRE Vendor Name: Oracle Corporation
19:47:18.037 [JavaFX Application Thread] DEBUG Engine               - Running on OS: Windows 10 version 10.0
19:47:18.038 [JavaFX Application Thread] DEBUG Engine               - Architecture: amd64
19:47:18.038 [JavaFX Application Thread] INFO  Engine               - Source code and latest versions at: https://github.com/AlmasB/FXGL
19:47:18.040 [JavaFX Application Thread] INFO  Engine               -              Join the FXGL chat at: https://gitter.im/AlmasB/FXGL
19:47:18.268 [JavaFX Application Thread] DEBUG PrimaryStageWindow   - Creating a JavaFX scene
19:47:18.405 [JavaFX Application Thread] DEBUG PrimaryStageWindow   - Target settings size: 1344.0 x 704.0
19:47:18.406 [JavaFX Application Thread] DEBUG PrimaryStageWindow   - Scaled scene size:    1344.0 x 704.0
19:47:18.407 [JavaFX Application Thread] DEBUG PrimaryStageWindow   - Scaled ratio: (1.0, 1.0)
19:47:18.410 [JavaFX Application Thread] DEBUG PrimaryStageWindow   - Set initial scene to FXGLStartupScene
19:47:18.427 [JavaFX Application Thread] DEBUG PrimaryStageWindow   - Opening main window
19:47:18.662 [JavaFX Application Thread] DEBUG PrimaryStageWindow   - Window border size: (16.0, 39.0)
19:47:18.662 [JavaFX Application Thread] DEBUG PrimaryStageWindow   - Scaled size: 1344.0 x 704.0
19:47:18.663 [JavaFX Application Thread] DEBUG PrimaryStageWindow   - Scaled ratio: (1.0, 1.0)
19:47:18.663 [JavaFX Application Thread] DEBUG PrimaryStageWindow   - Scene size: 1344.0 x 704.0
19:47:18.663 [JavaFX Application Thread] DEBUG PrimaryStageWindow   - Stage size: 1360.0 x 743.0
19:47:18.679 [FXGL Background Thread 1 ] DEBUG Engine               - Initializing environment variables
19:47:18.755 [FXGL Background Thread 1 ] DEBUG FXGLAssetLoaderServi - User app class for loading assets: class game.brickout.BrickoutApp
19:47:18.756 [FXGL Background Thread 1 ] DEBUG GameApplicationServi - Applying CSS: fxgl_dark.css
19:47:18.761 [FXGL Background Thread 1 ] DEBUG FXGLAssetLoaderServi - Loading from file system: jar:file:/E:/faks/sve_za_igru/Brickout/out/artifacts/Brickout_jar/Brickout.jar!/fxglassets/ui/css/fxgl_dark.css
19:47:18.909 [FXGL Background Thread 1 ] DEBUG GameApplicationServi - Initializing application scenes
19:47:19.063 [FXGL Background Thread 1 ] DEBUG GameWorld            - Game world initialized
19:47:19.180 [FXGL Background Thread 1 ] DEBUG PhysicsWorld         - Physics world initialized: appHeight=704, physics.ppm=50.0
19:47:19.181 [FXGL Background Thread 1 ] DEBUG PhysicsWorld         - Using strategy: BRUTE_FORCE
19:47:19.186 [FXGL Background Thread 1 ] DEBUG GameScene            - Game scene initialized: 1344x704
19:47:19.274 [FXGL Background Thread 1 ] DEBUG FXGLAssetLoaderServi - Loading from file system: jar:file:/E:/faks/sve_za_igru/Brickout/out/artifacts/Brickout_jar/Brickout.jar!/assets/textures/background/universe.jpg
19:47:19.399 [FXGL Background Thread 1 ] DEBUG FXGLAssetLoaderServi - Loading from file system: jar:file:/E:/faks/sve_za_igru/Brickout/out/artifacts/Brickout_jar/Brickout.jar!/assets/textures/particles/trace_horizontal.png
19:47:19.485 [FXGL Background Thread 1 ] DEBUG FXGL.DefaultMenu     - createMenuBodyGameMenu()
19:47:19.517 [FXGL Background Thread 1 ] DEBUG FXGL.DefaultMenu     - createOptionsMenu()
19:47:19.528 [FXGL Background Thread 1 ] DEBUG FXGLAssetLoaderServi - Loading from file system: jar:file:/E:/faks/sve_za_igru/Brickout/out/artifacts/Brickout_jar/Brickout.jar!/fxglassets/textures/particles/smoke.png
19:47:19.664 [FXGL Background Thread 1 ] DEBUG GameApplicationServi - Application scenes initialized
19:47:19.684 [FXGL Background Thread 1 ] DEBUG SystemBundleService  - Loading FXGL system data
19:47:19.696 [FXGL Background Thread 1 ] DEBUG FileSystemAccess     - Reading from: E:\faks\sve_za_igru\Brickout\out\artifacts\Brickout_jar\system\fxgl.bundle
19:47:19.711 [FXGL Background Thread 1 ] DEBUG SystemBundleService  - Bundle FXGL: {}
19:47:19.711 [FXGL Background Thread 1 ] DEBUG UpdaterService       - Checking for updates
19:47:19.773 [FXGL Background Thread 1 ] DEBUG FXGLApplication      - Loading default localization
19:47:19.774 [FXGL Background Thread 1 ] DEBUG FXGLAssetLoaderServi - Loading from file system: jar:file:/E:/faks/sve_za_igru/Brickout/out/artifacts/Brickout_jar/Brickout.jar!/fxglassets/languages/english.lang
19:47:19.804 [FXGL Background Thread 4 ] DEBUG FXGLApplication      - Loading fonts
19:47:19.805 [FXGL Background Thread 4 ] DEBUG FXGLAssetLoaderServi - Loading from file system: jar:file:/E:/faks/sve_za_igru/Brickout/out/artifacts/Brickout_jar/Brickout.jar!/fxglassets/ui/fonts/VarelaRound-Regular.ttf
19:47:19.810 [FXGL Background Thread 1 ] INFO  FXGLApplication      - FXGL initialization took: 1.131 sec
19:47:19.848 [JavaFX Application Thread] DEBUG Input                - Registered new binding: Move Left - A
19:47:19.849 [JavaFX Application Thread] DEBUG Input                - Registered new binding: Move Right - D
19:47:19.850 [JavaFX Application Thread] DEBUG Input                - Registered new binding: Escape - Esc
19:47:19.850 [JavaFX Application Thread] DEBUG Input                - Registered new binding: Fire Ball - Space
19:47:19.851 [JavaFX Application Thread] DEBUG FXGLAssetLoaderServi - Loading from file system: jar:file:/E:/faks/sve_za_igru/Brickout/out/artifacts/Brickout_jar/Brickout.jar!/assets/music/BGM.mp3
19:47:20.204 [FXGL Background Thread 4 ] DEBUG FXGLAssetLoaderServi - Loading from file system: jar:file:/E:/faks/sve_za_igru/Brickout/out/artifacts/Brickout_jar/Brickout.jar!/fxglassets/ui/fonts/Abel-Regular.ttf
19:47:20.225 [JavaFX Application Thread] DEBUG AudioPlayer          - Playing music com.almasb.fxgl.audio.Music@217b08ca
19:47:20.226 [JavaFX Application Thread] DEBUG FXGLAssetLoaderServi - Loading from file system: jar:file:/E:/faks/sve_za_igru/Brickout/out/artifacts/Brickout_jar/Brickout.jar!/fxglassets/textures/fxgl_icon.png
19:47:20.242 [FXGL Background Thread 4 ] DEBUG FXGLAssetLoaderServi - Loading from file system: jar:file:/E:/faks/sve_za_igru/Brickout/out/artifacts/Brickout_jar/Brickout.jar!/fxglassets/ui/fonts/lucida_console.ttf
19:47:20.268 [FXGL Background Thread 4 ] DEBUG FXGLAssetLoaderServi - Loading from file system: jar:file:/E:/faks/sve_za_igru/Brickout/out/artifacts/Brickout_jar/Brickout.jar!/fxglassets/ui/fonts/Courier-Prime.ttf
19:47:20.289 [JavaFX Application Thread] DEBUG FXGLAssetLoaderServi - Loading from file system: jar:file:/E:/faks/sve_za_igru/Brickout/out/artifacts/Brickout_jar/Brickout.jar!/fxglassets/ui/cursors/fxgl_default.png
19:47:20.299 [JavaFX Application Thread] DEBUG Input                - Registered new binding: Screenshot - P
19:47:20.300 [JavaFX Application Thread] DEBUG Input                - Registered new binding: Dev Options - 1
19:47:20.301 [JavaFX Application Thread] DEBUG Input                - Registered new binding: Dev Console - 2
19:47:20.302 [JavaFX Application Thread] DEBUG Input                - Registered new binding: System info dump - CTRL+9
19:47:20.303 [JavaFX Application Thread] DEBUG Input                - Registered new binding: Restart - CTRL+R
19:47:20.304 [JavaFX Application Thread] DEBUG Input                - Registered new binding: Toggle Debug Camera - CTRL+C
19:47:20.309 [JavaFX Application Thread] DEBUG LoopRunner           - Starting loop
19:47:20.337 [JavaFX Application Thread] DEBUG LoopRunner           - Initializing JavaFX AnimationTimerLoop
19:47:20.345 [JavaFX Application Thread] DEBUG Input                - Clearing active input actions
19:47:20.382 [JavaFX Application Thread] DEBUG GameApplicationServi - Removing overlay from FXGLStartupScene and adding to FXGLMainMenuDummyScene
19:47:20.391 [JavaFX Application Thread] DEBUG PrimaryStageWindow   - FXGLStartupScene -> FXGLMainMenuDummyScene
19:47:20.391 [JavaFX Application Thread] DEBUG PrimaryStageWindow   - Push state: AppMainMenu
19:47:20.392 [JavaFX Application Thread] DEBUG Input                - Clearing active input actions
19:47:20.402 [JavaFX Application Thread] DEBUG GameApplicationServi - Removing overlay from FXGLMainMenuDummyScene and adding to AppMainMenu
19:47:20.403 [JavaFX Application Thread] DEBUG PrimaryStageWindow   - FXGLMainMenuDummyScene -> AppMainMenu
19:47:20.955 [JavaFX Application Thread] DEBUG FXGLApplication      - Registering font factories with UI factory
19:47:21.259 [FXGL Background Thread 2 ] INFO  UpdaterService       - Your current version:  dev-SNAPSHOT
19:47:21.260 [FXGL Background Thread 2 ] INFO  UpdaterService       - Latest stable version: 11.14
19:47:21.974 [JavaFX Application Thread] DEBUG Menu                 - fireNewGame()
19:47:21.975 [JavaFX Application Thread] DEBUG GameApplicationServi - Starting new game
19:47:21.976 [JavaFX Application Thread] DEBUG PrimaryStageWindow   - Pop state: AppMainMenu
19:47:21.976 [JavaFX Application Thread] DEBUG Input                - Clearing active input actions
19:47:21.980 [JavaFX Application Thread] DEBUG GameApplicationServi - Removing overlay from AppMainMenu and adding to FXGLMainMenuDummyScene
19:47:21.986 [JavaFX Application Thread] DEBUG PrimaryStageWindow   - FXGLMainMenuDummyScene <- AppMainMenu
19:47:21.987 [JavaFX Application Thread] DEBUG Input                - Clearing active input actions
19:47:22.003 [JavaFX Application Thread] DEBUG GameApplicationServi - Removing overlay from FXGLMainMenuDummyScene and adding to LoadingScreen
19:47:22.006 [JavaFX Application Thread] DEBUG PrimaryStageWindow   - FXGLMainMenuDummyScene -> LoadingScreen
19:47:22.006 [JavaFX Application Thread] DEBUG GameApplicationServi - Clearing previous game
19:47:22.007 [JavaFX Application Thread] DEBUG GameScene            - Clearing game scene
19:47:22.007 [JavaFX Application Thread] DEBUG GameWorld            - Clearing game world
19:47:22.007 [JavaFX Application Thread] DEBUG PhysicsWorld         - Clearing physics world
19:47:22.011 [FXGL Background Thread 2 ] DEBUG FXGLApplication      - Initializing game
19:47:22.079 [FXGL Background Thread 2 ] WARN  TMXLevelLoader       - TiledMap generated from 1.4.3. Supported version: 1.2.3. Some features may not be parsed fully.
19:47:22.167 [FXGL Background Thread 2 ] DEBUG TMXLevelLoader       - Parsed raw map: TiledMap(width=14, height=22, tilewidth=96, tileheight=32, orientation=orthogonal, layers=[Layer(width=0, height=0, name=brick_layer, type=objectgroup, visible=false, x=0, y=0, data=[], objects=[com.almasb.fxgl.entity.level.tiled.TiledObject@1085eef3, com.almasb.fxgl.entity.level.tiled.TiledObject@52c0dbcb, com.almasb.fxgl.entity.level.tiled.TiledObject@19f0e809, com.almasb.fxgl.entity.level.tiled.TiledObject@6bbd0090, com.almasb.fxgl.entity.level.tiled.TiledObject@54708962, com.almasb.fxgl.entity.level.tiled.TiledObject@3a1ea4, com.almasb.fxgl.entity.level.tiled.TiledObject@1e940e0a, com.almasb.fxgl.entity.level.tiled.TiledObject@1dae34c8, com.almasb.fxgl.entity.level.tiled.TiledObject@4d458586, com.almasb.fxgl.entity.level.tiled.TiledObject@1d5a7db4, com.almasb.fxgl.entity.level.tiled.TiledObject@2300d44b, com.almasb.fxgl.entity.level.tiled.TiledObject@4fe4ac97, com.almasb.fxgl.entity.level.tiled.TiledObject@2eec6958, com.almasb.fxgl.entity.level.tiled.TiledObject@601516ec], opacity=0.0, draworder=)], tilesets=[Tileset(firstgid=1, image=../../textures/brick_blue.png, name=brick_blue, tilewidth=96, tileheight=32, imagewidth=96, imageheight=32, margin=0, spacing=0, columns=1, tilecount=1, transparentcolor=, tiles=[])], backgroundcolor=, renderorder=right-down, nextobjectid=34, version=1, tiledversion=1.4.3, type=map, infinite=false, hexsidelength=0, staggeraxis=, staggerindex=, properties={}, propertytypes={})
19:47:22.169 [FXGL Background Thread 2 ] DEBUG TMXLevelLoader       - Creating tile layer entities
19:47:22.170 [FXGL Background Thread 2 ] DEBUG TMXLevelLoader       - Creating object layer entities
19:47:22.287 [FXGL Background Thread 2 ] DEBUG GameWorld            - Clearing removable entities
19:47:22.289 [FXGL Background Thread 2 ] DEBUG GameWorld            - Setting level: com.almasb.fxgl.entity.level.Level@5369404c
19:47:22.305 [FXGL Background Thread 2 ] DEBUG FXGLAssetLoaderServi - Loading from file system: jar:file:/E:/faks/sve_za_igru/Brickout/out/artifacts/Brickout_jar/Brickout.jar!/assets/textures/bat.png
19:47:22.327 [FXGL Background Thread 2 ] DEBUG FXGLAssetLoaderServi - Loading from file system: jar:file:/E:/faks/sve_za_igru/Brickout/out/artifacts/Brickout_jar/Brickout.jar!/assets/textures/ball.png
19:47:22.357 [FXGL Background Thread 2 ] DEBUG FXGLAssetLoaderServi - Loading from file system: jar:file:/E:/faks/sve_za_igru/Brickout/out/artifacts/Brickout_jar/Brickout.jar!/assets/textures/background/as1.jpg
19:47:22.778 [FXGL Background Thread 3 ] DEBUG Engine               - Logging environment variables
19:47:22.784 [FXGL Background Thread 3 ] DEBUG Engine               - achievements: []
19:47:22.785 [FXGL Background Thread 3 ] DEBUG Engine               - actualHeight: 704.0
19:47:22.793 [FXGL Background Thread 3 ] DEBUG Engine               - actualHeightProperty: ReadOnlyDoubleProperty [value: 704.0]
19:47:22.794 [FXGL Background Thread 3 ] DEBUG Engine               - actualWidth: 1344.0
19:47:22.794 [FXGL Background Thread 3 ] DEBUG Engine               - actualWidthProperty: ReadOnlyDoubleProperty [value: 1344.0]
19:47:22.798 [FXGL Background Thread 3 ] DEBUG Engine               - appIcon: fxgl_icon.png
19:47:22.804 [FXGL Background Thread 3 ] DEBUG Engine               - applicationMode: DEVELOPER
19:47:22.805 [FXGL Background Thread 3 ] DEBUG Engine               - cSSList: [fxgl_dark.css]
19:47:22.805 [FXGL Background Thread 3 ] DEBUG Engine               - collisionDetectionStrategy: BRUTE_FORCE
19:47:22.805 [FXGL Background Thread 3 ] DEBUG Engine               - configClass: Optional.empty
19:47:22.806 [FXGL Background Thread 3 ] DEBUG Engine               - credits: []
19:47:22.806 [FXGL Background Thread 3 ] DEBUG Engine               - devBBoxColorProperty: ObjectProperty [value: 0xff0000ff]
19:47:22.807 [FXGL Background Thread 3 ] DEBUG Engine               - devEnableDebugCameraProperty: BooleanProperty [value: false]
19:47:22.807 [FXGL Background Thread 3 ] DEBUG Engine               - devSensorColorProperty: ObjectProperty [value: 0xffff00ff]
19:47:22.807 [FXGL Background Thread 3 ] DEBUG Engine               - devShowBBoxProperty: BooleanProperty [value: false]
19:47:22.812 [FXGL Background Thread 3 ] DEBUG Engine               - devShowPositionProperty: BooleanProperty [value: false]
19:47:22.812 [FXGL Background Thread 3 ] DEBUG Engine               - enabledMenuItems: []
19:47:22.813 [FXGL Background Thread 3 ] DEBUG Engine               - engineServices: [class com.almasb.fxgl.app.services.FXGLAssetLoaderService, class com.almasb.fxgl.app.FXGLApplication$GameApplicationService, class com.almasb.fxgl.app.services.FXGLDialogService, class com.almasb.fxgl.app.services.IOTaskExecutorService, class com.almasb.fxgl.event.EventBusService, class com.almasb.fxgl.io.FileSystemService, class com.almasb.fxgl.localization.LocalizationService, class com.almasb.fxgl.app.services.SystemBundleService, class com.almasb.fxgl.profile.SaveLoadService, class com.almasb.fxgl.ui.FXGLUIFactoryServiceProvider, class com.almasb.fxgl.ui.FXGLDialogFactoryServiceProvider, class com.almasb.fxgl.audio.AudioPlayer, class com.almasb.fxgl.notification.impl.NotificationServiceProvider, class com.almasb.fxgl.achievement.AchievementService, class com.almasb.fxgl.cutscene.CutsceneService, class com.almasb.fxgl.minigames.MiniGameService, class com.almasb.fxgl.net.NetService, class com.almasb.fxgl.app.services.UpdaterService, class com.almasb.fxgl.dev.DevService]
19:47:22.814 [FXGL Background Thread 3 ] DEBUG Engine               - fontGame: Abel-Regular.ttf
19:47:22.815 [FXGL Background Thread 3 ] DEBUG Engine               - fontMono: lucida_console.ttf
19:47:22.816 [FXGL Background Thread 3 ] DEBUG Engine               - fontText: Courier-Prime.ttf
19:47:22.816 [FXGL Background Thread 3 ] DEBUG Engine               - fontUI: VarelaRound-Regular.ttf
19:47:22.816 [FXGL Background Thread 3 ] DEBUG Engine               - fullScreen: BooleanProperty [value: false]
19:47:22.817 [FXGL Background Thread 3 ] DEBUG Engine               - gameDifficulty: MEDIUM
19:47:22.817 [FXGL Background Thread 3 ] DEBUG Engine               - gameDifficultyProperty: ObjectProperty [value: MEDIUM]
19:47:22.817 [FXGL Background Thread 3 ] DEBUG Engine               - globalMusicVolume: 0.5
19:47:22.817 [FXGL Background Thread 3 ] DEBUG Engine               - globalMusicVolumeProperty: DoubleProperty [value: 0.0]
19:47:22.818 [FXGL Background Thread 3 ] DEBUG Engine               - globalSoundVolume: 0.5
19:47:22.818 [FXGL Background Thread 3 ] DEBUG Engine               - globalSoundVolumeProperty: DoubleProperty [value: 0.2]
19:47:22.818 [FXGL Background Thread 3 ] DEBUG Engine               - height: 704
19:47:22.819 [FXGL Background Thread 3 ] DEBUG Engine               - isAndroid: false
19:47:22.819 [FXGL Background Thread 3 ] DEBUG Engine               - isBrowser: false
19:47:22.820 [FXGL Background Thread 3 ] DEBUG Engine               - isClickFeedbackEnabled: false
19:47:22.820 [FXGL Background Thread 3 ] DEBUG Engine               - isCloseConfirmation: false
19:47:22.820 [FXGL Background Thread 3 ] DEBUG Engine               - isDesktop: true
19:47:22.821 [FXGL Background Thread 3 ] DEBUG Engine               - isDeveloperMenuEnabled: true
19:47:22.821 [FXGL Background Thread 3 ] DEBUG Engine               - isEntityPreloadEnabled: true
19:47:22.822 [FXGL Background Thread 3 ] DEBUG Engine               - isExperimental3D: false
19:47:22.822 [FXGL Background Thread 3 ] DEBUG Engine               - isExperimentalNative: false
19:47:22.822 [FXGL Background Thread 3 ] DEBUG Engine               - isExperimentalTiledLargeMap: false
19:47:22.822 [FXGL Background Thread 3 ] DEBUG Engine               - isFileSystemWriteAllowed: true
19:47:22.823 [FXGL Background Thread 3 ] DEBUG Engine               - isFullScreenAllowed: false
19:47:22.823 [FXGL Background Thread 3 ] DEBUG Engine               - isFullScreenFromStart: false
19:47:22.823 [FXGL Background Thread 3 ] DEBUG Engine               - isGameMenuEnabled: true
19:47:22.823 [FXGL Background Thread 3 ] DEBUG Engine               - isIOS: false
19:47:22.823 [FXGL Background Thread 3 ] DEBUG Engine               - isIntroEnabled: false
19:47:22.828 [FXGL Background Thread 3 ] DEBUG Engine               - isLinux: false
19:47:22.828 [FXGL Background Thread 3 ] DEBUG Engine               - isMac: false
19:47:22.829 [FXGL Background Thread 3 ] DEBUG Engine               - isMainMenuEnabled: true
19:47:22.829 [FXGL Background Thread 3 ] DEBUG Engine               - isManualResizeEnabled: true
19:47:22.829 [FXGL Background Thread 3 ] DEBUG Engine               - isMobile: false
19:47:22.830 [FXGL Background Thread 3 ] DEBUG Engine               - isPreserveResizeRatio: true
19:47:22.830 [FXGL Background Thread 3 ] DEBUG Engine               - isProfilingEnabled: false
19:47:22.830 [FXGL Background Thread 3 ] DEBUG Engine               - isScaleAffectedOnResize: true
19:47:22.830 [FXGL Background Thread 3 ] DEBUG Engine               - isSingleStep: false
19:47:22.831 [FXGL Background Thread 3 ] DEBUG Engine               - isUserProfileEnabled: false
19:47:22.831 [FXGL Background Thread 3 ] DEBUG Engine               - isWindows: true
19:47:22.831 [FXGL Background Thread 3 ] DEBUG Engine               - language: ObjectProperty [value: ENGLISH]
19:47:22.832 [FXGL Background Thread 3 ] DEBUG Engine               - menuKey: ESCAPE
19:47:22.832 [FXGL Background Thread 3 ] DEBUG Engine               - notificationViewClass: class com.almasb.fxgl.notification.view.XboxNotificationView
19:47:22.833 [FXGL Background Thread 3 ] DEBUG Engine               - pixelsPerMeter: 50.0
19:47:22.833 [FXGL Background Thread 3 ] DEBUG Engine               - platform: WINDOWS
19:47:22.847 [FXGL Background Thread 3 ] DEBUG Engine               - prefHeightProperty: ReadOnlyDoubleProperty [value: 704.0]
19:47:22.848 [FXGL Background Thread 3 ] DEBUG Engine               - prefWidthProperty: ReadOnlyDoubleProperty [value: 1344.0]
19:47:22.851 [FXGL Background Thread 3 ] DEBUG Engine               - profileDir: profiles/
19:47:22.852 [FXGL Background Thread 3 ] DEBUG Engine               - profileName: StringProperty [value: DEFAULT]
19:47:22.853 [FXGL Background Thread 3 ] DEBUG Engine               - randomSeed: -1
19:47:22.854 [FXGL Background Thread 3 ] DEBUG Engine               - runtimeInfo: RuntimeInfo(platform=WINDOWS, version=dev-SNAPSHOT, build=10.03.2021 13.16)
19:47:22.854 [FXGL Background Thread 3 ] DEBUG Engine               - saveFileExt: sav
19:47:22.854 [FXGL Background Thread 3 ] DEBUG Engine               - scaledHeightProp$fxgl: DoubleProperty [bound, value: 704.0]
19:47:22.855 [FXGL Background Thread 3 ] DEBUG Engine               - scaledWidthProp$fxgl: DoubleProperty [bound, value: 1344.0]
19:47:22.855 [FXGL Background Thread 3 ] DEBUG Engine               - sceneFactory: game.brickout.BrickoutApp$1@1ac9114b
19:47:22.855 [FXGL Background Thread 3 ] DEBUG Engine               - secondsIn24h: 60
19:47:22.856 [FXGL Background Thread 3 ] DEBUG Engine               - soundMenuBack: menu/back.wav
19:47:22.857 [FXGL Background Thread 3 ] DEBUG Engine               - soundMenuPress: menu/press.wav
19:47:22.857 [FXGL Background Thread 3 ] DEBUG Engine               - soundMenuSelect: menu/select.wav
19:47:22.857 [FXGL Background Thread 3 ] DEBUG Engine               - soundNotification: core/notification.wav
19:47:22.858 [FXGL Background Thread 3 ] DEBUG Engine               - stageStyle: DECORATED
19:47:22.862 [FXGL Background Thread 3 ] DEBUG Engine               - supportedLanguages: [ENGLISH, FRENCH, GERMAN, HUNGARIAN, RUSSIAN]
19:47:22.863 [FXGL Background Thread 3 ] DEBUG Engine               - ticksPerSecond: -1
19:47:22.863 [FXGL Background Thread 3 ] DEBUG Engine               - title: FXGL Brickout
19:47:22.864 [FXGL Background Thread 3 ] DEBUG Engine               - urlGithub: https://github.com/AlmasB/FXGL
19:47:22.864 [FXGL Background Thread 3 ] DEBUG Engine               - urlLeaderboard: http://fxgl-top.herokuapp.com/
19:47:22.865 [FXGL Background Thread 3 ] DEBUG Engine               - urlPOM: https://raw.githubusercontent.com/AlmasB/FXGL/release/README.md
19:47:22.865 [FXGL Background Thread 3 ] DEBUG Engine               - userAppClass: class game.brickout.BrickoutApp
19:47:22.865 [FXGL Background Thread 3 ] DEBUG Engine               - version: 0.0
19:47:22.865 [FXGL Background Thread 3 ] DEBUG Engine               - versionCheckDays: 7
19:47:22.866 [FXGL Background Thread 3 ] DEBUG Engine               - width: 1344
19:47:22.866 [FXGL Background Thread 3 ] DEBUG Engine               - Logging services
19:47:22.867 [FXGL Background Thread 3 ] DEBUG Engine               - class com.almasb.fxgl.app.services.FXGLAssetLoaderService
19:47:22.867 [FXGL Background Thread 3 ] DEBUG Engine               - class com.almasb.fxgl.app.FXGLApplication$GameApplicationService
19:47:22.867 [FXGL Background Thread 3 ] DEBUG Engine               - class com.almasb.fxgl.app.services.FXGLDialogService
19:47:22.867 [FXGL Background Thread 3 ] DEBUG Engine               - class com.almasb.fxgl.app.services.IOTaskExecutorService
19:47:22.868 [FXGL Background Thread 3 ] DEBUG Engine               - class com.almasb.fxgl.event.EventBusService
19:47:22.868 [FXGL Background Thread 3 ] DEBUG Engine               - class com.almasb.fxgl.io.FileSystemService
19:47:22.869 [FXGL Background Thread 3 ] DEBUG Engine               - class com.almasb.fxgl.localization.LocalizationService
19:47:22.869 [FXGL Background Thread 3 ] DEBUG Engine               - class com.almasb.fxgl.app.services.SystemBundleService
19:47:22.869 [FXGL Background Thread 3 ] DEBUG Engine               - class com.almasb.fxgl.profile.SaveLoadService
19:47:22.870 [FXGL Background Thread 3 ] DEBUG Engine               - class com.almasb.fxgl.ui.FXGLUIFactoryServiceProvider
19:47:22.870 [FXGL Background Thread 3 ] DEBUG Engine               - class com.almasb.fxgl.ui.FXGLDialogFactoryServiceProvider
19:47:22.870 [FXGL Background Thread 3 ] DEBUG Engine               - class com.almasb.fxgl.audio.AudioPlayer
19:47:22.870 [FXGL Background Thread 3 ] DEBUG Engine               - class com.almasb.fxgl.notification.impl.NotificationServiceProvider
19:47:22.871 [FXGL Background Thread 3 ] DEBUG Engine               - class com.almasb.fxgl.achievement.AchievementService
19:47:22.871 [FXGL Background Thread 3 ] DEBUG Engine               - class com.almasb.fxgl.cutscene.CutsceneService
19:47:22.872 [FXGL Background Thread 3 ] DEBUG Engine               - class com.almasb.fxgl.minigames.MiniGameService
19:47:22.873 [FXGL Background Thread 3 ] DEBUG Engine               - class com.almasb.fxgl.net.NetService
19:47:22.874 [FXGL Background Thread 3 ] DEBUG Engine               - class com.almasb.fxgl.app.services.UpdaterService
19:47:22.875 [FXGL Background Thread 3 ] DEBUG Engine               - class com.almasb.fxgl.dev.DevService
19:47:22.919 [FXGL Background Thread 2 ] INFO  FXGLApplication      - Game initialization took: 0.908 sec
19:47:22.966 [JavaFX Application Thread] DEBUG Input                - Clearing active input actions
19:47:22.986 [JavaFX Application Thread] DEBUG GameApplicationServi - Removing overlay from LoadingScreen and adding to GameScene
19:47:22.998 [JavaFX Application Thread] DEBUG PrimaryStageWindow   - LoadingScreen -> GameScene
19:47:24.229 [JavaFX Application Thread] DEBUG FXGLAssetLoaderServi - Loading from file system: jar:file:/E:/faks/sve_za_igru/Brickout/out/artifacts/Brickout_jar/Brickout.jar!/assets/textures/particles/moje.png
19:47:24.332 [JavaFX Application Thread] DEBUG PrimaryStageWindow   - Push state: NewLevelSubScene
19:47:24.333 [JavaFX Application Thread] DEBUG Input                - Clearing active input actions
19:47:24.333 [JavaFX Application Thread] DEBUG GameApplicationServi - Removing overlay from GameScene and adding to NewLevelSubScene
19:47:24.336 [JavaFX Application Thread] DEBUG PrimaryStageWindow   - GameScene -> NewLevelSubScene
19:47:26.466 [JavaFX Application Thread] DEBUG PrimaryStageWindow   - Pop state: NewLevelSubScene
19:47:26.467 [JavaFX Application Thread] DEBUG Input                - Clearing active input actions
19:47:26.470 [JavaFX Application Thread] DEBUG GameApplicationServi - Removing overlay from NewLevelSubScene and adding to GameScene
19:47:26.472 [JavaFX Application Thread] DEBUG PrimaryStageWindow   - GameScene <- NewLevelSubScene
19:47:27.795 [JavaFX Application Thread] DEBUG FXGLAssetLoaderServi - Loading from file system: jar:file:/E:/faks/sve_za_igru/Brickout/out/artifacts/Brickout_jar/Brickout.jar!/assets/sounds/hit.wav
19:47:27.910 [JavaFX Application Thread] DEBUG FXGLAssetLoaderServi - Loading from file system: jar:file:/E:/faks/sve_za_igru/Brickout/out/artifacts/Brickout_jar/Brickout.jar!/assets/textures/brick_blue_cracked.png
19:47:29.390 [JavaFX Application Thread] DEBUG FXGLApplication      - Exiting FXGL
19:47:29.390 [JavaFX Application Thread] DEBUG LoopRunner           - Stopping loop
19:47:29.390 [JavaFX Application Thread] DEBUG SystemBundleService  - Saving FXGL system data
19:47:29.394 [JavaFX Application Thread] DEBUG FileSystemAccess     - Writing to: E:\faks\sve_za_igru\Brickout\out\artifacts\Brickout_jar\system\fxgl.bundle
19:47:29.397 [JavaFX Application Thread] DEBUG Async                - Shutting down background threads
19:47:29.397 [JavaFX Application Thread] DEBUG PrimaryStageWindow   - Closing main window
19:47:29.428 [JavaFX Application Thread] DEBUG Logger               - Closing Logger
