13:13:45.421 [main                     ] DEBUG Logger               - Configured Logger
13:13:45.463 [main                     ] DEBUG GameApplication      - Logging settings
Title: FXGL Brickout
Version: 0.0
Width: 1344
Height: 704
Fullscreen: false
Intro: false
Profiling: false
Single step:false
App Mode: DEVELOPER
Menu Key: ESCAPE
Stage Style: DECORATED
Scene Factory: class game.brickout.BrickoutApp$1

13:13:48.648 [JavaFX Application Thread] DEBUG FXGLApplication      - Initializing FXGL
13:13:48.655 [JavaFX Application Thread] INFO  Engine               - FXGL-dev-SNAPSHOT (10.03.2021 13.16) on WINDOWS (J:15 FX:15)
13:13:48.661 [JavaFX Application Thread] DEBUG Engine               - JRE Vendor Name: Oracle Corporation
13:13:48.661 [JavaFX Application Thread] DEBUG Engine               - Running on OS: Windows 10 version 10.0
13:13:48.663 [JavaFX Application Thread] DEBUG Engine               - Architecture: amd64
13:13:48.664 [JavaFX Application Thread] INFO  Engine               - Source code and latest versions at: https://github.com/AlmasB/FXGL
13:13:48.665 [JavaFX Application Thread] INFO  Engine               -              Join the FXGL chat at: https://gitter.im/AlmasB/FXGL
13:13:50.315 [JavaFX Application Thread] DEBUG PrimaryStageWindow   - Creating a JavaFX scene
13:13:50.769 [JavaFX Application Thread] DEBUG PrimaryStageWindow   - Target settings size: 1344.0 x 704.0
13:13:50.773 [JavaFX Application Thread] DEBUG PrimaryStageWindow   - Scaled scene size:    1344.0 x 704.0
13:13:50.774 [JavaFX Application Thread] DEBUG PrimaryStageWindow   - Scaled ratio: (1.0, 1.0)
13:13:50.780 [JavaFX Application Thread] DEBUG PrimaryStageWindow   - Set initial scene to StartUpScene
13:13:50.832 [JavaFX Application Thread] DEBUG PrimaryStageWindow   - Opening main window
13:13:51.446 [JavaFX Application Thread] DEBUG PrimaryStageWindow   - Window border size: (16.0, 39.0)
13:13:51.446 [JavaFX Application Thread] DEBUG PrimaryStageWindow   - Scaled size: 1344.0 x 704.0
13:13:51.447 [JavaFX Application Thread] DEBUG PrimaryStageWindow   - Scaled ratio: (1.0, 1.0)
13:13:51.447 [JavaFX Application Thread] DEBUG PrimaryStageWindow   - Scene size: 1344.0 x 704.0
13:13:51.448 [JavaFX Application Thread] DEBUG PrimaryStageWindow   - Stage size: 1360.0 x 743.0
13:13:51.611 [FXGL Background Thread 1 ] DEBUG Engine               - Initializing environment variables
13:13:51.875 [FXGL Background Thread 1 ] DEBUG FXGLAssetLoaderServi - User app class for loading assets: class game.brickout.BrickoutApp
13:13:51.876 [FXGL Background Thread 1 ] DEBUG GameApplicationServi - Applying CSS: fxgl_dark.css
13:13:51.879 [FXGL Background Thread 1 ] DEBUG FXGLAssetLoaderServi - Loading from file system: jar:file:/C:/Users/Ivan/.m2/repository/com/github/almasb/fxgl/dev-SNAPSHOT/fxgl-dev-20210310.131736-1703.jar!/fxglassets/ui/css/fxgl_dark.css
13:13:52.390 [FXGL Background Thread 1 ] DEBUG GameApplicationServi - Initializing application scenes
13:13:52.637 [FXGL Background Thread 1 ] DEBUG GameWorld            - Game world initialized
13:13:53.310 [FXGL Background Thread 1 ] DEBUG PhysicsWorld         - Physics world initialized: appHeight=704, physics.ppm=50.0
13:13:53.326 [FXGL Background Thread 1 ] DEBUG PhysicsWorld         - Using strategy: BRUTE_FORCE
13:13:53.376 [FXGL Background Thread 1 ] DEBUG GameScene            - Game scene initialized: 1344x704
13:13:53.526 [FXGL Background Thread 1 ] DEBUG FXGLAssetLoaderServi - Loading from file system: file:/E:/faks/sve_za_igru/Brickout/target/classes/assets/textures/background/universe.jpg
13:13:53.773 [FXGL Background Thread 1 ] DEBUG FXGLAssetLoaderServi - Loading from file system: file:/E:/faks/sve_za_igru/Brickout/target/classes/assets/textures/particles/trace_horizontal.png
13:13:53.904 [FXGL Background Thread 1 ] DEBUG FXGL.DefaultMenu     - createMenuBodyGameMenu()
13:13:53.950 [FXGL Background Thread 1 ] DEBUG FXGL.DefaultMenu     - createOptionsMenu()
13:13:53.971 [FXGL Background Thread 1 ] DEBUG FXGLAssetLoaderServi - Loading from file system: jar:file:/C:/Users/Ivan/.m2/repository/com/github/almasb/fxgl/dev-SNAPSHOT/fxgl-dev-20210310.131736-1703.jar!/fxglassets/textures/particles/smoke.png
13:13:54.344 [FXGL Background Thread 1 ] DEBUG GameApplicationServi - Application scenes initialized
13:13:54.405 [FXGL Background Thread 1 ] DEBUG SystemBundleService  - Loading FXGL system data
13:13:54.421 [FXGL Background Thread 1 ] DEBUG FileSystemAccess     - Reading from: E:\faks\sve_za_igru\Brickout\system\fxgl.bundle
13:13:54.440 [FXGL Background Thread 1 ] DEBUG SystemBundleService  - Bundle FXGL: {}
13:13:54.440 [FXGL Background Thread 1 ] DEBUG UpdaterService       - Checking for updates
13:13:54.593 [FXGL Background Thread 1 ] DEBUG FXGLApplication      - Loading default localization
13:13:54.595 [FXGL Background Thread 1 ] DEBUG FXGLAssetLoaderServi - Loading from file system: jar:file:/C:/Users/Ivan/.m2/repository/com/github/almasb/fxgl/dev-SNAPSHOT/fxgl-dev-20210310.131736-1703.jar!/fxglassets/languages/english.lang
13:13:54.599 [FXGL Background Thread 4 ] DEBUG FXGLApplication      - Loading fonts
13:13:54.600 [FXGL Background Thread 4 ] DEBUG FXGLAssetLoaderServi - Loading from file system: file:/E:/faks/sve_za_igru/Brickout/target/classes/assets/ui/fonts/plaguard.otf
13:13:54.669 [FXGL Background Thread 1 ] INFO  FXGLApplication      - FXGL initialization took: 3.058 sec
13:13:54.714 [JavaFX Application Thread] DEBUG Input                - Registered new binding: Move Left - A
13:13:54.717 [JavaFX Application Thread] DEBUG Input                - Registered new binding: Move Right - D
13:13:54.720 [JavaFX Application Thread] DEBUG Input                - Registered new binding: Escape - Esc
13:13:54.721 [JavaFX Application Thread] DEBUG Input                - Registered new binding: Fire Ball - Space
13:13:54.721 [JavaFX Application Thread] DEBUG Input                - Registered new binding: Angle - X
13:13:54.722 [JavaFX Application Thread] DEBUG FXGLAssetLoaderServi - Loading from file system: file:/E:/faks/sve_za_igru/Brickout/target/classes/assets/music/BGM.mp3
13:13:55.112 [FXGL Background Thread 4 ] DEBUG FXGLAssetLoaderServi - Loading from file system: jar:file:/C:/Users/Ivan/.m2/repository/com/github/almasb/fxgl/dev-SNAPSHOT/fxgl-dev-20210310.131736-1703.jar!/fxglassets/ui/fonts/Abel-Regular.ttf
13:13:55.150 [FXGL Background Thread 4 ] DEBUG FXGLAssetLoaderServi - Loading from file system: jar:file:/C:/Users/Ivan/.m2/repository/com/github/almasb/fxgl/dev-SNAPSHOT/fxgl-dev-20210310.131736-1703.jar!/fxglassets/ui/fonts/lucida_console.ttf
13:13:55.178 [FXGL Background Thread 4 ] DEBUG FXGLAssetLoaderServi - Loading from file system: jar:file:/C:/Users/Ivan/.m2/repository/com/github/almasb/fxgl/dev-SNAPSHOT/fxgl-dev-20210310.131736-1703.jar!/fxglassets/ui/fonts/Courier-Prime.ttf
13:13:55.212 [JavaFX Application Thread] DEBUG AudioPlayer          - Playing music com.almasb.fxgl.audio.Music@78e20fd3
13:13:55.213 [JavaFX Application Thread] DEBUG FXGLAssetLoaderServi - Loading from file system: file:/E:/faks/sve_za_igru/Brickout/target/classes/assets/textures/icon/icon.png
13:13:55.237 [JavaFX Application Thread] DEBUG FXGLAssetLoaderServi - Loading from file system: jar:file:/C:/Users/Ivan/.m2/repository/com/github/almasb/fxgl/dev-SNAPSHOT/fxgl-dev-20210310.131736-1703.jar!/fxglassets/ui/cursors/fxgl_default.png
13:13:55.243 [JavaFX Application Thread] DEBUG Input                - Registered new binding: Screenshot - P
13:13:55.244 [JavaFX Application Thread] DEBUG Input                - Registered new binding: Dev Options - 1
13:13:55.245 [JavaFX Application Thread] DEBUG Input                - Registered new binding: Dev Console - 2
13:13:55.247 [JavaFX Application Thread] DEBUG Input                - Registered new binding: System info dump - CTRL+9
13:13:55.249 [JavaFX Application Thread] DEBUG Input                - Registered new binding: Restart - CTRL+R
13:13:55.253 [JavaFX Application Thread] DEBUG Input                - Registered new binding: Toggle Debug Camera - CTRL+C
13:13:55.263 [JavaFX Application Thread] DEBUG LoopRunner           - Starting loop
13:13:55.344 [JavaFX Application Thread] DEBUG LoopRunner           - Initializing JavaFX AnimationTimerLoop
13:13:55.352 [JavaFX Application Thread] DEBUG Input                - Clearing active input actions
13:13:55.377 [JavaFX Application Thread] DEBUG GameApplicationServi - Removing overlay from StartUpScene and adding to FXGLMainMenuDummyScene
13:13:55.393 [JavaFX Application Thread] DEBUG PrimaryStageWindow   - StartUpScene -> FXGLMainMenuDummyScene
13:13:55.393 [JavaFX Application Thread] DEBUG PrimaryStageWindow   - Push state: AppMainMenu
13:13:55.394 [JavaFX Application Thread] DEBUG Input                - Clearing active input actions
13:13:55.400 [JavaFX Application Thread] DEBUG GameApplicationServi - Removing overlay from FXGLMainMenuDummyScene and adding to AppMainMenu
13:13:55.404 [JavaFX Application Thread] DEBUG PrimaryStageWindow   - FXGLMainMenuDummyScene -> AppMainMenu
13:13:55.725 [FXGL Background Thread 2 ] INFO  UpdaterService       - Your current version:  dev-SNAPSHOT
13:13:55.726 [FXGL Background Thread 2 ] INFO  UpdaterService       - Latest stable version: 11.14
13:13:55.985 [JavaFX Application Thread] DEBUG FXGLApplication      - Registering font factories with UI factory
13:13:56.809 [JavaFX Application Thread] DEBUG Menu                 - fireNewGame()
13:13:56.810 [JavaFX Application Thread] DEBUG GameApplicationServi - Starting new game
13:13:56.810 [JavaFX Application Thread] DEBUG PrimaryStageWindow   - Pop state: AppMainMenu
13:13:56.811 [JavaFX Application Thread] DEBUG Input                - Clearing active input actions
13:13:56.814 [JavaFX Application Thread] DEBUG GameApplicationServi - Removing overlay from AppMainMenu and adding to FXGLMainMenuDummyScene
13:13:56.818 [JavaFX Application Thread] DEBUG PrimaryStageWindow   - FXGLMainMenuDummyScene <- AppMainMenu
13:13:56.819 [JavaFX Application Thread] DEBUG Input                - Clearing active input actions
13:13:56.835 [JavaFX Application Thread] DEBUG GameApplicationServi - Removing overlay from FXGLMainMenuDummyScene and adding to LoadingScreen
13:13:56.837 [JavaFX Application Thread] DEBUG PrimaryStageWindow   - FXGLMainMenuDummyScene -> LoadingScreen
13:13:56.837 [JavaFX Application Thread] DEBUG GameApplicationServi - Clearing previous game
13:13:56.838 [JavaFX Application Thread] DEBUG GameScene            - Clearing game scene
13:13:56.838 [JavaFX Application Thread] DEBUG GameWorld            - Clearing game world
13:13:56.839 [JavaFX Application Thread] DEBUG PhysicsWorld         - Clearing physics world
13:13:56.842 [FXGL Background Thread 2 ] DEBUG FXGLApplication      - Initializing game
13:13:56.948 [FXGL Background Thread 2 ] WARN  TMXLevelLoader       - TiledMap generated from 1.4.3. Supported version: 1.2.3. Some features may not be parsed fully.
13:13:56.985 [FXGL Background Thread 2 ] DEBUG TMXLevelLoader       - Parsed raw map: TiledMap(width=14, height=22, tilewidth=96, tileheight=32, orientation=orthogonal, layers=[Layer(width=0, height=0, name=brick_layer, type=objectgroup, visible=false, x=0, y=0, data=[], objects=[com.almasb.fxgl.entity.level.tiled.TiledObject@e4c075f, com.almasb.fxgl.entity.level.tiled.TiledObject@14dcaeca, com.almasb.fxgl.entity.level.tiled.TiledObject@5f848103, com.almasb.fxgl.entity.level.tiled.TiledObject@2ec9999b, com.almasb.fxgl.entity.level.tiled.TiledObject@40d105e2, com.almasb.fxgl.entity.level.tiled.TiledObject@310a49cc, com.almasb.fxgl.entity.level.tiled.TiledObject@4afd4a77, com.almasb.fxgl.entity.level.tiled.TiledObject@281a17f2, com.almasb.fxgl.entity.level.tiled.TiledObject@60acf906, com.almasb.fxgl.entity.level.tiled.TiledObject@30b98f6, com.almasb.fxgl.entity.level.tiled.TiledObject@2385d412, com.almasb.fxgl.entity.level.tiled.TiledObject@5bd8e217, com.almasb.fxgl.entity.level.tiled.TiledObject@5cbb44a3, com.almasb.fxgl.entity.level.tiled.TiledObject@3a8abea], opacity=0.0, draworder=)], tilesets=[Tileset(firstgid=1, image=brick_blue.png, name=brick_blue, tilewidth=96, tileheight=32, imagewidth=96, imageheight=32, margin=0, spacing=0, columns=1, tilecount=1, transparentcolor=, tiles=[])], backgroundcolor=, renderorder=right-down, nextobjectid=16, version=1, tiledversion=1.4.3, type=map, infinite=false, hexsidelength=0, staggeraxis=, staggerindex=, properties={}, propertytypes={})
13:13:56.987 [FXGL Background Thread 2 ] DEBUG TMXLevelLoader       - Creating tile layer entities
13:13:56.988 [FXGL Background Thread 2 ] DEBUG TMXLevelLoader       - Creating object layer entities
13:13:57.065 [FXGL Background Thread 2 ] DEBUG GameWorld            - Clearing removable entities
13:13:57.066 [FXGL Background Thread 2 ] DEBUG GameWorld            - Setting level: com.almasb.fxgl.entity.level.Level@40e9fa9d
13:13:57.091 [FXGL Background Thread 2 ] DEBUG FXGLAssetLoaderServi - Loading from file system: file:/E:/faks/sve_za_igru/Brickout/target/classes/assets/textures/bat.png
13:13:57.121 [FXGL Background Thread 2 ] DEBUG FXGLAssetLoaderServi - Loading from file system: file:/E:/faks/sve_za_igru/Brickout/target/classes/assets/textures/ball.png
13:13:57.162 [FXGL Background Thread 2 ] DEBUG FXGLAssetLoaderServi - Loading from file system: file:/E:/faks/sve_za_igru/Brickout/target/classes/assets/textures/background/as1.jpg
13:13:57.586 [FXGL Background Thread 3 ] DEBUG Engine               - Logging environment variables
13:13:57.587 [FXGL Background Thread 3 ] DEBUG Engine               - achievements: []
13:13:57.588 [FXGL Background Thread 3 ] DEBUG Engine               - actualHeight: 704.0
13:13:57.588 [FXGL Background Thread 3 ] DEBUG Engine               - actualHeightProperty: ReadOnlyDoubleProperty [value: 704.0]
13:13:57.589 [FXGL Background Thread 3 ] DEBUG Engine               - actualWidth: 1344.0
13:13:57.594 [FXGL Background Thread 3 ] DEBUG Engine               - actualWidthProperty: ReadOnlyDoubleProperty [value: 1344.0]
13:13:57.595 [FXGL Background Thread 3 ] DEBUG Engine               - appIcon: icon/icon.png
13:13:57.595 [FXGL Background Thread 3 ] DEBUG Engine               - applicationMode: DEVELOPER
13:13:57.595 [FXGL Background Thread 3 ] DEBUG Engine               - cSSList: [fxgl_dark.css]
13:13:57.596 [FXGL Background Thread 3 ] DEBUG Engine               - collisionDetectionStrategy: BRUTE_FORCE
13:13:57.596 [FXGL Background Thread 3 ] DEBUG Engine               - configClass: Optional.empty
13:13:57.596 [FXGL Background Thread 3 ] DEBUG Engine               - credits: []
13:13:57.597 [FXGL Background Thread 3 ] DEBUG Engine               - devBBoxColorProperty: ObjectProperty [value: 0xff0000ff]
13:13:57.598 [FXGL Background Thread 3 ] DEBUG Engine               - devEnableDebugCameraProperty: BooleanProperty [value: false]
13:13:57.599 [FXGL Background Thread 3 ] DEBUG Engine               - devSensorColorProperty: ObjectProperty [value: 0xffff00ff]
13:13:57.599 [FXGL Background Thread 3 ] DEBUG Engine               - devShowBBoxProperty: BooleanProperty [value: false]
13:13:57.599 [FXGL Background Thread 3 ] DEBUG Engine               - devShowPositionProperty: BooleanProperty [value: false]
13:13:57.600 [FXGL Background Thread 3 ] DEBUG Engine               - enabledMenuItems: []
13:13:57.600 [FXGL Background Thread 3 ] DEBUG Engine               - engineServices: [class com.almasb.fxgl.app.services.FXGLAssetLoaderService, class com.almasb.fxgl.app.FXGLApplication$GameApplicationService, class com.almasb.fxgl.app.services.FXGLDialogService, class com.almasb.fxgl.app.services.IOTaskExecutorService, class com.almasb.fxgl.event.EventBusService, class com.almasb.fxgl.io.FileSystemService, class com.almasb.fxgl.localization.LocalizationService, class com.almasb.fxgl.app.services.SystemBundleService, class com.almasb.fxgl.profile.SaveLoadService, class com.almasb.fxgl.ui.FXGLUIFactoryServiceProvider, class com.almasb.fxgl.ui.FXGLDialogFactoryServiceProvider, class com.almasb.fxgl.audio.AudioPlayer, class com.almasb.fxgl.notification.impl.NotificationServiceProvider, class com.almasb.fxgl.achievement.AchievementService, class com.almasb.fxgl.cutscene.CutsceneService, class com.almasb.fxgl.minigames.MiniGameService, class com.almasb.fxgl.net.NetService, class com.almasb.fxgl.app.services.UpdaterService, class com.almasb.fxgl.dev.DevService]
13:13:57.601 [FXGL Background Thread 3 ] DEBUG Engine               - fontGame: Abel-Regular.ttf
13:13:57.607 [FXGL Background Thread 3 ] DEBUG Engine               - fontMono: lucida_console.ttf
13:13:57.608 [FXGL Background Thread 3 ] DEBUG Engine               - fontText: Courier-Prime.ttf
13:13:57.608 [FXGL Background Thread 3 ] DEBUG Engine               - fontUI: plaguard.otf
13:13:57.608 [FXGL Background Thread 3 ] DEBUG Engine               - fullScreen: BooleanProperty [value: false]
13:13:57.608 [FXGL Background Thread 3 ] DEBUG Engine               - gameDifficulty: MEDIUM
13:13:57.608 [FXGL Background Thread 3 ] DEBUG Engine               - gameDifficultyProperty: ObjectProperty [value: MEDIUM]
13:13:57.609 [FXGL Background Thread 3 ] DEBUG Engine               - globalMusicVolume: 0.5
13:13:57.609 [FXGL Background Thread 3 ] DEBUG Engine               - globalMusicVolumeProperty: DoubleProperty [value: 0.0]
13:13:57.611 [FXGL Background Thread 3 ] DEBUG Engine               - globalSoundVolume: 0.5
13:13:57.611 [FXGL Background Thread 3 ] DEBUG Engine               - globalSoundVolumeProperty: DoubleProperty [value: 0.2]
13:13:57.612 [FXGL Background Thread 3 ] DEBUG Engine               - height: 704
13:13:57.612 [FXGL Background Thread 3 ] DEBUG Engine               - isAndroid: false
13:13:57.612 [FXGL Background Thread 3 ] DEBUG Engine               - isBrowser: false
13:13:57.613 [FXGL Background Thread 3 ] DEBUG Engine               - isClickFeedbackEnabled: false
13:13:57.613 [FXGL Background Thread 3 ] DEBUG Engine               - isCloseConfirmation: false
13:13:57.634 [FXGL Background Thread 3 ] DEBUG Engine               - isDesktop: true
13:13:57.634 [FXGL Background Thread 3 ] DEBUG Engine               - isDeveloperMenuEnabled: true
13:13:57.635 [FXGL Background Thread 3 ] DEBUG Engine               - isEntityPreloadEnabled: true
13:13:57.635 [FXGL Background Thread 3 ] DEBUG Engine               - isExperimental3D: false
13:13:57.635 [FXGL Background Thread 3 ] DEBUG Engine               - isExperimentalNative: false
13:13:57.636 [FXGL Background Thread 3 ] DEBUG Engine               - isExperimentalTiledLargeMap: false
13:13:57.636 [FXGL Background Thread 3 ] DEBUG Engine               - isFileSystemWriteAllowed: true
13:13:57.636 [FXGL Background Thread 3 ] DEBUG Engine               - isFullScreenAllowed: false
13:13:57.637 [FXGL Background Thread 3 ] DEBUG Engine               - isFullScreenFromStart: false
13:13:57.637 [FXGL Background Thread 3 ] DEBUG Engine               - isGameMenuEnabled: true
13:13:57.637 [FXGL Background Thread 3 ] DEBUG Engine               - isIOS: false
13:13:57.638 [FXGL Background Thread 3 ] DEBUG Engine               - isIntroEnabled: false
13:13:57.638 [FXGL Background Thread 3 ] DEBUG Engine               - isLinux: false
13:13:57.639 [FXGL Background Thread 3 ] DEBUG Engine               - isMac: false
13:13:57.639 [FXGL Background Thread 3 ] DEBUG Engine               - isMainMenuEnabled: true
13:13:57.641 [FXGL Background Thread 3 ] DEBUG Engine               - isManualResizeEnabled: true
13:13:57.652 [FXGL Background Thread 3 ] DEBUG Engine               - isMobile: false
13:13:57.653 [FXGL Background Thread 3 ] DEBUG Engine               - isPreserveResizeRatio: true
13:13:57.654 [FXGL Background Thread 3 ] DEBUG Engine               - isProfilingEnabled: false
13:13:57.654 [FXGL Background Thread 3 ] DEBUG Engine               - isScaleAffectedOnResize: true
13:13:57.654 [FXGL Background Thread 3 ] DEBUG Engine               - isSingleStep: false
13:13:57.655 [FXGL Background Thread 3 ] DEBUG Engine               - isUserProfileEnabled: false
13:13:57.655 [FXGL Background Thread 3 ] DEBUG Engine               - isWindows: true
13:13:57.656 [FXGL Background Thread 3 ] DEBUG Engine               - language: ObjectProperty [value: ENGLISH]
13:13:57.656 [FXGL Background Thread 3 ] DEBUG Engine               - menuKey: ESCAPE
13:13:57.656 [FXGL Background Thread 3 ] DEBUG Engine               - notificationViewClass: class com.almasb.fxgl.notification.view.XboxNotificationView
13:13:57.657 [FXGL Background Thread 3 ] DEBUG Engine               - pixelsPerMeter: 50.0
13:13:57.657 [FXGL Background Thread 3 ] DEBUG Engine               - platform: WINDOWS
13:13:57.658 [FXGL Background Thread 3 ] DEBUG Engine               - prefHeightProperty: ReadOnlyDoubleProperty [value: 704.0]
13:13:57.659 [FXGL Background Thread 3 ] DEBUG Engine               - prefWidthProperty: ReadOnlyDoubleProperty [value: 1344.0]
13:13:57.659 [FXGL Background Thread 3 ] DEBUG Engine               - profileDir: profiles/
13:13:57.661 [FXGL Background Thread 3 ] DEBUG Engine               - profileName: StringProperty [value: DEFAULT]
13:13:57.662 [FXGL Background Thread 3 ] DEBUG Engine               - randomSeed: -1
13:13:57.664 [FXGL Background Thread 3 ] DEBUG Engine               - runtimeInfo: RuntimeInfo(platform=WINDOWS, version=dev-SNAPSHOT, build=10.03.2021 13.16)
13:13:57.664 [FXGL Background Thread 3 ] DEBUG Engine               - saveFileExt: sav
13:13:57.665 [FXGL Background Thread 3 ] DEBUG Engine               - scaledHeightProp$fxgl: DoubleProperty [bound, value: 704.0]
13:13:57.665 [FXGL Background Thread 3 ] DEBUG Engine               - scaledWidthProp$fxgl: DoubleProperty [bound, value: 1344.0]
13:13:57.666 [FXGL Background Thread 3 ] DEBUG Engine               - sceneFactory: game.brickout.BrickoutApp$1@138d4ace
13:13:57.666 [FXGL Background Thread 3 ] DEBUG Engine               - secondsIn24h: 60
13:13:57.667 [FXGL Background Thread 3 ] DEBUG Engine               - soundMenuBack: menu/back.wav
13:13:57.667 [FXGL Background Thread 3 ] DEBUG Engine               - soundMenuPress: menu/press.wav
13:13:57.668 [FXGL Background Thread 3 ] DEBUG Engine               - soundMenuSelect: menu/select.wav
13:13:57.668 [FXGL Background Thread 3 ] DEBUG Engine               - soundNotification: core/notification.wav
13:13:57.668 [FXGL Background Thread 3 ] DEBUG Engine               - stageStyle: DECORATED
13:13:57.668 [FXGL Background Thread 3 ] DEBUG Engine               - supportedLanguages: [ENGLISH, FRENCH, GERMAN, HUNGARIAN, RUSSIAN]
13:13:57.669 [FXGL Background Thread 3 ] DEBUG Engine               - ticksPerSecond: -1
13:13:57.669 [FXGL Background Thread 3 ] DEBUG Engine               - title: FXGL Brickout
13:13:57.671 [FXGL Background Thread 3 ] DEBUG Engine               - urlGithub: https://github.com/AlmasB/FXGL
13:13:57.672 [FXGL Background Thread 3 ] DEBUG Engine               - urlLeaderboard: http://fxgl-top.herokuapp.com/
13:13:57.672 [FXGL Background Thread 3 ] DEBUG Engine               - urlPOM: https://raw.githubusercontent.com/AlmasB/FXGL/release/README.md
13:13:57.672 [FXGL Background Thread 3 ] DEBUG Engine               - userAppClass: class game.brickout.BrickoutApp
13:13:57.672 [FXGL Background Thread 3 ] DEBUG Engine               - version: 0.0
13:13:57.673 [FXGL Background Thread 3 ] DEBUG Engine               - versionCheckDays: 7
13:13:57.673 [FXGL Background Thread 3 ] DEBUG Engine               - width: 1344
13:13:57.673 [FXGL Background Thread 3 ] DEBUG Engine               - Logging services
13:13:57.673 [FXGL Background Thread 3 ] DEBUG Engine               - class com.almasb.fxgl.app.services.FXGLAssetLoaderService
13:13:57.674 [FXGL Background Thread 3 ] DEBUG Engine               - class com.almasb.fxgl.app.FXGLApplication$GameApplicationService
13:13:57.674 [FXGL Background Thread 3 ] DEBUG Engine               - class com.almasb.fxgl.app.services.FXGLDialogService
13:13:57.674 [FXGL Background Thread 3 ] DEBUG Engine               - class com.almasb.fxgl.app.services.IOTaskExecutorService
13:13:57.674 [FXGL Background Thread 3 ] DEBUG Engine               - class com.almasb.fxgl.event.EventBusService
13:13:57.675 [FXGL Background Thread 3 ] DEBUG Engine               - class com.almasb.fxgl.io.FileSystemService
13:13:57.675 [FXGL Background Thread 3 ] DEBUG Engine               - class com.almasb.fxgl.localization.LocalizationService
13:13:57.675 [FXGL Background Thread 3 ] DEBUG Engine               - class com.almasb.fxgl.app.services.SystemBundleService
13:13:57.681 [FXGL Background Thread 3 ] DEBUG Engine               - class com.almasb.fxgl.profile.SaveLoadService
13:13:57.682 [FXGL Background Thread 3 ] DEBUG Engine               - class com.almasb.fxgl.ui.FXGLUIFactoryServiceProvider
13:13:57.682 [FXGL Background Thread 3 ] DEBUG Engine               - class com.almasb.fxgl.ui.FXGLDialogFactoryServiceProvider
13:13:57.682 [FXGL Background Thread 3 ] DEBUG Engine               - class com.almasb.fxgl.audio.AudioPlayer
13:13:57.683 [FXGL Background Thread 3 ] DEBUG Engine               - class com.almasb.fxgl.notification.impl.NotificationServiceProvider
13:13:57.683 [FXGL Background Thread 3 ] DEBUG Engine               - class com.almasb.fxgl.achievement.AchievementService
13:13:57.683 [FXGL Background Thread 3 ] DEBUG Engine               - class com.almasb.fxgl.cutscene.CutsceneService
13:13:57.683 [FXGL Background Thread 3 ] DEBUG Engine               - class com.almasb.fxgl.minigames.MiniGameService
13:13:57.688 [FXGL Background Thread 3 ] DEBUG Engine               - class com.almasb.fxgl.net.NetService
13:13:57.688 [FXGL Background Thread 3 ] DEBUG Engine               - class com.almasb.fxgl.app.services.UpdaterService
13:13:57.689 [FXGL Background Thread 3 ] DEBUG Engine               - class com.almasb.fxgl.dev.DevService
13:13:57.729 [FXGL Background Thread 2 ] INFO  FXGLApplication      - Game initialization took: 0.886 sec
13:13:57.750 [JavaFX Application Thread] DEBUG Input                - Clearing active input actions
13:13:57.772 [JavaFX Application Thread] DEBUG GameApplicationServi - Removing overlay from LoadingScreen and adding to GameScene
13:13:57.782 [JavaFX Application Thread] DEBUG PrimaryStageWindow   - LoadingScreen -> GameScene
13:13:59.528 [JavaFX Application Thread] DEBUG FXGLAssetLoaderServi - Loading from file system: file:/E:/faks/sve_za_igru/Brickout/target/classes/assets/textures/particles/moje.png
13:13:59.673 [JavaFX Application Thread] DEBUG PrimaryStageWindow   - Push state: NewLevelSubScene
13:13:59.673 [JavaFX Application Thread] DEBUG Input                - Clearing active input actions
13:13:59.674 [JavaFX Application Thread] DEBUG GameApplicationServi - Removing overlay from GameScene and adding to NewLevelSubScene
13:13:59.679 [JavaFX Application Thread] DEBUG PrimaryStageWindow   - GameScene -> NewLevelSubScene
13:14:01.665 [JavaFX Application Thread] DEBUG PrimaryStageWindow   - Pop state: NewLevelSubScene
13:14:01.666 [JavaFX Application Thread] DEBUG Input                - Clearing active input actions
13:14:01.668 [JavaFX Application Thread] DEBUG GameApplicationServi - Removing overlay from NewLevelSubScene and adding to GameScene
13:14:01.670 [JavaFX Application Thread] DEBUG PrimaryStageWindow   - GameScene <- NewLevelSubScene
13:14:08.114 [JavaFX Application Thread] DEBUG FXGLAssetLoaderServi - Loading from file system: file:/E:/faks/sve_za_igru/Brickout/target/classes/assets/sounds/hit.wav
13:14:08.199 [JavaFX Application Thread] DEBUG FXGLAssetLoaderServi - Loading from file system: file:/E:/faks/sve_za_igru/Brickout/target/classes/assets/textures/brick_blue_cracked.png
13:14:14.723 [JavaFX Application Thread] DEBUG FXGLApplication      - Exiting FXGL
13:14:14.723 [JavaFX Application Thread] DEBUG LoopRunner           - Stopping loop
13:14:14.723 [JavaFX Application Thread] DEBUG SystemBundleService  - Saving FXGL system data
13:14:14.727 [JavaFX Application Thread] DEBUG FileSystemAccess     - Writing to: E:\faks\sve_za_igru\Brickout\system\fxgl.bundle
13:14:14.731 [JavaFX Application Thread] DEBUG Async                - Shutting down background threads
13:14:14.731 [JavaFX Application Thread] DEBUG PrimaryStageWindow   - Closing main window
13:14:14.757 [JavaFX Application Thread] DEBUG Logger               - Closing Logger
