12:52:42.647 [main                     ] DEBUG Logger               - Configured Logger
12:52:42.671 [main                     ] DEBUG GameApplication      - Logging settings
Title: FXGL Brickout
Version: 0.0
Width: 1344
Height: 704
Fullscreen: false
Intro: false
Profiling: false
Single step:false
App Mode: DEVELOPER
Menu Key: ESCAPE
Stage Style: DECORATED
Scene Factory: class game.brickout.BrickoutApp$1

12:52:46.725 [JavaFX Application Thread] DEBUG FXGLApplication      - Initializing FXGL
12:52:46.731 [JavaFX Application Thread] INFO  Engine               - FXGL-dev-SNAPSHOT (10.03.2021 13.16) on WINDOWS (J:15 FX:15)
12:52:46.732 [JavaFX Application Thread] DEBUG Engine               - JRE Vendor Name: Oracle Corporation
12:52:46.733 [JavaFX Application Thread] DEBUG Engine               - Running on OS: Windows 10 version 10.0
12:52:46.735 [JavaFX Application Thread] DEBUG Engine               - Architecture: amd64
12:52:46.735 [JavaFX Application Thread] INFO  Engine               - Source code and latest versions at: https://github.com/AlmasB/FXGL
12:52:46.736 [JavaFX Application Thread] INFO  Engine               -              Join the FXGL chat at: https://gitter.im/AlmasB/FXGL
12:52:47.345 [JavaFX Application Thread] DEBUG PrimaryStageWindow   - Creating a JavaFX scene
12:52:47.504 [JavaFX Application Thread] DEBUG PrimaryStageWindow   - Target settings size: 1344.0 x 704.0
12:52:47.506 [JavaFX Application Thread] DEBUG PrimaryStageWindow   - Scaled scene size:    1344.0 x 704.0
12:52:47.508 [JavaFX Application Thread] DEBUG PrimaryStageWindow   - Scaled ratio: (1.0, 1.0)
12:52:47.513 [JavaFX Application Thread] DEBUG PrimaryStageWindow   - Set initial scene to StartUpScene
12:52:47.545 [JavaFX Application Thread] DEBUG PrimaryStageWindow   - Opening main window
12:52:48.043 [JavaFX Application Thread] DEBUG PrimaryStageWindow   - Window border size: (16.0, 39.0)
12:52:48.044 [JavaFX Application Thread] DEBUG PrimaryStageWindow   - Scaled size: 1344.0 x 704.0
12:52:48.044 [JavaFX Application Thread] DEBUG PrimaryStageWindow   - Scaled ratio: (1.0, 1.0)
12:52:48.045 [JavaFX Application Thread] DEBUG PrimaryStageWindow   - Scene size: 1344.0 x 704.0
12:52:48.046 [JavaFX Application Thread] DEBUG PrimaryStageWindow   - Stage size: 1360.0 x 743.0
12:52:48.070 [FXGL Background Thread 1 ] DEBUG Engine               - Initializing environment variables
12:52:48.218 [FXGL Background Thread 1 ] DEBUG FXGLAssetLoaderServi - User app class for loading assets: class game.brickout.BrickoutApp
12:52:48.219 [FXGL Background Thread 1 ] DEBUG GameApplicationServi - Applying CSS: fxgl_dark.css
12:52:48.221 [FXGL Background Thread 1 ] DEBUG FXGLAssetLoaderServi - Loading from file system: jar:file:/C:/Users/Ivan/.m2/repository/com/github/almasb/fxgl/dev-SNAPSHOT/fxgl-dev-20210310.131736-1703.jar!/fxglassets/ui/css/fxgl_dark.css
12:52:48.387 [FXGL Background Thread 1 ] DEBUG GameApplicationServi - Initializing application scenes
12:52:48.492 [FXGL Background Thread 1 ] DEBUG GameWorld            - Game world initialized
12:52:48.713 [FXGL Background Thread 1 ] DEBUG PhysicsWorld         - Physics world initialized: appHeight=704, physics.ppm=50.0
12:52:48.713 [FXGL Background Thread 1 ] DEBUG PhysicsWorld         - Using strategy: BRUTE_FORCE
12:52:48.791 [FXGL Background Thread 1 ] DEBUG GameScene            - Game scene initialized: 1344x704
12:52:48.948 [FXGL Background Thread 1 ] DEBUG FXGLAssetLoaderServi - Loading from file system: file:/E:/faks/sve_za_igru/Brickout/target/classes/assets/textures/background/universe.jpg
12:52:49.225 [FXGL Background Thread 1 ] DEBUG FXGLAssetLoaderServi - Loading from file system: file:/E:/faks/sve_za_igru/Brickout/target/classes/assets/textures/particles/trace_horizontal.png
12:52:49.416 [FXGL Background Thread 1 ] DEBUG FXGL.DefaultMenu     - createMenuBodyGameMenu()
12:52:49.462 [FXGL Background Thread 1 ] DEBUG FXGL.DefaultMenu     - createOptionsMenu()
12:52:49.578 [FXGL Background Thread 1 ] DEBUG FXGLAssetLoaderServi - Loading from file system: jar:file:/C:/Users/Ivan/.m2/repository/com/github/almasb/fxgl/dev-SNAPSHOT/fxgl-dev-20210310.131736-1703.jar!/fxglassets/textures/particles/smoke.png
12:52:49.851 [FXGL Background Thread 1 ] DEBUG GameApplicationServi - Application scenes initialized
12:52:49.912 [FXGL Background Thread 1 ] DEBUG SystemBundleService  - Loading FXGL system data
12:52:49.930 [FXGL Background Thread 1 ] DEBUG FileSystemAccess     - Reading from: E:\faks\sve_za_igru\Brickout\system\fxgl.bundle
12:52:49.952 [FXGL Background Thread 1 ] DEBUG SystemBundleService  - Bundle FXGL: {}
12:52:49.955 [FXGL Background Thread 1 ] DEBUG UpdaterService       - Checking for updates
12:52:50.288 [FXGL Background Thread 1 ] DEBUG FXGLApplication      - Loading default localization
12:52:50.290 [FXGL Background Thread 1 ] DEBUG FXGLAssetLoaderServi - Loading from file system: jar:file:/C:/Users/Ivan/.m2/repository/com/github/almasb/fxgl/dev-SNAPSHOT/fxgl-dev-20210310.131736-1703.jar!/fxglassets/languages/english.lang
12:52:50.331 [FXGL Background Thread 1 ] INFO  FXGLApplication      - FXGL initialization took: 2.261 sec
12:52:50.350 [FXGL Background Thread 4 ] DEBUG FXGLApplication      - Loading fonts
12:52:50.356 [JavaFX Application Thread] DEBUG Input                - Registered new binding: Move Left - A
12:52:50.356 [JavaFX Application Thread] DEBUG Input                - Registered new binding: Move Right - D
12:52:50.357 [JavaFX Application Thread] DEBUG Input                - Registered new binding: Escape - Esc
12:52:50.357 [JavaFX Application Thread] DEBUG Input                - Registered new binding: Fire Ball - Space
12:52:50.355 [FXGL Background Thread 4 ] DEBUG FXGLAssetLoaderServi - Loading from file system: file:/E:/faks/sve_za_igru/Brickout/target/classes/assets/ui/fonts/plaguard.otf
12:52:50.358 [JavaFX Application Thread] DEBUG Input                - Registered new binding: Angle - X
12:52:50.359 [JavaFX Application Thread] DEBUG FXGLAssetLoaderServi - Loading from file system: file:/E:/faks/sve_za_igru/Brickout/target/classes/assets/music/BGM.mp3
12:52:50.875 [JavaFX Application Thread] DEBUG AudioPlayer          - Playing music com.almasb.fxgl.audio.Music@6016b8f6
12:52:50.877 [JavaFX Application Thread] DEBUG FXGLAssetLoaderServi - Loading from file system: file:/E:/faks/sve_za_igru/Brickout/target/classes/assets/textures/icon/icon.png
12:52:50.893 [JavaFX Application Thread] DEBUG FXGLAssetLoaderServi - Loading from file system: jar:file:/C:/Users/Ivan/.m2/repository/com/github/almasb/fxgl/dev-SNAPSHOT/fxgl-dev-20210310.131736-1703.jar!/fxglassets/ui/cursors/fxgl_default.png
12:52:50.899 [JavaFX Application Thread] DEBUG Input                - Registered new binding: Screenshot - P
12:52:50.901 [JavaFX Application Thread] DEBUG Input                - Registered new binding: Dev Options - 1
12:52:50.902 [JavaFX Application Thread] DEBUG Input                - Registered new binding: Dev Console - 2
12:52:50.904 [JavaFX Application Thread] DEBUG Input                - Registered new binding: System info dump - CTRL+9
12:52:50.905 [JavaFX Application Thread] DEBUG Input                - Registered new binding: Restart - CTRL+R
12:52:50.907 [JavaFX Application Thread] DEBUG Input                - Registered new binding: Toggle Debug Camera - CTRL+C
12:52:50.914 [JavaFX Application Thread] DEBUG LoopRunner           - Starting loop
12:52:50.952 [JavaFX Application Thread] DEBUG LoopRunner           - Initializing JavaFX AnimationTimerLoop
12:52:50.959 [JavaFX Application Thread] DEBUG Input                - Clearing active input actions
12:52:50.987 [JavaFX Application Thread] DEBUG GameApplicationServi - Removing overlay from StartUpScene and adding to FXGLMainMenuDummyScene
12:52:50.997 [JavaFX Application Thread] DEBUG PrimaryStageWindow   - StartUpScene -> FXGLMainMenuDummyScene
12:52:50.997 [JavaFX Application Thread] DEBUG PrimaryStageWindow   - Push state: AppMainMenu
12:52:50.998 [JavaFX Application Thread] DEBUG Input                - Clearing active input actions
12:52:51.002 [JavaFX Application Thread] DEBUG GameApplicationServi - Removing overlay from FXGLMainMenuDummyScene and adding to AppMainMenu
12:52:51.003 [JavaFX Application Thread] DEBUG PrimaryStageWindow   - FXGLMainMenuDummyScene -> AppMainMenu
12:52:51.250 [FXGL Background Thread 4 ] DEBUG FXGLAssetLoaderServi - Loading from file system: jar:file:/C:/Users/Ivan/.m2/repository/com/github/almasb/fxgl/dev-SNAPSHOT/fxgl-dev-20210310.131736-1703.jar!/fxglassets/ui/fonts/Abel-Regular.ttf
12:52:51.292 [FXGL Background Thread 4 ] DEBUG FXGLAssetLoaderServi - Loading from file system: jar:file:/C:/Users/Ivan/.m2/repository/com/github/almasb/fxgl/dev-SNAPSHOT/fxgl-dev-20210310.131736-1703.jar!/fxglassets/ui/fonts/lucida_console.ttf
12:52:51.322 [FXGL Background Thread 4 ] DEBUG FXGLAssetLoaderServi - Loading from file system: jar:file:/C:/Users/Ivan/.m2/repository/com/github/almasb/fxgl/dev-SNAPSHOT/fxgl-dev-20210310.131736-1703.jar!/fxglassets/ui/fonts/Courier-Prime.ttf
12:52:51.713 [JavaFX Application Thread] DEBUG FXGLApplication      - Registering font factories with UI factory
12:52:52.075 [FXGL Background Thread 2 ] INFO  UpdaterService       - Your current version:  dev-SNAPSHOT
12:52:52.076 [FXGL Background Thread 2 ] INFO  UpdaterService       - Latest stable version: 11.14
12:52:52.540 [JavaFX Application Thread] DEBUG Menu                 - fireNewGame()
12:52:52.542 [JavaFX Application Thread] DEBUG GameApplicationServi - Starting new game
12:52:52.543 [JavaFX Application Thread] DEBUG PrimaryStageWindow   - Pop state: AppMainMenu
12:52:52.543 [JavaFX Application Thread] DEBUG Input                - Clearing active input actions
12:52:52.546 [JavaFX Application Thread] DEBUG GameApplicationServi - Removing overlay from AppMainMenu and adding to FXGLMainMenuDummyScene
12:52:52.550 [JavaFX Application Thread] DEBUG PrimaryStageWindow   - FXGLMainMenuDummyScene <- AppMainMenu
12:52:52.551 [JavaFX Application Thread] DEBUG Input                - Clearing active input actions
12:52:52.571 [JavaFX Application Thread] DEBUG GameApplicationServi - Removing overlay from FXGLMainMenuDummyScene and adding to LoadingScreen
12:52:52.573 [JavaFX Application Thread] DEBUG PrimaryStageWindow   - FXGLMainMenuDummyScene -> LoadingScreen
12:52:52.573 [JavaFX Application Thread] DEBUG GameApplicationServi - Clearing previous game
12:52:52.574 [JavaFX Application Thread] DEBUG GameScene            - Clearing game scene
12:52:52.574 [JavaFX Application Thread] DEBUG GameWorld            - Clearing game world
12:52:52.575 [JavaFX Application Thread] DEBUG PhysicsWorld         - Clearing physics world
12:52:52.577 [FXGL Background Thread 2 ] DEBUG FXGLApplication      - Initializing game
12:52:52.773 [FXGL Background Thread 2 ] WARN  TMXLevelLoader       - TiledMap generated from 1.4.3. Supported version: 1.2.3. Some features may not be parsed fully.
12:52:52.817 [FXGL Background Thread 2 ] DEBUG TMXLevelLoader       - Parsed raw map: TiledMap(width=14, height=22, tilewidth=96, tileheight=32, orientation=orthogonal, layers=[Layer(width=0, height=0, name=brick_layer, type=objectgroup, visible=false, x=0, y=0, data=[], objects=[com.almasb.fxgl.entity.level.tiled.TiledObject@1f24b022, com.almasb.fxgl.entity.level.tiled.TiledObject@3304599e, com.almasb.fxgl.entity.level.tiled.TiledObject@5c6a43da, com.almasb.fxgl.entity.level.tiled.TiledObject@206f086f, com.almasb.fxgl.entity.level.tiled.TiledObject@1af009e0, com.almasb.fxgl.entity.level.tiled.TiledObject@b296b89, com.almasb.fxgl.entity.level.tiled.TiledObject@5d38da5, com.almasb.fxgl.entity.level.tiled.TiledObject@5da7c100, com.almasb.fxgl.entity.level.tiled.TiledObject@47826c5d, com.almasb.fxgl.entity.level.tiled.TiledObject@7b73207, com.almasb.fxgl.entity.level.tiled.TiledObject@1e1029f1, com.almasb.fxgl.entity.level.tiled.TiledObject@7d5c44f2, com.almasb.fxgl.entity.level.tiled.TiledObject@29e83f80, com.almasb.fxgl.entity.level.tiled.TiledObject@177107b0], opacity=0.0, draworder=)], tilesets=[Tileset(firstgid=1, image=brick_blue.png, name=brick_blue, tilewidth=96, tileheight=32, imagewidth=96, imageheight=32, margin=0, spacing=0, columns=1, tilecount=1, transparentcolor=, tiles=[])], backgroundcolor=, renderorder=right-down, nextobjectid=16, version=1, tiledversion=1.4.3, type=map, infinite=false, hexsidelength=0, staggeraxis=, staggerindex=, properties={}, propertytypes={})
12:52:52.823 [FXGL Background Thread 2 ] DEBUG TMXLevelLoader       - Creating tile layer entities
12:52:52.824 [FXGL Background Thread 2 ] DEBUG TMXLevelLoader       - Creating object layer entities
12:52:52.995 [FXGL Background Thread 2 ] DEBUG GameWorld            - Clearing removable entities
12:52:52.997 [FXGL Background Thread 2 ] DEBUG GameWorld            - Setting level: com.almasb.fxgl.entity.level.Level@32212753
12:52:53.013 [FXGL Background Thread 2 ] DEBUG FXGLAssetLoaderServi - Loading from file system: file:/E:/faks/sve_za_igru/Brickout/target/classes/assets/textures/bat.png
12:52:53.033 [FXGL Background Thread 2 ] DEBUG FXGLAssetLoaderServi - Loading from file system: file:/E:/faks/sve_za_igru/Brickout/target/classes/assets/textures/ball.png
12:52:53.102 [FXGL Background Thread 2 ] DEBUG FXGLAssetLoaderServi - Loading from file system: file:/E:/faks/sve_za_igru/Brickout/target/classes/assets/textures/background/as1.jpg
12:52:53.285 [FXGL Background Thread 3 ] DEBUG Engine               - Logging environment variables
12:52:53.286 [FXGL Background Thread 3 ] DEBUG Engine               - achievements: []
12:52:53.286 [FXGL Background Thread 3 ] DEBUG Engine               - actualHeight: 704.0
12:52:53.287 [FXGL Background Thread 3 ] DEBUG Engine               - actualHeightProperty: ReadOnlyDoubleProperty [value: 704.0]
12:52:53.287 [FXGL Background Thread 3 ] DEBUG Engine               - actualWidth: 1344.0
12:52:53.288 [FXGL Background Thread 3 ] DEBUG Engine               - actualWidthProperty: ReadOnlyDoubleProperty [value: 1344.0]
12:52:53.289 [FXGL Background Thread 3 ] DEBUG Engine               - appIcon: icon/icon.png
12:52:53.289 [FXGL Background Thread 3 ] DEBUG Engine               - applicationMode: DEVELOPER
12:52:53.290 [FXGL Background Thread 3 ] DEBUG Engine               - cSSList: [fxgl_dark.css]
12:52:53.290 [FXGL Background Thread 3 ] DEBUG Engine               - collisionDetectionStrategy: BRUTE_FORCE
12:52:53.291 [FXGL Background Thread 3 ] DEBUG Engine               - configClass: Optional.empty
12:52:53.291 [FXGL Background Thread 3 ] DEBUG Engine               - credits: []
12:52:53.292 [FXGL Background Thread 3 ] DEBUG Engine               - devBBoxColorProperty: ObjectProperty [value: 0xff0000ff]
12:52:53.292 [FXGL Background Thread 3 ] DEBUG Engine               - devEnableDebugCameraProperty: BooleanProperty [value: false]
12:52:53.293 [FXGL Background Thread 3 ] DEBUG Engine               - devSensorColorProperty: ObjectProperty [value: 0xffff00ff]
12:52:53.293 [FXGL Background Thread 3 ] DEBUG Engine               - devShowBBoxProperty: BooleanProperty [value: false]
12:52:53.293 [FXGL Background Thread 3 ] DEBUG Engine               - devShowPositionProperty: BooleanProperty [value: false]
12:52:53.293 [FXGL Background Thread 3 ] DEBUG Engine               - enabledMenuItems: []
12:52:53.294 [FXGL Background Thread 3 ] DEBUG Engine               - engineServices: [class com.almasb.fxgl.app.services.FXGLAssetLoaderService, class com.almasb.fxgl.app.FXGLApplication$GameApplicationService, class com.almasb.fxgl.app.services.FXGLDialogService, class com.almasb.fxgl.app.services.IOTaskExecutorService, class com.almasb.fxgl.event.EventBusService, class com.almasb.fxgl.io.FileSystemService, class com.almasb.fxgl.localization.LocalizationService, class com.almasb.fxgl.app.services.SystemBundleService, class com.almasb.fxgl.profile.SaveLoadService, class com.almasb.fxgl.ui.FXGLUIFactoryServiceProvider, class com.almasb.fxgl.ui.FXGLDialogFactoryServiceProvider, class com.almasb.fxgl.audio.AudioPlayer, class com.almasb.fxgl.notification.impl.NotificationServiceProvider, class com.almasb.fxgl.achievement.AchievementService, class com.almasb.fxgl.cutscene.CutsceneService, class com.almasb.fxgl.minigames.MiniGameService, class com.almasb.fxgl.net.NetService, class com.almasb.fxgl.app.services.UpdaterService, class com.almasb.fxgl.dev.DevService]
12:52:53.294 [FXGL Background Thread 3 ] DEBUG Engine               - fontGame: Abel-Regular.ttf
12:52:53.295 [FXGL Background Thread 3 ] DEBUG Engine               - fontMono: lucida_console.ttf
12:52:53.295 [FXGL Background Thread 3 ] DEBUG Engine               - fontText: Courier-Prime.ttf
12:52:53.295 [FXGL Background Thread 3 ] DEBUG Engine               - fontUI: plaguard.otf
12:52:53.296 [FXGL Background Thread 3 ] DEBUG Engine               - fullScreen: BooleanProperty [value: false]
12:52:53.296 [FXGL Background Thread 3 ] DEBUG Engine               - gameDifficulty: MEDIUM
12:52:53.297 [FXGL Background Thread 3 ] DEBUG Engine               - gameDifficultyProperty: ObjectProperty [value: MEDIUM]
12:52:53.297 [FXGL Background Thread 3 ] DEBUG Engine               - globalMusicVolume: 0.5
12:52:53.297 [FXGL Background Thread 3 ] DEBUG Engine               - globalMusicVolumeProperty: DoubleProperty [value: 0.0]
12:52:53.298 [FXGL Background Thread 3 ] DEBUG Engine               - globalSoundVolume: 0.5
12:52:53.298 [FXGL Background Thread 3 ] DEBUG Engine               - globalSoundVolumeProperty: DoubleProperty [value: 0.2]
12:52:53.299 [FXGL Background Thread 3 ] DEBUG Engine               - height: 704
12:52:53.302 [FXGL Background Thread 3 ] DEBUG Engine               - isAndroid: false
12:52:53.302 [FXGL Background Thread 3 ] DEBUG Engine               - isBrowser: false
12:52:53.302 [FXGL Background Thread 3 ] DEBUG Engine               - isClickFeedbackEnabled: false
12:52:53.303 [FXGL Background Thread 3 ] DEBUG Engine               - isCloseConfirmation: false
12:52:53.303 [FXGL Background Thread 3 ] DEBUG Engine               - isDesktop: true
12:52:53.303 [FXGL Background Thread 3 ] DEBUG Engine               - isDeveloperMenuEnabled: true
12:52:53.304 [FXGL Background Thread 3 ] DEBUG Engine               - isEntityPreloadEnabled: true
12:52:53.304 [FXGL Background Thread 3 ] DEBUG Engine               - isExperimental3D: false
12:52:53.307 [FXGL Background Thread 3 ] DEBUG Engine               - isExperimentalNative: false
12:52:53.312 [FXGL Background Thread 3 ] DEBUG Engine               - isExperimentalTiledLargeMap: false
12:52:53.313 [FXGL Background Thread 3 ] DEBUG Engine               - isFileSystemWriteAllowed: true
12:52:53.313 [FXGL Background Thread 3 ] DEBUG Engine               - isFullScreenAllowed: false
12:52:53.313 [FXGL Background Thread 3 ] DEBUG Engine               - isFullScreenFromStart: false
12:52:53.314 [FXGL Background Thread 3 ] DEBUG Engine               - isGameMenuEnabled: true
12:52:53.315 [FXGL Background Thread 3 ] DEBUG Engine               - isIOS: false
12:52:53.315 [FXGL Background Thread 3 ] DEBUG Engine               - isIntroEnabled: false
12:52:53.316 [FXGL Background Thread 3 ] DEBUG Engine               - isLinux: false
12:52:53.316 [FXGL Background Thread 3 ] DEBUG Engine               - isMac: false
12:52:53.316 [FXGL Background Thread 3 ] DEBUG Engine               - isMainMenuEnabled: true
12:52:53.317 [FXGL Background Thread 3 ] DEBUG Engine               - isManualResizeEnabled: true
12:52:53.317 [FXGL Background Thread 3 ] DEBUG Engine               - isMobile: false
12:52:53.318 [FXGL Background Thread 3 ] DEBUG Engine               - isPreserveResizeRatio: true
12:52:53.318 [FXGL Background Thread 3 ] DEBUG Engine               - isProfilingEnabled: false
12:52:53.319 [FXGL Background Thread 3 ] DEBUG Engine               - isScaleAffectedOnResize: true
12:52:53.321 [FXGL Background Thread 3 ] DEBUG Engine               - isSingleStep: false
12:52:53.325 [FXGL Background Thread 3 ] DEBUG Engine               - isUserProfileEnabled: false
12:52:53.326 [FXGL Background Thread 3 ] DEBUG Engine               - isWindows: true
12:52:53.326 [FXGL Background Thread 3 ] DEBUG Engine               - language: ObjectProperty [value: ENGLISH]
12:52:53.326 [FXGL Background Thread 3 ] DEBUG Engine               - menuKey: ESCAPE
12:52:53.327 [FXGL Background Thread 3 ] DEBUG Engine               - notificationViewClass: class com.almasb.fxgl.notification.view.XboxNotificationView
12:52:53.327 [FXGL Background Thread 3 ] DEBUG Engine               - pixelsPerMeter: 50.0
12:52:53.328 [FXGL Background Thread 3 ] DEBUG Engine               - platform: WINDOWS
12:52:53.328 [FXGL Background Thread 3 ] DEBUG Engine               - prefHeightProperty: ReadOnlyDoubleProperty [value: 704.0]
12:52:53.329 [FXGL Background Thread 3 ] DEBUG Engine               - prefWidthProperty: ReadOnlyDoubleProperty [value: 1344.0]
12:52:53.329 [FXGL Background Thread 3 ] DEBUG Engine               - profileDir: profiles/
12:52:53.329 [FXGL Background Thread 3 ] DEBUG Engine               - profileName: StringProperty [value: DEFAULT]
12:52:53.330 [FXGL Background Thread 3 ] DEBUG Engine               - randomSeed: -1
12:52:53.330 [FXGL Background Thread 3 ] DEBUG Engine               - runtimeInfo: RuntimeInfo(platform=WINDOWS, version=dev-SNAPSHOT, build=10.03.2021 13.16)
12:52:53.331 [FXGL Background Thread 3 ] DEBUG Engine               - saveFileExt: sav
12:52:53.331 [FXGL Background Thread 3 ] DEBUG Engine               - scaledHeightProp$fxgl: DoubleProperty [bound, value: 704.0]
12:52:53.332 [FXGL Background Thread 3 ] DEBUG Engine               - scaledWidthProp$fxgl: DoubleProperty [bound, value: 1344.0]
12:52:53.335 [FXGL Background Thread 3 ] DEBUG Engine               - sceneFactory: game.brickout.BrickoutApp$1@43445326
12:52:53.335 [FXGL Background Thread 3 ] DEBUG Engine               - secondsIn24h: 60
12:52:53.338 [FXGL Background Thread 3 ] DEBUG Engine               - soundMenuBack: menu/back.wav
12:52:53.338 [FXGL Background Thread 3 ] DEBUG Engine               - soundMenuPress: menu/press.wav
12:52:53.339 [FXGL Background Thread 3 ] DEBUG Engine               - soundMenuSelect: menu/select.wav
12:52:53.343 [FXGL Background Thread 3 ] DEBUG Engine               - soundNotification: core/notification.wav
12:52:53.343 [FXGL Background Thread 3 ] DEBUG Engine               - stageStyle: DECORATED
12:52:53.344 [FXGL Background Thread 3 ] DEBUG Engine               - supportedLanguages: [ENGLISH, FRENCH, GERMAN, HUNGARIAN, RUSSIAN]
12:52:53.345 [FXGL Background Thread 3 ] DEBUG Engine               - ticksPerSecond: -1
12:52:53.345 [FXGL Background Thread 3 ] DEBUG Engine               - title: FXGL Brickout
12:52:53.345 [FXGL Background Thread 3 ] DEBUG Engine               - urlGithub: https://github.com/AlmasB/FXGL
12:52:53.346 [FXGL Background Thread 3 ] DEBUG Engine               - urlLeaderboard: http://fxgl-top.herokuapp.com/
12:52:53.346 [FXGL Background Thread 3 ] DEBUG Engine               - urlPOM: https://raw.githubusercontent.com/AlmasB/FXGL/release/README.md
12:52:53.346 [FXGL Background Thread 3 ] DEBUG Engine               - userAppClass: class game.brickout.BrickoutApp
12:52:53.346 [FXGL Background Thread 3 ] DEBUG Engine               - version: 0.0
12:52:53.348 [FXGL Background Thread 3 ] DEBUG Engine               - versionCheckDays: 7
12:52:53.348 [FXGL Background Thread 3 ] DEBUG Engine               - width: 1344
12:52:53.349 [FXGL Background Thread 3 ] DEBUG Engine               - Logging services
12:52:53.349 [FXGL Background Thread 3 ] DEBUG Engine               - class com.almasb.fxgl.app.services.FXGLAssetLoaderService
12:52:53.350 [FXGL Background Thread 3 ] DEBUG Engine               - class com.almasb.fxgl.app.FXGLApplication$GameApplicationService
12:52:53.350 [FXGL Background Thread 3 ] DEBUG Engine               - class com.almasb.fxgl.app.services.FXGLDialogService
12:52:53.351 [FXGL Background Thread 3 ] DEBUG Engine               - class com.almasb.fxgl.app.services.IOTaskExecutorService
12:52:53.351 [FXGL Background Thread 3 ] DEBUG Engine               - class com.almasb.fxgl.event.EventBusService
12:52:53.351 [FXGL Background Thread 3 ] DEBUG Engine               - class com.almasb.fxgl.io.FileSystemService
12:52:53.352 [FXGL Background Thread 3 ] DEBUG Engine               - class com.almasb.fxgl.localization.LocalizationService
12:52:53.352 [FXGL Background Thread 3 ] DEBUG Engine               - class com.almasb.fxgl.app.services.SystemBundleService
12:52:53.353 [FXGL Background Thread 3 ] DEBUG Engine               - class com.almasb.fxgl.profile.SaveLoadService
12:52:53.353 [FXGL Background Thread 3 ] DEBUG Engine               - class com.almasb.fxgl.ui.FXGLUIFactoryServiceProvider
12:52:53.353 [FXGL Background Thread 3 ] DEBUG Engine               - class com.almasb.fxgl.ui.FXGLDialogFactoryServiceProvider
12:52:53.354 [FXGL Background Thread 3 ] DEBUG Engine               - class com.almasb.fxgl.audio.AudioPlayer
12:52:53.354 [FXGL Background Thread 3 ] DEBUG Engine               - class com.almasb.fxgl.notification.impl.NotificationServiceProvider
12:52:53.355 [FXGL Background Thread 3 ] DEBUG Engine               - class com.almasb.fxgl.achievement.AchievementService
12:52:53.356 [FXGL Background Thread 3 ] DEBUG Engine               - class com.almasb.fxgl.cutscene.CutsceneService
12:52:53.356 [FXGL Background Thread 3 ] DEBUG Engine               - class com.almasb.fxgl.minigames.MiniGameService
12:52:53.356 [FXGL Background Thread 3 ] DEBUG Engine               - class com.almasb.fxgl.net.NetService
12:52:53.357 [FXGL Background Thread 3 ] DEBUG Engine               - class com.almasb.fxgl.app.services.UpdaterService
12:52:53.357 [FXGL Background Thread 3 ] DEBUG Engine               - class com.almasb.fxgl.dev.DevService
12:52:53.625 [FXGL Background Thread 2 ] INFO  FXGLApplication      - Game initialization took: 1.048 sec
12:52:53.634 [JavaFX Application Thread] DEBUG Input                - Clearing active input actions
12:52:53.646 [JavaFX Application Thread] DEBUG GameApplicationServi - Removing overlay from LoadingScreen and adding to GameScene
12:52:53.654 [JavaFX Application Thread] DEBUG PrimaryStageWindow   - LoadingScreen -> GameScene
12:52:54.861 [JavaFX Application Thread] DEBUG FXGLAssetLoaderServi - Loading from file system: file:/E:/faks/sve_za_igru/Brickout/target/classes/assets/textures/particles/moje.png
12:52:54.974 [JavaFX Application Thread] DEBUG PrimaryStageWindow   - Push state: NewLevelSubScene
12:52:54.974 [JavaFX Application Thread] DEBUG Input                - Clearing active input actions
12:52:54.975 [JavaFX Application Thread] DEBUG GameApplicationServi - Removing overlay from GameScene and adding to NewLevelSubScene
12:52:54.979 [JavaFX Application Thread] DEBUG PrimaryStageWindow   - GameScene -> NewLevelSubScene
12:52:57.320 [JavaFX Application Thread] DEBUG PrimaryStageWindow   - Pop state: NewLevelSubScene
12:52:57.321 [JavaFX Application Thread] DEBUG Input                - Clearing active input actions
12:52:57.322 [JavaFX Application Thread] DEBUG GameApplicationServi - Removing overlay from NewLevelSubScene and adding to GameScene
12:52:57.324 [JavaFX Application Thread] DEBUG PrimaryStageWindow   - GameScene <- NewLevelSubScene
12:53:01.294 [JavaFX Application Thread] DEBUG LoopRunner           - Pausing loop
12:57:59.896 [JavaFX Application Thread] DEBUG LoopRunner           - Resuming loop
12:58:05.333 [JavaFX Application Thread] DEBUG FXGLApplication      - Exiting FXGL
12:58:05.333 [JavaFX Application Thread] DEBUG LoopRunner           - Stopping loop
12:58:05.333 [JavaFX Application Thread] DEBUG SystemBundleService  - Saving FXGL system data
12:58:05.337 [JavaFX Application Thread] DEBUG FileSystemAccess     - Writing to: E:\faks\sve_za_igru\Brickout\system\fxgl.bundle
12:58:05.340 [JavaFX Application Thread] DEBUG Async                - Shutting down background threads
12:58:05.341 [JavaFX Application Thread] DEBUG PrimaryStageWindow   - Closing main window
12:58:05.367 [JavaFX Application Thread] DEBUG Logger               - Closing Logger
