02:40:36.322 [main                     ] DEBUG Logger               - Configured Logger
02:40:36.338 [main                     ] DEBUG GameApplication      - Logging settings
Title: FXGL Brickout
Version: 0.0
Width: 1344
Height: 704
Fullscreen: false
Intro: false
Profiling: false
Single step:false
App Mode: DEVELOPER
Menu Key: ESCAPE
Stage Style: DECORATED
Scene Factory: class game.brickout.BrickoutApp$1

02:40:37.419 [JavaFX Application Thread] DEBUG FXGLApplication      - Initializing FXGL
02:40:37.424 [JavaFX Application Thread] INFO  Engine               - FXGL-dev-SNAPSHOT (10.03.2021 13.16) on WINDOWS (J:15 FX:15)
02:40:37.424 [JavaFX Application Thread] DEBUG Engine               - JRE Vendor Name: Oracle Corporation
02:40:37.425 [JavaFX Application Thread] DEBUG Engine               - Running on OS: Windows 10 version 10.0
02:40:37.425 [JavaFX Application Thread] DEBUG Engine               - Architecture: amd64
02:40:37.426 [JavaFX Application Thread] INFO  Engine               - Source code and latest versions at: https://github.com/AlmasB/FXGL
02:40:37.427 [JavaFX Application Thread] INFO  Engine               -              Join the FXGL chat at: https://gitter.im/AlmasB/FXGL
02:40:37.985 [JavaFX Application Thread] DEBUG PrimaryStageWindow   - Creating a JavaFX scene
02:40:38.164 [JavaFX Application Thread] DEBUG PrimaryStageWindow   - Target settings size: 1344.0 x 704.0
02:40:38.165 [JavaFX Application Thread] DEBUG PrimaryStageWindow   - Scaled scene size:    1344.0 x 704.0
02:40:38.166 [JavaFX Application Thread] DEBUG PrimaryStageWindow   - Scaled ratio: (1.0, 1.0)
02:40:38.169 [JavaFX Application Thread] DEBUG PrimaryStageWindow   - Set initial scene to StartUpScene
02:40:38.220 [JavaFX Application Thread] DEBUG PrimaryStageWindow   - Opening main window
02:40:38.569 [JavaFX Application Thread] DEBUG PrimaryStageWindow   - Window border size: (16.0, 39.0)
02:40:38.569 [JavaFX Application Thread] DEBUG PrimaryStageWindow   - Scaled size: 1344.0 x 704.0
02:40:38.570 [JavaFX Application Thread] DEBUG PrimaryStageWindow   - Scaled ratio: (1.0, 1.0)
02:40:38.571 [JavaFX Application Thread] DEBUG PrimaryStageWindow   - Scene size: 1344.0 x 704.0
02:40:38.572 [JavaFX Application Thread] DEBUG PrimaryStageWindow   - Stage size: 1360.0 x 743.0
02:40:38.631 [FXGL Background Thread 1 ] DEBUG Engine               - Initializing environment variables
02:40:38.803 [FXGL Background Thread 1 ] DEBUG FXGLAssetLoaderServi - User app class for loading assets: class game.brickout.BrickoutApp
02:40:38.805 [FXGL Background Thread 1 ] DEBUG GameApplicationServi - Applying CSS: fxgl_dark.css
02:40:38.808 [FXGL Background Thread 1 ] DEBUG FXGLAssetLoaderServi - Loading from file system: jar:file:/C:/Users/Ivan/.m2/repository/com/github/almasb/fxgl/dev-SNAPSHOT/fxgl-dev-20210310.131736-1703.jar!/fxglassets/ui/css/fxgl_dark.css
02:40:38.983 [FXGL Background Thread 1 ] DEBUG GameApplicationServi - Initializing application scenes
02:40:39.107 [FXGL Background Thread 1 ] DEBUG GameWorld            - Game world initialized
02:40:39.340 [FXGL Background Thread 1 ] DEBUG PhysicsWorld         - Physics world initialized: appHeight=704, physics.ppm=50.0
02:40:39.341 [FXGL Background Thread 1 ] DEBUG PhysicsWorld         - Using strategy: BRUTE_FORCE
02:40:39.350 [FXGL Background Thread 1 ] DEBUG GameScene            - Game scene initialized: 1344x704
02:40:39.405 [FXGL Background Thread 1 ] DEBUG FXGLAssetLoaderServi - Loading from file system: file:/E:/faks/sve_za_igru/Brickout/target/classes/assets/textures/background/universe.jpg
02:40:39.638 [FXGL Background Thread 1 ] DEBUG FXGLAssetLoaderServi - Loading from file system: file:/E:/faks/sve_za_igru/Brickout/target/classes/assets/textures/particles/trace_horizontal.png
02:40:39.764 [FXGL Background Thread 1 ] DEBUG FXGL.DefaultMenu     - createMenuBodyGameMenu()
02:40:39.876 [FXGL Background Thread 1 ] DEBUG FXGL.DefaultMenu     - createOptionsMenu()
02:40:39.913 [FXGL Background Thread 1 ] DEBUG FXGLAssetLoaderServi - Loading from file system: jar:file:/C:/Users/Ivan/.m2/repository/com/github/almasb/fxgl/dev-SNAPSHOT/fxgl-dev-20210310.131736-1703.jar!/fxglassets/textures/particles/smoke.png
02:40:40.063 [FXGL Background Thread 1 ] DEBUG GameApplicationServi - Application scenes initialized
02:40:40.118 [FXGL Background Thread 1 ] DEBUG SystemBundleService  - Loading FXGL system data
02:40:40.131 [FXGL Background Thread 1 ] DEBUG FileSystemAccess     - Reading from: E:\faks\sve_za_igru\Brickout\system\fxgl.bundle
02:40:40.152 [FXGL Background Thread 1 ] DEBUG SystemBundleService  - Bundle FXGL: {}
02:40:40.155 [FXGL Background Thread 1 ] DEBUG UpdaterService       - Checking for updates
02:40:40.271 [FXGL Background Thread 1 ] DEBUG FXGLApplication      - Loading default localization
02:40:40.275 [FXGL Background Thread 1 ] DEBUG FXGLAssetLoaderServi - Loading from file system: jar:file:/C:/Users/Ivan/.m2/repository/com/github/almasb/fxgl/dev-SNAPSHOT/fxgl-dev-20210310.131736-1703.jar!/fxglassets/languages/english.lang
02:40:40.375 [FXGL Background Thread 1 ] INFO  FXGLApplication      - FXGL initialization took: 1.744 sec
02:40:40.431 [JavaFX Application Thread] DEBUG Input                - Registered new binding: Move Left - A
02:40:40.437 [JavaFX Application Thread] DEBUG Input                - Registered new binding: Move Right - D
02:40:40.438 [JavaFX Application Thread] DEBUG Input                - Registered new binding: Escape - Esc
02:40:40.442 [FXGL Background Thread 4 ] DEBUG FXGLApplication      - Loading fonts
02:40:40.443 [JavaFX Application Thread] DEBUG Input                - Registered new binding: Fire Ball - Space
02:40:40.443 [FXGL Background Thread 4 ] DEBUG FXGLAssetLoaderServi - Loading from file system: file:/E:/faks/sve_za_igru/Brickout/target/classes/assets/ui/fonts/plaguard.otf
02:40:40.444 [JavaFX Application Thread] DEBUG FXGLAssetLoaderServi - Loading from file system: file:/E:/faks/sve_za_igru/Brickout/target/classes/assets/music/BGM.mp3
02:40:40.937 [FXGL Background Thread 4 ] DEBUG FXGLAssetLoaderServi - Loading from file system: jar:file:/C:/Users/Ivan/.m2/repository/com/github/almasb/fxgl/dev-SNAPSHOT/fxgl-dev-20210310.131736-1703.jar!/fxglassets/ui/fonts/Abel-Regular.ttf
02:40:40.962 [FXGL Background Thread 4 ] DEBUG FXGLAssetLoaderServi - Loading from file system: jar:file:/C:/Users/Ivan/.m2/repository/com/github/almasb/fxgl/dev-SNAPSHOT/fxgl-dev-20210310.131736-1703.jar!/fxglassets/ui/fonts/lucida_console.ttf
02:40:40.993 [FXGL Background Thread 4 ] DEBUG FXGLAssetLoaderServi - Loading from file system: jar:file:/C:/Users/Ivan/.m2/repository/com/github/almasb/fxgl/dev-SNAPSHOT/fxgl-dev-20210310.131736-1703.jar!/fxglassets/ui/fonts/Courier-Prime.ttf
02:40:41.010 [JavaFX Application Thread] DEBUG AudioPlayer          - Playing music com.almasb.fxgl.audio.Music@4f399f34
02:40:41.011 [JavaFX Application Thread] DEBUG FXGLAssetLoaderServi - Loading from file system: file:/E:/faks/sve_za_igru/Brickout/target/classes/assets/textures/icon/icon.png
02:40:41.028 [JavaFX Application Thread] DEBUG FXGLAssetLoaderServi - Loading from file system: jar:file:/C:/Users/Ivan/.m2/repository/com/github/almasb/fxgl/dev-SNAPSHOT/fxgl-dev-20210310.131736-1703.jar!/fxglassets/ui/cursors/fxgl_default.png
02:40:41.040 [JavaFX Application Thread] DEBUG Input                - Registered new binding: Screenshot - P
02:40:41.042 [JavaFX Application Thread] DEBUG Input                - Registered new binding: Dev Options - 1
02:40:41.044 [JavaFX Application Thread] DEBUG Input                - Registered new binding: Dev Console - 2
02:40:41.045 [JavaFX Application Thread] DEBUG Input                - Registered new binding: System info dump - CTRL+9
02:40:41.047 [JavaFX Application Thread] DEBUG Input                - Registered new binding: Restart - CTRL+R
02:40:41.050 [JavaFX Application Thread] DEBUG Input                - Registered new binding: Toggle Debug Camera - CTRL+C
02:40:41.069 [JavaFX Application Thread] DEBUG LoopRunner           - Starting loop
02:40:41.112 [JavaFX Application Thread] DEBUG LoopRunner           - Initializing JavaFX AnimationTimerLoop
02:40:41.124 [JavaFX Application Thread] DEBUG Input                - Clearing active input actions
02:40:41.172 [JavaFX Application Thread] DEBUG GameApplicationServi - Removing overlay from StartUpScene and adding to FXGLMainMenuDummyScene
02:40:41.195 [JavaFX Application Thread] DEBUG PrimaryStageWindow   - StartUpScene -> FXGLMainMenuDummyScene
02:40:41.195 [JavaFX Application Thread] DEBUG PrimaryStageWindow   - Push state: AppMainMenu
02:40:41.196 [JavaFX Application Thread] DEBUG Input                - Clearing active input actions
02:40:41.201 [JavaFX Application Thread] DEBUG GameApplicationServi - Removing overlay from FXGLMainMenuDummyScene and adding to AppMainMenu
02:40:41.203 [JavaFX Application Thread] DEBUG PrimaryStageWindow   - FXGLMainMenuDummyScene -> AppMainMenu
02:40:41.684 [FXGL Background Thread 2 ] INFO  UpdaterService       - Your current version:  dev-SNAPSHOT
02:40:41.685 [FXGL Background Thread 2 ] INFO  UpdaterService       - Latest stable version: 11.14
02:40:42.306 [JavaFX Application Thread] DEBUG FXGLApplication      - Registering font factories with UI factory
02:40:42.777 [JavaFX Application Thread] DEBUG FXGLApplication      - Exiting FXGL
02:40:42.778 [JavaFX Application Thread] DEBUG LoopRunner           - Stopping loop
02:40:42.778 [JavaFX Application Thread] DEBUG SystemBundleService  - Saving FXGL system data
02:40:42.781 [JavaFX Application Thread] DEBUG FileSystemAccess     - Writing to: E:\faks\sve_za_igru\Brickout\system\fxgl.bundle
02:40:42.785 [JavaFX Application Thread] DEBUG Async                - Shutting down background threads
02:40:42.786 [JavaFX Application Thread] DEBUG PrimaryStageWindow   - Closing main window
02:40:42.810 [JavaFX Application Thread] DEBUG Logger               - Closing Logger
