13:09:00.692 [main                     ] DEBUG Logger               - Configured Logger
13:09:00.723 [main                     ] DEBUG GameApplication      - Logging settings
Title: FXGL Brickout
Version: 0.0
Width: 1344
Height: 704
Fullscreen: false
Intro: false
Profiling: false
Single step:false
App Mode: DEVELOPER
Menu Key: ESCAPE
Stage Style: DECORATED
Scene Factory: class game.brickout.BrickoutApp$1

13:09:04.770 [JavaFX Application Thread] DEBUG FXGLApplication      - Initializing FXGL
13:09:04.776 [JavaFX Application Thread] INFO  Engine               - FXGL-dev-SNAPSHOT (10.03.2021 13.16) on WINDOWS (J:15 FX:15)
13:09:04.777 [JavaFX Application Thread] DEBUG Engine               - JRE Vendor Name: Oracle Corporation
13:09:04.778 [JavaFX Application Thread] DEBUG Engine               - Running on OS: Windows 10 version 10.0
13:09:04.781 [JavaFX Application Thread] DEBUG Engine               - Architecture: amd64
13:09:04.782 [JavaFX Application Thread] INFO  Engine               - Source code and latest versions at: https://github.com/AlmasB/FXGL
13:09:04.783 [JavaFX Application Thread] INFO  Engine               -              Join the FXGL chat at: https://gitter.im/AlmasB/FXGL
13:09:05.496 [JavaFX Application Thread] DEBUG PrimaryStageWindow   - Creating a JavaFX scene
13:09:05.641 [JavaFX Application Thread] DEBUG PrimaryStageWindow   - Target settings size: 1344.0 x 704.0
13:09:05.643 [JavaFX Application Thread] DEBUG PrimaryStageWindow   - Scaled scene size:    1344.0 x 704.0
13:09:05.644 [JavaFX Application Thread] DEBUG PrimaryStageWindow   - Scaled ratio: (1.0, 1.0)
13:09:05.647 [JavaFX Application Thread] DEBUG PrimaryStageWindow   - Set initial scene to StartUpScene
13:09:05.674 [JavaFX Application Thread] DEBUG PrimaryStageWindow   - Opening main window
13:09:06.039 [JavaFX Application Thread] DEBUG PrimaryStageWindow   - Window border size: (16.0, 39.0)
13:09:06.040 [JavaFX Application Thread] DEBUG PrimaryStageWindow   - Scaled size: 1344.0 x 704.0
13:09:06.040 [JavaFX Application Thread] DEBUG PrimaryStageWindow   - Scaled ratio: (1.0, 1.0)
13:09:06.041 [JavaFX Application Thread] DEBUG PrimaryStageWindow   - Scene size: 1344.0 x 704.0
13:09:06.041 [JavaFX Application Thread] DEBUG PrimaryStageWindow   - Stage size: 1360.0 x 743.0
13:09:06.091 [FXGL Background Thread 1 ] DEBUG Engine               - Initializing environment variables
13:09:06.230 [FXGL Background Thread 1 ] DEBUG FXGLAssetLoaderServi - User app class for loading assets: class game.brickout.BrickoutApp
13:09:06.230 [FXGL Background Thread 1 ] DEBUG GameApplicationServi - Applying CSS: fxgl_dark.css
13:09:06.233 [FXGL Background Thread 1 ] DEBUG FXGLAssetLoaderServi - Loading from file system: jar:file:/C:/Users/Ivan/.m2/repository/com/github/almasb/fxgl/dev-SNAPSHOT/fxgl-dev-20210310.131736-1703.jar!/fxglassets/ui/css/fxgl_dark.css
13:09:06.538 [FXGL Background Thread 1 ] DEBUG GameApplicationServi - Initializing application scenes
13:09:06.632 [FXGL Background Thread 1 ] DEBUG GameWorld            - Game world initialized
13:09:06.846 [FXGL Background Thread 1 ] DEBUG PhysicsWorld         - Physics world initialized: appHeight=704, physics.ppm=50.0
13:09:06.847 [FXGL Background Thread 1 ] DEBUG PhysicsWorld         - Using strategy: BRUTE_FORCE
13:09:06.855 [FXGL Background Thread 1 ] DEBUG GameScene            - Game scene initialized: 1344x704
13:09:06.935 [FXGL Background Thread 1 ] DEBUG FXGLAssetLoaderServi - Loading from file system: file:/E:/faks/sve_za_igru/Brickout/target/classes/assets/textures/background/universe.jpg
13:09:07.204 [FXGL Background Thread 1 ] DEBUG FXGLAssetLoaderServi - Loading from file system: file:/E:/faks/sve_za_igru/Brickout/target/classes/assets/textures/particles/trace_horizontal.png
13:09:07.391 [FXGL Background Thread 1 ] DEBUG FXGL.DefaultMenu     - createMenuBodyGameMenu()
13:09:07.442 [FXGL Background Thread 1 ] DEBUG FXGL.DefaultMenu     - createOptionsMenu()
13:09:07.551 [FXGL Background Thread 1 ] DEBUG FXGLAssetLoaderServi - Loading from file system: jar:file:/C:/Users/Ivan/.m2/repository/com/github/almasb/fxgl/dev-SNAPSHOT/fxgl-dev-20210310.131736-1703.jar!/fxglassets/textures/particles/smoke.png
13:09:07.855 [FXGL Background Thread 1 ] DEBUG GameApplicationServi - Application scenes initialized
13:09:07.912 [FXGL Background Thread 1 ] DEBUG SystemBundleService  - Loading FXGL system data
13:09:07.931 [FXGL Background Thread 1 ] DEBUG FileSystemAccess     - Reading from: E:\faks\sve_za_igru\Brickout\system\fxgl.bundle
13:09:07.959 [FXGL Background Thread 1 ] DEBUG SystemBundleService  - Bundle FXGL: {}
13:09:07.959 [FXGL Background Thread 1 ] DEBUG UpdaterService       - Checking for updates
13:09:08.086 [FXGL Background Thread 1 ] DEBUG FXGLApplication      - Loading default localization
13:09:08.088 [FXGL Background Thread 1 ] DEBUG FXGLAssetLoaderServi - Loading from file system: jar:file:/C:/Users/Ivan/.m2/repository/com/github/almasb/fxgl/dev-SNAPSHOT/fxgl-dev-20210310.131736-1703.jar!/fxglassets/languages/english.lang
13:09:08.139 [FXGL Background Thread 1 ] INFO  FXGLApplication      - FXGL initialization took: 2.047 sec
13:09:08.201 [JavaFX Application Thread] DEBUG Input                - Registered new binding: Move Left - A
13:09:08.205 [JavaFX Application Thread] DEBUG Input                - Registered new binding: Move Right - D
13:09:08.206 [JavaFX Application Thread] DEBUG Input                - Registered new binding: Escape - Esc
13:09:08.213 [FXGL Background Thread 4 ] DEBUG FXGLApplication      - Loading fonts
13:09:08.207 [JavaFX Application Thread] DEBUG Input                - Registered new binding: Fire Ball - Space
13:09:08.216 [FXGL Background Thread 4 ] DEBUG FXGLAssetLoaderServi - Loading from file system: file:/E:/faks/sve_za_igru/Brickout/target/classes/assets/ui/fonts/plaguard.otf
13:09:08.217 [JavaFX Application Thread] DEBUG Input                - Registered new binding: Angle - X
13:09:08.231 [JavaFX Application Thread] DEBUG FXGLAssetLoaderServi - Loading from file system: file:/E:/faks/sve_za_igru/Brickout/target/classes/assets/music/BGM.mp3
13:09:08.706 [FXGL Background Thread 4 ] DEBUG FXGLAssetLoaderServi - Loading from file system: jar:file:/C:/Users/Ivan/.m2/repository/com/github/almasb/fxgl/dev-SNAPSHOT/fxgl-dev-20210310.131736-1703.jar!/fxglassets/ui/fonts/Abel-Regular.ttf
13:09:08.734 [FXGL Background Thread 4 ] DEBUG FXGLAssetLoaderServi - Loading from file system: jar:file:/C:/Users/Ivan/.m2/repository/com/github/almasb/fxgl/dev-SNAPSHOT/fxgl-dev-20210310.131736-1703.jar!/fxglassets/ui/fonts/lucida_console.ttf
13:09:08.767 [FXGL Background Thread 4 ] DEBUG FXGLAssetLoaderServi - Loading from file system: jar:file:/C:/Users/Ivan/.m2/repository/com/github/almasb/fxgl/dev-SNAPSHOT/fxgl-dev-20210310.131736-1703.jar!/fxglassets/ui/fonts/Courier-Prime.ttf
13:09:08.928 [JavaFX Application Thread] DEBUG AudioPlayer          - Playing music com.almasb.fxgl.audio.Music@48e5deef
13:09:08.929 [JavaFX Application Thread] DEBUG FXGLAssetLoaderServi - Loading from file system: file:/E:/faks/sve_za_igru/Brickout/target/classes/assets/textures/icon/icon.png
13:09:08.943 [JavaFX Application Thread] DEBUG FXGLAssetLoaderServi - Loading from file system: jar:file:/C:/Users/Ivan/.m2/repository/com/github/almasb/fxgl/dev-SNAPSHOT/fxgl-dev-20210310.131736-1703.jar!/fxglassets/ui/cursors/fxgl_default.png
13:09:08.948 [JavaFX Application Thread] DEBUG Input                - Registered new binding: Screenshot - P
13:09:08.950 [JavaFX Application Thread] DEBUG Input                - Registered new binding: Dev Options - 1
13:09:08.954 [JavaFX Application Thread] DEBUG Input                - Registered new binding: Dev Console - 2
13:09:08.955 [JavaFX Application Thread] DEBUG Input                - Registered new binding: System info dump - CTRL+9
13:09:08.957 [JavaFX Application Thread] DEBUG Input                - Registered new binding: Restart - CTRL+R
13:09:08.959 [JavaFX Application Thread] DEBUG Input                - Registered new binding: Toggle Debug Camera - CTRL+C
13:09:08.965 [JavaFX Application Thread] DEBUG LoopRunner           - Starting loop
13:09:09.004 [JavaFX Application Thread] DEBUG LoopRunner           - Initializing JavaFX AnimationTimerLoop
13:09:09.035 [JavaFX Application Thread] DEBUG Input                - Clearing active input actions
13:09:09.081 [JavaFX Application Thread] DEBUG GameApplicationServi - Removing overlay from StartUpScene and adding to FXGLMainMenuDummyScene
13:09:09.093 [JavaFX Application Thread] DEBUG PrimaryStageWindow   - StartUpScene -> FXGLMainMenuDummyScene
13:09:09.093 [JavaFX Application Thread] DEBUG PrimaryStageWindow   - Push state: AppMainMenu
13:09:09.109 [JavaFX Application Thread] DEBUG Input                - Clearing active input actions
13:09:09.113 [JavaFX Application Thread] DEBUG GameApplicationServi - Removing overlay from FXGLMainMenuDummyScene and adding to AppMainMenu
13:09:09.114 [JavaFX Application Thread] DEBUG PrimaryStageWindow   - FXGLMainMenuDummyScene -> AppMainMenu
13:09:09.604 [JavaFX Application Thread] DEBUG FXGLApplication      - Registering font factories with UI factory
13:09:09.627 [FXGL Background Thread 2 ] INFO  UpdaterService       - Your current version:  dev-SNAPSHOT
13:09:09.627 [FXGL Background Thread 2 ] INFO  UpdaterService       - Latest stable version: 11.14
13:09:10.816 [JavaFX Application Thread] DEBUG Menu                 - fireNewGame()
13:09:10.817 [JavaFX Application Thread] DEBUG GameApplicationServi - Starting new game
13:09:10.818 [JavaFX Application Thread] DEBUG PrimaryStageWindow   - Pop state: AppMainMenu
13:09:10.819 [JavaFX Application Thread] DEBUG Input                - Clearing active input actions
13:09:10.822 [JavaFX Application Thread] DEBUG GameApplicationServi - Removing overlay from AppMainMenu and adding to FXGLMainMenuDummyScene
13:09:10.826 [JavaFX Application Thread] DEBUG PrimaryStageWindow   - FXGLMainMenuDummyScene <- AppMainMenu
13:09:10.827 [JavaFX Application Thread] DEBUG Input                - Clearing active input actions
13:09:10.850 [JavaFX Application Thread] DEBUG GameApplicationServi - Removing overlay from FXGLMainMenuDummyScene and adding to LoadingScreen
13:09:10.851 [JavaFX Application Thread] DEBUG PrimaryStageWindow   - FXGLMainMenuDummyScene -> LoadingScreen
13:09:10.852 [JavaFX Application Thread] DEBUG GameApplicationServi - Clearing previous game
13:09:10.853 [JavaFX Application Thread] DEBUG GameScene            - Clearing game scene
13:09:10.853 [JavaFX Application Thread] DEBUG GameWorld            - Clearing game world
13:09:10.854 [JavaFX Application Thread] DEBUG PhysicsWorld         - Clearing physics world
13:09:10.858 [FXGL Background Thread 2 ] DEBUG FXGLApplication      - Initializing game
13:09:10.955 [FXGL Background Thread 2 ] WARN  TMXLevelLoader       - TiledMap generated from 1.4.3. Supported version: 1.2.3. Some features may not be parsed fully.
13:09:11.019 [FXGL Background Thread 2 ] DEBUG TMXLevelLoader       - Parsed raw map: TiledMap(width=14, height=22, tilewidth=96, tileheight=32, orientation=orthogonal, layers=[Layer(width=0, height=0, name=brick_layer, type=objectgroup, visible=false, x=0, y=0, data=[], objects=[com.almasb.fxgl.entity.level.tiled.TiledObject@4e817afe, com.almasb.fxgl.entity.level.tiled.TiledObject@28ecf9d0, com.almasb.fxgl.entity.level.tiled.TiledObject@371efd0b, com.almasb.fxgl.entity.level.tiled.TiledObject@641817bc, com.almasb.fxgl.entity.level.tiled.TiledObject@218bc74b, com.almasb.fxgl.entity.level.tiled.TiledObject@6e6688d3, com.almasb.fxgl.entity.level.tiled.TiledObject@2e50d6b1, com.almasb.fxgl.entity.level.tiled.TiledObject@a519130, com.almasb.fxgl.entity.level.tiled.TiledObject@751fbeae, com.almasb.fxgl.entity.level.tiled.TiledObject@2f6590ce, com.almasb.fxgl.entity.level.tiled.TiledObject@7a83ecd, com.almasb.fxgl.entity.level.tiled.TiledObject@1f6e719, com.almasb.fxgl.entity.level.tiled.TiledObject@914c347, com.almasb.fxgl.entity.level.tiled.TiledObject@a74c14b], opacity=0.0, draworder=)], tilesets=[Tileset(firstgid=1, image=brick_blue.png, name=brick_blue, tilewidth=96, tileheight=32, imagewidth=96, imageheight=32, margin=0, spacing=0, columns=1, tilecount=1, transparentcolor=, tiles=[])], backgroundcolor=, renderorder=right-down, nextobjectid=16, version=1, tiledversion=1.4.3, type=map, infinite=false, hexsidelength=0, staggeraxis=, staggerindex=, properties={}, propertytypes={})
13:09:11.021 [FXGL Background Thread 2 ] DEBUG TMXLevelLoader       - Creating tile layer entities
13:09:11.022 [FXGL Background Thread 2 ] DEBUG TMXLevelLoader       - Creating object layer entities
13:09:11.080 [FXGL Background Thread 3 ] DEBUG Engine               - Logging environment variables
13:09:11.082 [FXGL Background Thread 3 ] DEBUG Engine               - achievements: []
13:09:11.083 [FXGL Background Thread 3 ] DEBUG Engine               - actualHeight: 704.0
13:09:11.086 [FXGL Background Thread 3 ] DEBUG Engine               - actualHeightProperty: ReadOnlyDoubleProperty [value: 704.0]
13:09:11.164 [FXGL Background Thread 2 ] DEBUG GameWorld            - Clearing removable entities
13:09:11.086 [FXGL Background Thread 3 ] DEBUG Engine               - actualWidth: 1344.0
13:09:11.172 [FXGL Background Thread 3 ] DEBUG Engine               - actualWidthProperty: ReadOnlyDoubleProperty [value: 1344.0]
13:09:11.173 [FXGL Background Thread 3 ] DEBUG Engine               - appIcon: icon/icon.png
13:09:11.178 [FXGL Background Thread 3 ] DEBUG Engine               - applicationMode: DEVELOPER
13:09:11.187 [FXGL Background Thread 3 ] DEBUG Engine               - cSSList: [fxgl_dark.css]
13:09:11.187 [FXGL Background Thread 3 ] DEBUG Engine               - collisionDetectionStrategy: BRUTE_FORCE
13:09:11.188 [FXGL Background Thread 3 ] DEBUG Engine               - configClass: Optional.empty
13:09:11.189 [FXGL Background Thread 3 ] DEBUG Engine               - credits: []
13:09:11.192 [FXGL Background Thread 3 ] DEBUG Engine               - devBBoxColorProperty: ObjectProperty [value: 0xff0000ff]
13:09:11.194 [FXGL Background Thread 3 ] DEBUG Engine               - devEnableDebugCameraProperty: BooleanProperty [value: false]
13:09:11.166 [FXGL Background Thread 2 ] DEBUG GameWorld            - Setting level: com.almasb.fxgl.entity.level.Level@4dc209a6
13:09:11.218 [FXGL Background Thread 2 ] DEBUG FXGLAssetLoaderServi - Loading from file system: file:/E:/faks/sve_za_igru/Brickout/target/classes/assets/textures/bat.png
13:09:11.195 [FXGL Background Thread 3 ] DEBUG Engine               - devSensorColorProperty: ObjectProperty [value: 0xffff00ff]
13:09:11.233 [FXGL Background Thread 3 ] DEBUG Engine               - devShowBBoxProperty: BooleanProperty [value: false]
13:09:11.234 [FXGL Background Thread 3 ] DEBUG Engine               - devShowPositionProperty: BooleanProperty [value: false]
13:09:11.235 [FXGL Background Thread 3 ] DEBUG Engine               - enabledMenuItems: []
13:09:11.236 [FXGL Background Thread 3 ] DEBUG Engine               - engineServices: [class com.almasb.fxgl.app.services.FXGLAssetLoaderService, class com.almasb.fxgl.app.FXGLApplication$GameApplicationService, class com.almasb.fxgl.app.services.FXGLDialogService, class com.almasb.fxgl.app.services.IOTaskExecutorService, class com.almasb.fxgl.event.EventBusService, class com.almasb.fxgl.io.FileSystemService, class com.almasb.fxgl.localization.LocalizationService, class com.almasb.fxgl.app.services.SystemBundleService, class com.almasb.fxgl.profile.SaveLoadService, class com.almasb.fxgl.ui.FXGLUIFactoryServiceProvider, class com.almasb.fxgl.ui.FXGLDialogFactoryServiceProvider, class com.almasb.fxgl.audio.AudioPlayer, class com.almasb.fxgl.notification.impl.NotificationServiceProvider, class com.almasb.fxgl.achievement.AchievementService, class com.almasb.fxgl.cutscene.CutsceneService, class com.almasb.fxgl.minigames.MiniGameService, class com.almasb.fxgl.net.NetService, class com.almasb.fxgl.app.services.UpdaterService, class com.almasb.fxgl.dev.DevService]
13:09:11.237 [FXGL Background Thread 3 ] DEBUG Engine               - fontGame: Abel-Regular.ttf
13:09:11.237 [FXGL Background Thread 3 ] DEBUG Engine               - fontMono: lucida_console.ttf
13:09:11.237 [FXGL Background Thread 3 ] DEBUG Engine               - fontText: Courier-Prime.ttf
13:09:11.238 [FXGL Background Thread 3 ] DEBUG Engine               - fontUI: plaguard.otf
13:09:11.238 [FXGL Background Thread 3 ] DEBUG Engine               - fullScreen: BooleanProperty [value: false]
13:09:11.238 [FXGL Background Thread 3 ] DEBUG Engine               - gameDifficulty: MEDIUM
13:09:11.239 [FXGL Background Thread 3 ] DEBUG Engine               - gameDifficultyProperty: ObjectProperty [value: MEDIUM]
13:09:11.246 [FXGL Background Thread 3 ] DEBUG Engine               - globalMusicVolume: 0.5
13:09:11.247 [FXGL Background Thread 3 ] DEBUG Engine               - globalMusicVolumeProperty: DoubleProperty [value: 0.0]
13:09:11.247 [FXGL Background Thread 3 ] DEBUG Engine               - globalSoundVolume: 0.5
13:09:11.251 [FXGL Background Thread 3 ] DEBUG Engine               - globalSoundVolumeProperty: DoubleProperty [value: 0.2]
13:09:11.251 [FXGL Background Thread 3 ] DEBUG Engine               - height: 704
13:09:11.252 [FXGL Background Thread 3 ] DEBUG Engine               - isAndroid: false
13:09:11.252 [FXGL Background Thread 3 ] DEBUG Engine               - isBrowser: false
13:09:11.255 [FXGL Background Thread 3 ] DEBUG Engine               - isClickFeedbackEnabled: false
13:09:11.255 [FXGL Background Thread 3 ] DEBUG Engine               - isCloseConfirmation: false
13:09:11.256 [FXGL Background Thread 3 ] DEBUG Engine               - isDesktop: true
13:09:11.257 [FXGL Background Thread 3 ] DEBUG Engine               - isDeveloperMenuEnabled: true
13:09:11.257 [FXGL Background Thread 3 ] DEBUG Engine               - isEntityPreloadEnabled: true
13:09:11.257 [FXGL Background Thread 3 ] DEBUG Engine               - isExperimental3D: false
13:09:11.258 [FXGL Background Thread 3 ] DEBUG Engine               - isExperimentalNative: false
13:09:11.258 [FXGL Background Thread 3 ] DEBUG Engine               - isExperimentalTiledLargeMap: false
13:09:11.258 [FXGL Background Thread 3 ] DEBUG Engine               - isFileSystemWriteAllowed: true
13:09:11.259 [FXGL Background Thread 3 ] DEBUG Engine               - isFullScreenAllowed: false
13:09:11.259 [FXGL Background Thread 3 ] DEBUG Engine               - isFullScreenFromStart: false
13:09:11.260 [FXGL Background Thread 2 ] DEBUG FXGLAssetLoaderServi - Loading from file system: file:/E:/faks/sve_za_igru/Brickout/target/classes/assets/textures/ball.png
13:09:11.260 [FXGL Background Thread 3 ] DEBUG Engine               - isGameMenuEnabled: true
13:09:11.276 [FXGL Background Thread 3 ] DEBUG Engine               - isIOS: false
13:09:11.276 [FXGL Background Thread 3 ] DEBUG Engine               - isIntroEnabled: false
13:09:11.276 [FXGL Background Thread 3 ] DEBUG Engine               - isLinux: false
13:09:11.276 [FXGL Background Thread 3 ] DEBUG Engine               - isMac: false
13:09:11.276 [FXGL Background Thread 3 ] DEBUG Engine               - isMainMenuEnabled: true
13:09:11.277 [FXGL Background Thread 3 ] DEBUG Engine               - isManualResizeEnabled: true
13:09:11.277 [FXGL Background Thread 3 ] DEBUG Engine               - isMobile: false
13:09:11.277 [FXGL Background Thread 3 ] DEBUG Engine               - isPreserveResizeRatio: true
13:09:11.277 [FXGL Background Thread 3 ] DEBUG Engine               - isProfilingEnabled: false
13:09:11.278 [FXGL Background Thread 3 ] DEBUG Engine               - isScaleAffectedOnResize: true
13:09:11.278 [FXGL Background Thread 3 ] DEBUG Engine               - isSingleStep: false
13:09:11.278 [FXGL Background Thread 3 ] DEBUG Engine               - isUserProfileEnabled: false
13:09:11.278 [FXGL Background Thread 3 ] DEBUG Engine               - isWindows: true
13:09:11.279 [FXGL Background Thread 3 ] DEBUG Engine               - language: ObjectProperty [value: ENGLISH]
13:09:11.289 [FXGL Background Thread 3 ] DEBUG Engine               - menuKey: ESCAPE
13:09:11.289 [FXGL Background Thread 3 ] DEBUG Engine               - notificationViewClass: class com.almasb.fxgl.notification.view.XboxNotificationView
13:09:11.289 [FXGL Background Thread 3 ] DEBUG Engine               - pixelsPerMeter: 50.0
13:09:11.290 [FXGL Background Thread 3 ] DEBUG Engine               - platform: WINDOWS
13:09:11.291 [FXGL Background Thread 3 ] DEBUG Engine               - prefHeightProperty: ReadOnlyDoubleProperty [value: 704.0]
13:09:11.291 [FXGL Background Thread 3 ] DEBUG Engine               - prefWidthProperty: ReadOnlyDoubleProperty [value: 1344.0]
13:09:11.292 [FXGL Background Thread 3 ] DEBUG Engine               - profileDir: profiles/
13:09:11.292 [FXGL Background Thread 3 ] DEBUG Engine               - profileName: StringProperty [value: DEFAULT]
13:09:11.292 [FXGL Background Thread 3 ] DEBUG Engine               - randomSeed: -1
13:09:11.293 [FXGL Background Thread 3 ] DEBUG Engine               - runtimeInfo: RuntimeInfo(platform=WINDOWS, version=dev-SNAPSHOT, build=10.03.2021 13.16)
13:09:11.293 [FXGL Background Thread 3 ] DEBUG Engine               - saveFileExt: sav
13:09:11.293 [FXGL Background Thread 3 ] DEBUG Engine               - scaledHeightProp$fxgl: DoubleProperty [bound, value: 704.0]
13:09:11.295 [FXGL Background Thread 3 ] DEBUG Engine               - scaledWidthProp$fxgl: DoubleProperty [bound, value: 1344.0]
13:09:11.296 [FXGL Background Thread 3 ] DEBUG Engine               - sceneFactory: game.brickout.BrickoutApp$1@64434382
13:09:11.296 [FXGL Background Thread 3 ] DEBUG Engine               - secondsIn24h: 60
13:09:11.296 [FXGL Background Thread 3 ] DEBUG Engine               - soundMenuBack: menu/back.wav
13:09:11.303 [FXGL Background Thread 3 ] DEBUG Engine               - soundMenuPress: menu/press.wav
13:09:11.303 [FXGL Background Thread 3 ] DEBUG Engine               - soundMenuSelect: menu/select.wav
13:09:11.304 [FXGL Background Thread 3 ] DEBUG Engine               - soundNotification: core/notification.wav
13:09:11.304 [FXGL Background Thread 3 ] DEBUG Engine               - stageStyle: DECORATED
13:09:11.304 [FXGL Background Thread 3 ] DEBUG Engine               - supportedLanguages: [ENGLISH, FRENCH, GERMAN, HUNGARIAN, RUSSIAN]
13:09:11.305 [FXGL Background Thread 3 ] DEBUG Engine               - ticksPerSecond: -1
13:09:11.306 [FXGL Background Thread 3 ] DEBUG Engine               - title: FXGL Brickout
13:09:11.306 [FXGL Background Thread 3 ] DEBUG Engine               - urlGithub: https://github.com/AlmasB/FXGL
13:09:11.306 [FXGL Background Thread 3 ] DEBUG Engine               - urlLeaderboard: http://fxgl-top.herokuapp.com/
13:09:11.306 [FXGL Background Thread 3 ] DEBUG Engine               - urlPOM: https://raw.githubusercontent.com/AlmasB/FXGL/release/README.md
13:09:11.307 [FXGL Background Thread 3 ] DEBUG Engine               - userAppClass: class game.brickout.BrickoutApp
13:09:11.307 [FXGL Background Thread 3 ] DEBUG Engine               - version: 0.0
13:09:11.308 [FXGL Background Thread 3 ] DEBUG Engine               - versionCheckDays: 7
13:09:11.308 [FXGL Background Thread 3 ] DEBUG Engine               - width: 1344
13:09:11.309 [FXGL Background Thread 3 ] DEBUG Engine               - Logging services
13:09:11.309 [FXGL Background Thread 3 ] DEBUG Engine               - class com.almasb.fxgl.app.services.FXGLAssetLoaderService
13:09:11.314 [FXGL Background Thread 3 ] DEBUG Engine               - class com.almasb.fxgl.app.FXGLApplication$GameApplicationService
13:09:11.314 [FXGL Background Thread 3 ] DEBUG Engine               - class com.almasb.fxgl.app.services.FXGLDialogService
13:09:11.314 [FXGL Background Thread 3 ] DEBUG Engine               - class com.almasb.fxgl.app.services.IOTaskExecutorService
13:09:11.315 [FXGL Background Thread 3 ] DEBUG Engine               - class com.almasb.fxgl.event.EventBusService
13:09:11.315 [FXGL Background Thread 3 ] DEBUG Engine               - class com.almasb.fxgl.io.FileSystemService
13:09:11.317 [FXGL Background Thread 3 ] DEBUG Engine               - class com.almasb.fxgl.localization.LocalizationService
13:09:11.317 [FXGL Background Thread 3 ] DEBUG Engine               - class com.almasb.fxgl.app.services.SystemBundleService
13:09:11.317 [FXGL Background Thread 3 ] DEBUG Engine               - class com.almasb.fxgl.profile.SaveLoadService
13:09:11.319 [FXGL Background Thread 3 ] DEBUG Engine               - class com.almasb.fxgl.ui.FXGLUIFactoryServiceProvider
13:09:11.320 [FXGL Background Thread 3 ] DEBUG Engine               - class com.almasb.fxgl.ui.FXGLDialogFactoryServiceProvider
13:09:11.320 [FXGL Background Thread 3 ] DEBUG Engine               - class com.almasb.fxgl.audio.AudioPlayer
13:09:11.320 [FXGL Background Thread 3 ] DEBUG Engine               - class com.almasb.fxgl.notification.impl.NotificationServiceProvider
13:09:11.321 [FXGL Background Thread 3 ] DEBUG Engine               - class com.almasb.fxgl.achievement.AchievementService
13:09:11.321 [FXGL Background Thread 3 ] DEBUG Engine               - class com.almasb.fxgl.cutscene.CutsceneService
13:09:11.321 [FXGL Background Thread 3 ] DEBUG Engine               - class com.almasb.fxgl.minigames.MiniGameService
13:09:11.324 [FXGL Background Thread 2 ] DEBUG FXGLAssetLoaderServi - Loading from file system: file:/E:/faks/sve_za_igru/Brickout/target/classes/assets/textures/background/as1.jpg
13:09:11.321 [FXGL Background Thread 3 ] DEBUG Engine               - class com.almasb.fxgl.net.NetService
13:09:11.335 [FXGL Background Thread 3 ] DEBUG Engine               - class com.almasb.fxgl.app.services.UpdaterService
13:09:11.335 [FXGL Background Thread 3 ] DEBUG Engine               - class com.almasb.fxgl.dev.DevService
13:09:11.881 [FXGL Background Thread 2 ] INFO  FXGLApplication      - Game initialization took: 1.023 sec
13:09:11.884 [JavaFX Application Thread] DEBUG Input                - Clearing active input actions
13:09:11.902 [JavaFX Application Thread] DEBUG GameApplicationServi - Removing overlay from LoadingScreen and adding to GameScene
13:09:11.911 [JavaFX Application Thread] DEBUG PrimaryStageWindow   - LoadingScreen -> GameScene
13:09:13.715 [JavaFX Application Thread] DEBUG FXGLAssetLoaderServi - Loading from file system: file:/E:/faks/sve_za_igru/Brickout/target/classes/assets/textures/particles/moje.png
13:09:13.834 [JavaFX Application Thread] DEBUG PrimaryStageWindow   - Push state: NewLevelSubScene
13:09:13.835 [JavaFX Application Thread] DEBUG Input                - Clearing active input actions
13:09:13.835 [JavaFX Application Thread] DEBUG GameApplicationServi - Removing overlay from GameScene and adding to NewLevelSubScene
13:09:13.839 [JavaFX Application Thread] DEBUG PrimaryStageWindow   - GameScene -> NewLevelSubScene
13:09:16.509 [JavaFX Application Thread] DEBUG PrimaryStageWindow   - Pop state: NewLevelSubScene
13:09:16.509 [JavaFX Application Thread] DEBUG Input                - Clearing active input actions
13:09:16.511 [JavaFX Application Thread] DEBUG GameApplicationServi - Removing overlay from NewLevelSubScene and adding to GameScene
13:09:16.512 [JavaFX Application Thread] DEBUG PrimaryStageWindow   - GameScene <- NewLevelSubScene
13:09:22.788 [JavaFX Application Thread] DEBUG FXGLApplication      - Exiting FXGL
13:09:22.788 [JavaFX Application Thread] DEBUG LoopRunner           - Stopping loop
13:09:22.788 [JavaFX Application Thread] DEBUG SystemBundleService  - Saving FXGL system data
13:09:22.792 [JavaFX Application Thread] DEBUG FileSystemAccess     - Writing to: E:\faks\sve_za_igru\Brickout\system\fxgl.bundle
13:09:22.796 [JavaFX Application Thread] DEBUG Async                - Shutting down background threads
13:09:22.797 [JavaFX Application Thread] DEBUG PrimaryStageWindow   - Closing main window
13:09:22.829 [JavaFX Application Thread] DEBUG Logger               - Closing Logger
