13:23:07.060 [main                     ] DEBUG Logger               - Configured Logger
13:23:07.098 [main                     ] DEBUG GameApplication      - Logging settings
Title: FXGL Brickout
Version: 0.0
Width: 1344
Height: 704
Fullscreen: false
Intro: false
Profiling: false
Single step:false
App Mode: DEVELOPER
Menu Key: ESCAPE
Stage Style: DECORATED
Scene Factory: class game.brickout.BrickoutApp$1

13:23:08.806 [JavaFX Application Thread] DEBUG FXGLApplication      - Initializing FXGL
13:23:08.812 [JavaFX Application Thread] INFO  Engine               - FXGL-dev-SNAPSHOT (10.03.2021 13.16) on WINDOWS (J:15 FX:15)
13:23:08.814 [JavaFX Application Thread] DEBUG Engine               - JRE Vendor Name: Oracle Corporation
13:23:08.814 [JavaFX Application Thread] DEBUG Engine               - Running on OS: Windows 10 version 10.0
13:23:08.817 [JavaFX Application Thread] DEBUG Engine               - Architecture: amd64
13:23:08.820 [JavaFX Application Thread] INFO  Engine               - Source code and latest versions at: https://github.com/AlmasB/FXGL
13:23:08.824 [JavaFX Application Thread] INFO  Engine               -              Join the FXGL chat at: https://gitter.im/AlmasB/FXGL
13:23:09.583 [JavaFX Application Thread] DEBUG PrimaryStageWindow   - Creating a JavaFX scene
13:23:09.772 [JavaFX Application Thread] DEBUG PrimaryStageWindow   - Target settings size: 1344.0 x 704.0
13:23:09.773 [JavaFX Application Thread] DEBUG PrimaryStageWindow   - Scaled scene size:    1344.0 x 704.0
13:23:09.773 [JavaFX Application Thread] DEBUG PrimaryStageWindow   - Scaled ratio: (1.0, 1.0)
13:23:09.782 [JavaFX Application Thread] DEBUG PrimaryStageWindow   - Set initial scene to StartUpScene
13:23:09.806 [JavaFX Application Thread] DEBUG PrimaryStageWindow   - Opening main window
13:23:10.158 [JavaFX Application Thread] DEBUG PrimaryStageWindow   - Window border size: (16.0, 39.0)
13:23:10.158 [JavaFX Application Thread] DEBUG PrimaryStageWindow   - Scaled size: 1344.0 x 704.0
13:23:10.159 [JavaFX Application Thread] DEBUG PrimaryStageWindow   - Scaled ratio: (1.0, 1.0)
13:23:10.159 [JavaFX Application Thread] DEBUG PrimaryStageWindow   - Scene size: 1344.0 x 704.0
13:23:10.159 [JavaFX Application Thread] DEBUG PrimaryStageWindow   - Stage size: 1360.0 x 743.0
13:23:10.282 [FXGL Background Thread 1 ] DEBUG Engine               - Initializing environment variables
13:23:10.541 [FXGL Background Thread 1 ] DEBUG FXGLAssetLoaderServi - User app class for loading assets: class game.brickout.BrickoutApp
13:23:10.543 [FXGL Background Thread 1 ] DEBUG GameApplicationServi - Applying CSS: fxgl_dark.css
13:23:10.544 [FXGL Background Thread 1 ] DEBUG FXGLAssetLoaderServi - Loading from file system: jar:file:/C:/Users/Ivan/.m2/repository/com/github/almasb/fxgl/dev-SNAPSHOT/fxgl-dev-20210310.131736-1703.jar!/fxglassets/ui/css/fxgl_dark.css
13:23:10.788 [FXGL Background Thread 1 ] DEBUG GameApplicationServi - Initializing application scenes
13:23:10.899 [FXGL Background Thread 1 ] DEBUG GameWorld            - Game world initialized
13:23:11.124 [FXGL Background Thread 1 ] DEBUG PhysicsWorld         - Physics world initialized: appHeight=704, physics.ppm=50.0
13:23:11.125 [FXGL Background Thread 1 ] DEBUG PhysicsWorld         - Using strategy: BRUTE_FORCE
13:23:11.139 [FXGL Background Thread 1 ] DEBUG GameScene            - Game scene initialized: 1344x704
13:23:11.210 [FXGL Background Thread 1 ] DEBUG FXGLAssetLoaderServi - Loading from file system: file:/E:/faks/sve_za_igru/Brickout/target/classes/assets/textures/background/universe.jpg
13:23:11.607 [FXGL Background Thread 1 ] DEBUG FXGLAssetLoaderServi - Loading from file system: file:/E:/faks/sve_za_igru/Brickout/target/classes/assets/textures/particles/trace_horizontal.png
13:23:11.878 [FXGL Background Thread 1 ] DEBUG FXGL.DefaultMenu     - createMenuBodyGameMenu()
13:23:11.932 [FXGL Background Thread 1 ] DEBUG FXGL.DefaultMenu     - createOptionsMenu()
13:23:11.962 [FXGL Background Thread 1 ] DEBUG FXGLAssetLoaderServi - Loading from file system: jar:file:/C:/Users/Ivan/.m2/repository/com/github/almasb/fxgl/dev-SNAPSHOT/fxgl-dev-20210310.131736-1703.jar!/fxglassets/textures/particles/smoke.png
13:23:12.194 [FXGL Background Thread 1 ] DEBUG GameApplicationServi - Application scenes initialized
13:23:12.264 [FXGL Background Thread 1 ] DEBUG SystemBundleService  - Loading FXGL system data
13:23:12.312 [FXGL Background Thread 1 ] DEBUG FileSystemAccess     - Reading from: E:\faks\sve_za_igru\Brickout\system\fxgl.bundle
13:23:12.355 [FXGL Background Thread 1 ] DEBUG SystemBundleService  - Bundle FXGL: {}
13:23:12.356 [FXGL Background Thread 1 ] DEBUG UpdaterService       - Checking for updates
13:23:12.507 [FXGL Background Thread 1 ] DEBUG FXGLApplication      - Loading default localization
13:23:12.509 [FXGL Background Thread 1 ] DEBUG FXGLAssetLoaderServi - Loading from file system: jar:file:/C:/Users/Ivan/.m2/repository/com/github/almasb/fxgl/dev-SNAPSHOT/fxgl-dev-20210310.131736-1703.jar!/fxglassets/languages/english.lang
13:23:12.615 [FXGL Background Thread 1 ] INFO  FXGLApplication      - FXGL initialization took: 2.333 sec
13:23:12.615 [FXGL Background Thread 4 ] DEBUG FXGLApplication      - Loading fonts
13:23:12.617 [FXGL Background Thread 4 ] DEBUG FXGLAssetLoaderServi - Loading from file system: file:/E:/faks/sve_za_igru/Brickout/target/classes/assets/ui/fonts/plaguard.otf
13:23:12.653 [JavaFX Application Thread] DEBUG Input                - Registered new binding: Move Left - A
13:23:12.654 [JavaFX Application Thread] DEBUG Input                - Registered new binding: Move Right - D
13:23:12.654 [JavaFX Application Thread] DEBUG Input                - Registered new binding: Escape - Esc
13:23:12.655 [JavaFX Application Thread] DEBUG Input                - Registered new binding: Fire Ball - Space
13:23:12.655 [JavaFX Application Thread] DEBUG Input                - Registered new binding: Angle - M
13:23:12.656 [JavaFX Application Thread] DEBUG FXGLAssetLoaderServi - Loading from file system: file:/E:/faks/sve_za_igru/Brickout/target/classes/assets/music/BGM.mp3
13:23:13.211 [FXGL Background Thread 4 ] DEBUG FXGLAssetLoaderServi - Loading from file system: jar:file:/C:/Users/Ivan/.m2/repository/com/github/almasb/fxgl/dev-SNAPSHOT/fxgl-dev-20210310.131736-1703.jar!/fxglassets/ui/fonts/Abel-Regular.ttf
13:23:13.243 [FXGL Background Thread 4 ] DEBUG FXGLAssetLoaderServi - Loading from file system: jar:file:/C:/Users/Ivan/.m2/repository/com/github/almasb/fxgl/dev-SNAPSHOT/fxgl-dev-20210310.131736-1703.jar!/fxglassets/ui/fonts/lucida_console.ttf
13:23:13.274 [JavaFX Application Thread] DEBUG AudioPlayer          - Playing music com.almasb.fxgl.audio.Music@1eacda69
13:23:13.275 [JavaFX Application Thread] DEBUG FXGLAssetLoaderServi - Loading from file system: file:/E:/faks/sve_za_igru/Brickout/target/classes/assets/textures/icon/icon.png
13:23:13.278 [FXGL Background Thread 4 ] DEBUG FXGLAssetLoaderServi - Loading from file system: jar:file:/C:/Users/Ivan/.m2/repository/com/github/almasb/fxgl/dev-SNAPSHOT/fxgl-dev-20210310.131736-1703.jar!/fxglassets/ui/fonts/Courier-Prime.ttf
13:23:13.303 [JavaFX Application Thread] DEBUG FXGLAssetLoaderServi - Loading from file system: jar:file:/C:/Users/Ivan/.m2/repository/com/github/almasb/fxgl/dev-SNAPSHOT/fxgl-dev-20210310.131736-1703.jar!/fxglassets/ui/cursors/fxgl_default.png
13:23:13.310 [JavaFX Application Thread] DEBUG Input                - Registered new binding: Screenshot - P
13:23:13.312 [JavaFX Application Thread] DEBUG Input                - Registered new binding: Dev Options - 1
13:23:13.313 [JavaFX Application Thread] DEBUG Input                - Registered new binding: Dev Console - 2
13:23:13.315 [JavaFX Application Thread] DEBUG Input                - Registered new binding: System info dump - CTRL+9
13:23:13.316 [JavaFX Application Thread] DEBUG Input                - Registered new binding: Restart - CTRL+R
13:23:13.321 [JavaFX Application Thread] DEBUG Input                - Registered new binding: Toggle Debug Camera - CTRL+C
13:23:13.330 [JavaFX Application Thread] DEBUG LoopRunner           - Starting loop
13:23:13.424 [JavaFX Application Thread] DEBUG LoopRunner           - Initializing JavaFX AnimationTimerLoop
13:23:13.446 [JavaFX Application Thread] DEBUG Input                - Clearing active input actions
13:23:13.509 [JavaFX Application Thread] DEBUG GameApplicationServi - Removing overlay from StartUpScene and adding to FXGLMainMenuDummyScene
13:23:13.524 [JavaFX Application Thread] DEBUG PrimaryStageWindow   - StartUpScene -> FXGLMainMenuDummyScene
13:23:13.525 [JavaFX Application Thread] DEBUG PrimaryStageWindow   - Push state: AppMainMenu
13:23:13.526 [JavaFX Application Thread] DEBUG Input                - Clearing active input actions
13:23:13.531 [JavaFX Application Thread] DEBUG GameApplicationServi - Removing overlay from FXGLMainMenuDummyScene and adding to AppMainMenu
13:23:13.533 [JavaFX Application Thread] DEBUG PrimaryStageWindow   - FXGLMainMenuDummyScene -> AppMainMenu
13:23:13.994 [FXGL Background Thread 2 ] INFO  UpdaterService       - Your current version:  dev-SNAPSHOT
13:23:13.995 [FXGL Background Thread 2 ] INFO  UpdaterService       - Latest stable version: 11.14
13:23:14.156 [JavaFX Application Thread] DEBUG FXGLApplication      - Registering font factories with UI factory
13:23:14.982 [JavaFX Application Thread] DEBUG Menu                 - fireNewGame()
13:23:14.983 [JavaFX Application Thread] DEBUG GameApplicationServi - Starting new game
13:23:14.983 [JavaFX Application Thread] DEBUG PrimaryStageWindow   - Pop state: AppMainMenu
13:23:14.984 [JavaFX Application Thread] DEBUG Input                - Clearing active input actions
13:23:14.986 [JavaFX Application Thread] DEBUG GameApplicationServi - Removing overlay from AppMainMenu and adding to FXGLMainMenuDummyScene
13:23:14.991 [JavaFX Application Thread] DEBUG PrimaryStageWindow   - FXGLMainMenuDummyScene <- AppMainMenu
13:23:14.992 [JavaFX Application Thread] DEBUG Input                - Clearing active input actions
13:23:15.011 [JavaFX Application Thread] DEBUG GameApplicationServi - Removing overlay from FXGLMainMenuDummyScene and adding to LoadingScreen
13:23:15.013 [JavaFX Application Thread] DEBUG PrimaryStageWindow   - FXGLMainMenuDummyScene -> LoadingScreen
13:23:15.014 [JavaFX Application Thread] DEBUG GameApplicationServi - Clearing previous game
13:23:15.014 [JavaFX Application Thread] DEBUG GameScene            - Clearing game scene
13:23:15.015 [JavaFX Application Thread] DEBUG GameWorld            - Clearing game world
13:23:15.016 [JavaFX Application Thread] DEBUG PhysicsWorld         - Clearing physics world
13:23:15.019 [FXGL Background Thread 2 ] DEBUG FXGLApplication      - Initializing game
13:23:15.141 [FXGL Background Thread 2 ] WARN  TMXLevelLoader       - TiledMap generated from 1.4.3. Supported version: 1.2.3. Some features may not be parsed fully.
13:23:15.166 [FXGL Background Thread 2 ] DEBUG TMXLevelLoader       - Parsed raw map: TiledMap(width=14, height=22, tilewidth=96, tileheight=32, orientation=orthogonal, layers=[Layer(width=0, height=0, name=brick_layer, type=objectgroup, visible=false, x=0, y=0, data=[], objects=[com.almasb.fxgl.entity.level.tiled.TiledObject@1a4af49c, com.almasb.fxgl.entity.level.tiled.TiledObject@330e1597, com.almasb.fxgl.entity.level.tiled.TiledObject@58ba6ed1, com.almasb.fxgl.entity.level.tiled.TiledObject@11f89d9b, com.almasb.fxgl.entity.level.tiled.TiledObject@5c5b752c, com.almasb.fxgl.entity.level.tiled.TiledObject@1fba619d, com.almasb.fxgl.entity.level.tiled.TiledObject@147d585d, com.almasb.fxgl.entity.level.tiled.TiledObject@413c1b0c, com.almasb.fxgl.entity.level.tiled.TiledObject@46c9e412, com.almasb.fxgl.entity.level.tiled.TiledObject@a33c3df, com.almasb.fxgl.entity.level.tiled.TiledObject@74f2dd74, com.almasb.fxgl.entity.level.tiled.TiledObject@55375c9d, com.almasb.fxgl.entity.level.tiled.TiledObject@5c57db5d, com.almasb.fxgl.entity.level.tiled.TiledObject@486ec633], opacity=0.0, draworder=)], tilesets=[Tileset(firstgid=1, image=brick_blue.png, name=brick_blue, tilewidth=96, tileheight=32, imagewidth=96, imageheight=32, margin=0, spacing=0, columns=1, tilecount=1, transparentcolor=, tiles=[])], backgroundcolor=, renderorder=right-down, nextobjectid=16, version=1, tiledversion=1.4.3, type=map, infinite=false, hexsidelength=0, staggeraxis=, staggerindex=, properties={}, propertytypes={})
13:23:15.169 [FXGL Background Thread 2 ] DEBUG TMXLevelLoader       - Creating tile layer entities
13:23:15.170 [FXGL Background Thread 2 ] DEBUG TMXLevelLoader       - Creating object layer entities
13:23:15.375 [FXGL Background Thread 2 ] DEBUG GameWorld            - Clearing removable entities
13:23:15.377 [FXGL Background Thread 2 ] DEBUG GameWorld            - Setting level: com.almasb.fxgl.entity.level.Level@39a5343a
13:23:15.400 [FXGL Background Thread 2 ] DEBUG FXGLAssetLoaderServi - Loading from file system: file:/E:/faks/sve_za_igru/Brickout/target/classes/assets/textures/bat.png
13:23:15.423 [FXGL Background Thread 2 ] DEBUG FXGLAssetLoaderServi - Loading from file system: file:/E:/faks/sve_za_igru/Brickout/target/classes/assets/textures/ball.png
13:23:15.471 [FXGL Background Thread 2 ] DEBUG FXGLAssetLoaderServi - Loading from file system: file:/E:/faks/sve_za_igru/Brickout/target/classes/assets/textures/background/as1.jpg
13:23:15.491 [FXGL Background Thread 3 ] DEBUG Engine               - Logging environment variables
13:23:15.492 [FXGL Background Thread 3 ] DEBUG Engine               - achievements: []
13:23:15.493 [FXGL Background Thread 3 ] DEBUG Engine               - actualHeight: 704.0
13:23:15.493 [FXGL Background Thread 3 ] DEBUG Engine               - actualHeightProperty: ReadOnlyDoubleProperty [value: 704.0]
13:23:15.495 [FXGL Background Thread 3 ] DEBUG Engine               - actualWidth: 1344.0
13:23:15.504 [FXGL Background Thread 3 ] DEBUG Engine               - actualWidthProperty: ReadOnlyDoubleProperty [value: 1344.0]
13:23:15.506 [FXGL Background Thread 3 ] DEBUG Engine               - appIcon: icon/icon.png
13:23:15.506 [FXGL Background Thread 3 ] DEBUG Engine               - applicationMode: DEVELOPER
13:23:15.516 [FXGL Background Thread 3 ] DEBUG Engine               - cSSList: [fxgl_dark.css]
13:23:15.516 [FXGL Background Thread 3 ] DEBUG Engine               - collisionDetectionStrategy: BRUTE_FORCE
13:23:15.520 [FXGL Background Thread 3 ] DEBUG Engine               - configClass: Optional.empty
13:23:15.521 [FXGL Background Thread 3 ] DEBUG Engine               - credits: []
13:23:15.527 [FXGL Background Thread 3 ] DEBUG Engine               - devBBoxColorProperty: ObjectProperty [value: 0xff0000ff]
13:23:15.527 [FXGL Background Thread 3 ] DEBUG Engine               - devEnableDebugCameraProperty: BooleanProperty [value: false]
13:23:15.528 [FXGL Background Thread 3 ] DEBUG Engine               - devSensorColorProperty: ObjectProperty [value: 0xffff00ff]
13:23:15.529 [FXGL Background Thread 3 ] DEBUG Engine               - devShowBBoxProperty: BooleanProperty [value: false]
13:23:15.531 [FXGL Background Thread 3 ] DEBUG Engine               - devShowPositionProperty: BooleanProperty [value: false]
13:23:15.533 [FXGL Background Thread 3 ] DEBUG Engine               - enabledMenuItems: []
13:23:15.535 [FXGL Background Thread 3 ] DEBUG Engine               - engineServices: [class com.almasb.fxgl.app.services.FXGLAssetLoaderService, class com.almasb.fxgl.app.FXGLApplication$GameApplicationService, class com.almasb.fxgl.app.services.FXGLDialogService, class com.almasb.fxgl.app.services.IOTaskExecutorService, class com.almasb.fxgl.event.EventBusService, class com.almasb.fxgl.io.FileSystemService, class com.almasb.fxgl.localization.LocalizationService, class com.almasb.fxgl.app.services.SystemBundleService, class com.almasb.fxgl.profile.SaveLoadService, class com.almasb.fxgl.ui.FXGLUIFactoryServiceProvider, class com.almasb.fxgl.ui.FXGLDialogFactoryServiceProvider, class com.almasb.fxgl.audio.AudioPlayer, class com.almasb.fxgl.notification.impl.NotificationServiceProvider, class com.almasb.fxgl.achievement.AchievementService, class com.almasb.fxgl.cutscene.CutsceneService, class com.almasb.fxgl.minigames.MiniGameService, class com.almasb.fxgl.net.NetService, class com.almasb.fxgl.app.services.UpdaterService, class com.almasb.fxgl.dev.DevService]
13:23:15.536 [FXGL Background Thread 3 ] DEBUG Engine               - fontGame: Abel-Regular.ttf
13:23:15.536 [FXGL Background Thread 3 ] DEBUG Engine               - fontMono: lucida_console.ttf
13:23:15.538 [FXGL Background Thread 3 ] DEBUG Engine               - fontText: Courier-Prime.ttf
13:23:15.538 [FXGL Background Thread 3 ] DEBUG Engine               - fontUI: plaguard.otf
13:23:15.539 [FXGL Background Thread 3 ] DEBUG Engine               - fullScreen: BooleanProperty [value: false]
13:23:15.544 [FXGL Background Thread 3 ] DEBUG Engine               - gameDifficulty: MEDIUM
13:23:15.545 [FXGL Background Thread 3 ] DEBUG Engine               - gameDifficultyProperty: ObjectProperty [value: MEDIUM]
13:23:15.545 [FXGL Background Thread 3 ] DEBUG Engine               - globalMusicVolume: 0.5
13:23:15.546 [FXGL Background Thread 3 ] DEBUG Engine               - globalMusicVolumeProperty: DoubleProperty [value: 0.0]
13:23:15.546 [FXGL Background Thread 3 ] DEBUG Engine               - globalSoundVolume: 0.5
13:23:15.547 [FXGL Background Thread 3 ] DEBUG Engine               - globalSoundVolumeProperty: DoubleProperty [value: 0.2]
13:23:15.550 [FXGL Background Thread 3 ] DEBUG Engine               - height: 704
13:23:15.553 [FXGL Background Thread 3 ] DEBUG Engine               - isAndroid: false
13:23:15.553 [FXGL Background Thread 3 ] DEBUG Engine               - isBrowser: false
13:23:15.554 [FXGL Background Thread 3 ] DEBUG Engine               - isClickFeedbackEnabled: false
13:23:15.555 [FXGL Background Thread 3 ] DEBUG Engine               - isCloseConfirmation: false
13:23:15.555 [FXGL Background Thread 3 ] DEBUG Engine               - isDesktop: true
13:23:15.556 [FXGL Background Thread 3 ] DEBUG Engine               - isDeveloperMenuEnabled: true
13:23:15.557 [FXGL Background Thread 3 ] DEBUG Engine               - isEntityPreloadEnabled: true
13:23:15.557 [FXGL Background Thread 3 ] DEBUG Engine               - isExperimental3D: false
13:23:15.559 [FXGL Background Thread 3 ] DEBUG Engine               - isExperimentalNative: false
13:23:15.560 [FXGL Background Thread 3 ] DEBUG Engine               - isExperimentalTiledLargeMap: false
13:23:15.560 [FXGL Background Thread 3 ] DEBUG Engine               - isFileSystemWriteAllowed: true
13:23:15.561 [FXGL Background Thread 3 ] DEBUG Engine               - isFullScreenAllowed: false
13:23:15.561 [FXGL Background Thread 3 ] DEBUG Engine               - isFullScreenFromStart: false
13:23:15.562 [FXGL Background Thread 3 ] DEBUG Engine               - isGameMenuEnabled: true
13:23:15.562 [FXGL Background Thread 3 ] DEBUG Engine               - isIOS: false
13:23:15.563 [FXGL Background Thread 3 ] DEBUG Engine               - isIntroEnabled: false
13:23:15.563 [FXGL Background Thread 3 ] DEBUG Engine               - isLinux: false
13:23:15.564 [FXGL Background Thread 3 ] DEBUG Engine               - isMac: false
13:23:15.564 [FXGL Background Thread 3 ] DEBUG Engine               - isMainMenuEnabled: true
13:23:15.564 [FXGL Background Thread 3 ] DEBUG Engine               - isManualResizeEnabled: true
13:23:15.565 [FXGL Background Thread 3 ] DEBUG Engine               - isMobile: false
13:23:15.565 [FXGL Background Thread 3 ] DEBUG Engine               - isPreserveResizeRatio: true
13:23:15.566 [FXGL Background Thread 3 ] DEBUG Engine               - isProfilingEnabled: false
13:23:15.566 [FXGL Background Thread 3 ] DEBUG Engine               - isScaleAffectedOnResize: true
13:23:15.567 [FXGL Background Thread 3 ] DEBUG Engine               - isSingleStep: false
13:23:15.570 [FXGL Background Thread 3 ] DEBUG Engine               - isUserProfileEnabled: false
13:23:15.570 [FXGL Background Thread 3 ] DEBUG Engine               - isWindows: true
13:23:15.571 [FXGL Background Thread 3 ] DEBUG Engine               - language: ObjectProperty [value: ENGLISH]
13:23:15.571 [FXGL Background Thread 3 ] DEBUG Engine               - menuKey: ESCAPE
13:23:15.571 [FXGL Background Thread 3 ] DEBUG Engine               - notificationViewClass: class com.almasb.fxgl.notification.view.XboxNotificationView
13:23:15.572 [FXGL Background Thread 3 ] DEBUG Engine               - pixelsPerMeter: 50.0
13:23:15.572 [FXGL Background Thread 3 ] DEBUG Engine               - platform: WINDOWS
13:23:15.572 [FXGL Background Thread 3 ] DEBUG Engine               - prefHeightProperty: ReadOnlyDoubleProperty [value: 704.0]
13:23:15.572 [FXGL Background Thread 3 ] DEBUG Engine               - prefWidthProperty: ReadOnlyDoubleProperty [value: 1344.0]
13:23:15.573 [FXGL Background Thread 3 ] DEBUG Engine               - profileDir: profiles/
13:23:15.573 [FXGL Background Thread 3 ] DEBUG Engine               - profileName: StringProperty [value: DEFAULT]
13:23:15.573 [FXGL Background Thread 3 ] DEBUG Engine               - randomSeed: -1
13:23:15.574 [FXGL Background Thread 3 ] DEBUG Engine               - runtimeInfo: RuntimeInfo(platform=WINDOWS, version=dev-SNAPSHOT, build=10.03.2021 13.16)
13:23:15.574 [FXGL Background Thread 3 ] DEBUG Engine               - saveFileExt: sav
13:23:15.574 [FXGL Background Thread 3 ] DEBUG Engine               - scaledHeightProp$fxgl: DoubleProperty [bound, value: 704.0]
13:23:15.575 [FXGL Background Thread 3 ] DEBUG Engine               - scaledWidthProp$fxgl: DoubleProperty [bound, value: 1344.0]
13:23:15.575 [FXGL Background Thread 3 ] DEBUG Engine               - sceneFactory: game.brickout.BrickoutApp$1@5f132ffc
13:23:15.576 [FXGL Background Thread 3 ] DEBUG Engine               - secondsIn24h: 60
13:23:15.576 [FXGL Background Thread 3 ] DEBUG Engine               - soundMenuBack: menu/back.wav
13:23:15.577 [FXGL Background Thread 3 ] DEBUG Engine               - soundMenuPress: menu/press.wav
13:23:15.577 [FXGL Background Thread 3 ] DEBUG Engine               - soundMenuSelect: menu/select.wav
13:23:15.579 [FXGL Background Thread 3 ] DEBUG Engine               - soundNotification: core/notification.wav
13:23:15.579 [FXGL Background Thread 3 ] DEBUG Engine               - stageStyle: DECORATED
13:23:15.581 [FXGL Background Thread 3 ] DEBUG Engine               - supportedLanguages: [ENGLISH, FRENCH, GERMAN, HUNGARIAN, RUSSIAN]
13:23:15.582 [FXGL Background Thread 3 ] DEBUG Engine               - ticksPerSecond: -1
13:23:15.582 [FXGL Background Thread 3 ] DEBUG Engine               - title: FXGL Brickout
13:23:15.583 [FXGL Background Thread 3 ] DEBUG Engine               - urlGithub: https://github.com/AlmasB/FXGL
13:23:15.583 [FXGL Background Thread 3 ] DEBUG Engine               - urlLeaderboard: http://fxgl-top.herokuapp.com/
13:23:15.583 [FXGL Background Thread 3 ] DEBUG Engine               - urlPOM: https://raw.githubusercontent.com/AlmasB/FXGL/release/README.md
13:23:15.583 [FXGL Background Thread 3 ] DEBUG Engine               - userAppClass: class game.brickout.BrickoutApp
13:23:15.583 [FXGL Background Thread 3 ] DEBUG Engine               - version: 0.0
13:23:15.585 [FXGL Background Thread 3 ] DEBUG Engine               - versionCheckDays: 7
13:23:15.586 [FXGL Background Thread 3 ] DEBUG Engine               - width: 1344
13:23:15.586 [FXGL Background Thread 3 ] DEBUG Engine               - Logging services
13:23:15.586 [FXGL Background Thread 3 ] DEBUG Engine               - class com.almasb.fxgl.app.services.FXGLAssetLoaderService
13:23:15.586 [FXGL Background Thread 3 ] DEBUG Engine               - class com.almasb.fxgl.app.FXGLApplication$GameApplicationService
13:23:15.587 [FXGL Background Thread 3 ] DEBUG Engine               - class com.almasb.fxgl.app.services.FXGLDialogService
13:23:15.587 [FXGL Background Thread 3 ] DEBUG Engine               - class com.almasb.fxgl.app.services.IOTaskExecutorService
13:23:15.587 [FXGL Background Thread 3 ] DEBUG Engine               - class com.almasb.fxgl.event.EventBusService
13:23:15.589 [FXGL Background Thread 3 ] DEBUG Engine               - class com.almasb.fxgl.io.FileSystemService
13:23:15.590 [FXGL Background Thread 3 ] DEBUG Engine               - class com.almasb.fxgl.localization.LocalizationService
13:23:15.591 [FXGL Background Thread 3 ] DEBUG Engine               - class com.almasb.fxgl.app.services.SystemBundleService
13:23:15.591 [FXGL Background Thread 3 ] DEBUG Engine               - class com.almasb.fxgl.profile.SaveLoadService
13:23:15.591 [FXGL Background Thread 3 ] DEBUG Engine               - class com.almasb.fxgl.ui.FXGLUIFactoryServiceProvider
13:23:15.592 [FXGL Background Thread 3 ] DEBUG Engine               - class com.almasb.fxgl.ui.FXGLDialogFactoryServiceProvider
13:23:15.592 [FXGL Background Thread 3 ] DEBUG Engine               - class com.almasb.fxgl.audio.AudioPlayer
13:23:15.593 [FXGL Background Thread 3 ] DEBUG Engine               - class com.almasb.fxgl.notification.impl.NotificationServiceProvider
13:23:15.595 [FXGL Background Thread 3 ] DEBUG Engine               - class com.almasb.fxgl.achievement.AchievementService
13:23:15.596 [FXGL Background Thread 3 ] DEBUG Engine               - class com.almasb.fxgl.cutscene.CutsceneService
13:23:15.596 [FXGL Background Thread 3 ] DEBUG Engine               - class com.almasb.fxgl.minigames.MiniGameService
13:23:15.597 [FXGL Background Thread 3 ] DEBUG Engine               - class com.almasb.fxgl.net.NetService
13:23:15.599 [FXGL Background Thread 3 ] DEBUG Engine               - class com.almasb.fxgl.app.services.UpdaterService
13:23:15.600 [FXGL Background Thread 3 ] DEBUG Engine               - class com.almasb.fxgl.dev.DevService
13:23:16.014 [FXGL Background Thread 2 ] INFO  FXGLApplication      - Game initialization took: 0.995 sec
13:23:16.018 [JavaFX Application Thread] DEBUG Input                - Clearing active input actions
13:23:16.039 [JavaFX Application Thread] DEBUG GameApplicationServi - Removing overlay from LoadingScreen and adding to GameScene
13:23:16.050 [JavaFX Application Thread] DEBUG PrimaryStageWindow   - LoadingScreen -> GameScene
13:23:17.458 [JavaFX Application Thread] DEBUG FXGLAssetLoaderServi - Loading from file system: file:/E:/faks/sve_za_igru/Brickout/target/classes/assets/textures/particles/moje.png
13:23:17.575 [JavaFX Application Thread] DEBUG PrimaryStageWindow   - Push state: NewLevelSubScene
13:23:17.576 [JavaFX Application Thread] DEBUG Input                - Clearing active input actions
13:23:17.576 [JavaFX Application Thread] DEBUG GameApplicationServi - Removing overlay from GameScene and adding to NewLevelSubScene
13:23:17.579 [JavaFX Application Thread] DEBUG PrimaryStageWindow   - GameScene -> NewLevelSubScene
13:23:19.773 [JavaFX Application Thread] DEBUG PrimaryStageWindow   - Pop state: NewLevelSubScene
13:23:19.774 [JavaFX Application Thread] DEBUG Input                - Clearing active input actions
13:23:19.776 [JavaFX Application Thread] DEBUG GameApplicationServi - Removing overlay from NewLevelSubScene and adding to GameScene
13:23:19.779 [JavaFX Application Thread] DEBUG PrimaryStageWindow   - GameScene <- NewLevelSubScene
13:23:23.490 [JavaFX Application Thread] DEBUG FXGLApplication      - Exiting FXGL
13:23:23.491 [JavaFX Application Thread] DEBUG LoopRunner           - Stopping loop
13:23:23.491 [JavaFX Application Thread] DEBUG SystemBundleService  - Saving FXGL system data
13:23:23.494 [JavaFX Application Thread] DEBUG FileSystemAccess     - Writing to: E:\faks\sve_za_igru\Brickout\system\fxgl.bundle
13:23:23.497 [JavaFX Application Thread] DEBUG Async                - Shutting down background threads
13:23:23.498 [JavaFX Application Thread] DEBUG PrimaryStageWindow   - Closing main window
13:23:23.523 [JavaFX Application Thread] DEBUG Logger               - Closing Logger
