12:43:42.579 [main                     ] DEBUG Logger               - Configured Logger
12:43:42.626 [main                     ] DEBUG GameApplication      - Logging settings
Title: FXGL Brickout
Version: 0.0
Width: 1344
Height: 704
Fullscreen: false
Intro: false
Profiling: false
Single step:false
App Mode: DEVELOPER
Menu Key: ESCAPE
Stage Style: DECORATED
Scene Factory: class game.brickout.BrickoutApp$1

12:43:43.700 [JavaFX Application Thread] DEBUG FXGLApplication      - Initializing FXGL
12:43:43.705 [JavaFX Application Thread] INFO  Engine               - FXGL-dev-SNAPSHOT (10.03.2021 13.16) on WINDOWS (J:15 FX:15)
12:43:43.708 [JavaFX Application Thread] DEBUG Engine               - JRE Vendor Name: Oracle Corporation
12:43:43.710 [JavaFX Application Thread] DEBUG Engine               - Running on OS: Windows 10 version 10.0
12:43:43.711 [JavaFX Application Thread] DEBUG Engine               - Architecture: amd64
12:43:43.711 [JavaFX Application Thread] INFO  Engine               - Source code and latest versions at: https://github.com/AlmasB/FXGL
12:43:43.712 [JavaFX Application Thread] INFO  Engine               -              Join the FXGL chat at: https://gitter.im/AlmasB/FXGL
12:43:44.289 [JavaFX Application Thread] DEBUG PrimaryStageWindow   - Creating a JavaFX scene
12:43:44.425 [JavaFX Application Thread] DEBUG PrimaryStageWindow   - Target settings size: 1344.0 x 704.0
12:43:44.427 [JavaFX Application Thread] DEBUG PrimaryStageWindow   - Scaled scene size:    1344.0 x 704.0
12:43:44.428 [JavaFX Application Thread] DEBUG PrimaryStageWindow   - Scaled ratio: (1.0, 1.0)
12:43:44.432 [JavaFX Application Thread] DEBUG PrimaryStageWindow   - Set initial scene to StartUpScene
12:43:44.450 [JavaFX Application Thread] DEBUG PrimaryStageWindow   - Opening main window
12:43:44.723 [JavaFX Application Thread] DEBUG PrimaryStageWindow   - Window border size: (16.0, 39.0)
12:43:44.723 [JavaFX Application Thread] DEBUG PrimaryStageWindow   - Scaled size: 1344.0 x 704.0
12:43:44.724 [JavaFX Application Thread] DEBUG PrimaryStageWindow   - Scaled ratio: (1.0, 1.0)
12:43:44.724 [JavaFX Application Thread] DEBUG PrimaryStageWindow   - Scene size: 1344.0 x 704.0
12:43:44.725 [JavaFX Application Thread] DEBUG PrimaryStageWindow   - Stage size: 1360.0 x 743.0
12:43:44.876 [FXGL Background Thread 1 ] DEBUG Engine               - Initializing environment variables
12:43:44.965 [FXGL Background Thread 1 ] DEBUG FXGLAssetLoaderServi - User app class for loading assets: class game.brickout.BrickoutApp
12:43:44.965 [FXGL Background Thread 1 ] DEBUG GameApplicationServi - Applying CSS: fxgl_dark.css
12:43:44.967 [FXGL Background Thread 1 ] DEBUG FXGLAssetLoaderServi - Loading from file system: jar:file:/C:/Users/Ivan/.m2/repository/com/github/almasb/fxgl/dev-SNAPSHOT/fxgl-dev-20210310.131736-1703.jar!/fxglassets/ui/css/fxgl_dark.css
12:43:45.158 [FXGL Background Thread 1 ] DEBUG GameApplicationServi - Initializing application scenes
12:43:45.296 [FXGL Background Thread 1 ] DEBUG GameWorld            - Game world initialized
12:43:45.636 [FXGL Background Thread 1 ] DEBUG PhysicsWorld         - Physics world initialized: appHeight=704, physics.ppm=50.0
12:43:45.745 [FXGL Background Thread 1 ] DEBUG PhysicsWorld         - Using strategy: BRUTE_FORCE
12:43:45.760 [FXGL Background Thread 1 ] DEBUG GameScene            - Game scene initialized: 1344x704
12:43:45.912 [FXGL Background Thread 1 ] DEBUG FXGLAssetLoaderServi - Loading from file system: file:/E:/faks/sve_za_igru/Brickout/target/classes/assets/textures/background/universe.jpg
12:43:46.192 [FXGL Background Thread 1 ] DEBUG FXGLAssetLoaderServi - Loading from file system: file:/E:/faks/sve_za_igru/Brickout/target/classes/assets/textures/particles/trace_horizontal.png
12:43:46.416 [FXGL Background Thread 1 ] DEBUG FXGL.DefaultMenu     - createMenuBodyGameMenu()
12:43:46.498 [FXGL Background Thread 1 ] DEBUG FXGL.DefaultMenu     - createOptionsMenu()
12:43:46.532 [FXGL Background Thread 1 ] DEBUG FXGLAssetLoaderServi - Loading from file system: jar:file:/C:/Users/Ivan/.m2/repository/com/github/almasb/fxgl/dev-SNAPSHOT/fxgl-dev-20210310.131736-1703.jar!/fxglassets/textures/particles/smoke.png
12:43:46.706 [FXGL Background Thread 1 ] DEBUG GameApplicationServi - Application scenes initialized
12:43:46.746 [FXGL Background Thread 1 ] DEBUG SystemBundleService  - Loading FXGL system data
12:43:46.762 [FXGL Background Thread 1 ] DEBUG FileSystemAccess     - Reading from: E:\faks\sve_za_igru\Brickout\system\fxgl.bundle
12:43:46.783 [FXGL Background Thread 1 ] DEBUG SystemBundleService  - Bundle FXGL: {}
12:43:46.786 [FXGL Background Thread 1 ] DEBUG UpdaterService       - Checking for updates
12:43:46.920 [FXGL Background Thread 1 ] DEBUG FXGLApplication      - Loading default localization
12:43:46.922 [FXGL Background Thread 1 ] DEBUG FXGLAssetLoaderServi - Loading from file system: jar:file:/C:/Users/Ivan/.m2/repository/com/github/almasb/fxgl/dev-SNAPSHOT/fxgl-dev-20210310.131736-1703.jar!/fxglassets/languages/english.lang
12:43:46.970 [FXGL Background Thread 1 ] INFO  FXGLApplication      - FXGL initialization took: 2.095 sec
12:43:47.007 [JavaFX Application Thread] DEBUG Input                - Registered new binding: Move Left - A
12:43:47.008 [JavaFX Application Thread] DEBUG Input                - Registered new binding: Move Right - D
12:43:47.008 [JavaFX Application Thread] DEBUG Input                - Registered new binding: Escape - Esc
12:43:47.009 [JavaFX Application Thread] DEBUG Input                - Registered new binding: Fire Ball - Space
12:43:47.010 [JavaFX Application Thread] DEBUG FXGLAssetLoaderServi - Loading from file system: file:/E:/faks/sve_za_igru/Brickout/target/classes/assets/music/BGM.mp3
12:43:47.018 [FXGL Background Thread 4 ] DEBUG FXGLApplication      - Loading fonts
12:43:47.021 [FXGL Background Thread 4 ] DEBUG FXGLAssetLoaderServi - Loading from file system: file:/E:/faks/sve_za_igru/Brickout/target/classes/assets/ui/fonts/plaguard.otf
12:43:47.490 [FXGL Background Thread 4 ] DEBUG FXGLAssetLoaderServi - Loading from file system: jar:file:/C:/Users/Ivan/.m2/repository/com/github/almasb/fxgl/dev-SNAPSHOT/fxgl-dev-20210310.131736-1703.jar!/fxglassets/ui/fonts/Abel-Regular.ttf
12:43:47.515 [FXGL Background Thread 4 ] DEBUG FXGLAssetLoaderServi - Loading from file system: jar:file:/C:/Users/Ivan/.m2/repository/com/github/almasb/fxgl/dev-SNAPSHOT/fxgl-dev-20210310.131736-1703.jar!/fxglassets/ui/fonts/lucida_console.ttf
12:43:47.544 [FXGL Background Thread 4 ] DEBUG FXGLAssetLoaderServi - Loading from file system: jar:file:/C:/Users/Ivan/.m2/repository/com/github/almasb/fxgl/dev-SNAPSHOT/fxgl-dev-20210310.131736-1703.jar!/fxglassets/ui/fonts/Courier-Prime.ttf
12:43:47.560 [JavaFX Application Thread] DEBUG AudioPlayer          - Playing music com.almasb.fxgl.audio.Music@35822b9c
12:43:47.561 [JavaFX Application Thread] DEBUG FXGLAssetLoaderServi - Loading from file system: file:/E:/faks/sve_za_igru/Brickout/target/classes/assets/textures/icon/icon.png
12:43:47.575 [JavaFX Application Thread] DEBUG FXGLAssetLoaderServi - Loading from file system: jar:file:/C:/Users/Ivan/.m2/repository/com/github/almasb/fxgl/dev-SNAPSHOT/fxgl-dev-20210310.131736-1703.jar!/fxglassets/ui/cursors/fxgl_default.png
12:43:47.580 [JavaFX Application Thread] DEBUG Input                - Registered new binding: Screenshot - P
12:43:47.581 [JavaFX Application Thread] DEBUG Input                - Registered new binding: Dev Options - 1
12:43:47.582 [JavaFX Application Thread] DEBUG Input                - Registered new binding: Dev Console - 2
12:43:47.584 [JavaFX Application Thread] DEBUG Input                - Registered new binding: System info dump - CTRL+9
12:43:47.585 [JavaFX Application Thread] DEBUG Input                - Registered new binding: Restart - CTRL+R
12:43:47.587 [JavaFX Application Thread] DEBUG Input                - Registered new binding: Toggle Debug Camera - CTRL+C
12:43:47.595 [JavaFX Application Thread] DEBUG LoopRunner           - Starting loop
12:43:47.631 [JavaFX Application Thread] DEBUG LoopRunner           - Initializing JavaFX AnimationTimerLoop
12:43:47.638 [JavaFX Application Thread] DEBUG Input                - Clearing active input actions
12:43:47.703 [JavaFX Application Thread] DEBUG GameApplicationServi - Removing overlay from StartUpScene and adding to FXGLMainMenuDummyScene
12:43:47.714 [JavaFX Application Thread] DEBUG PrimaryStageWindow   - StartUpScene -> FXGLMainMenuDummyScene
12:43:47.714 [JavaFX Application Thread] DEBUG PrimaryStageWindow   - Push state: AppMainMenu
12:43:47.715 [JavaFX Application Thread] DEBUG Input                - Clearing active input actions
12:43:47.719 [JavaFX Application Thread] DEBUG GameApplicationServi - Removing overlay from FXGLMainMenuDummyScene and adding to AppMainMenu
12:43:47.721 [JavaFX Application Thread] DEBUG PrimaryStageWindow   - FXGLMainMenuDummyScene -> AppMainMenu
12:43:48.154 [FXGL Background Thread 2 ] INFO  UpdaterService       - Your current version:  dev-SNAPSHOT
12:43:48.160 [FXGL Background Thread 2 ] INFO  UpdaterService       - Latest stable version: 11.14
12:43:48.251 [JavaFX Application Thread] DEBUG FXGLApplication      - Registering font factories with UI factory
12:43:49.899 [FXGL Background Thread 3 ] DEBUG Engine               - Logging environment variables
12:43:49.902 [FXGL Background Thread 3 ] DEBUG Engine               - achievements: []
12:43:49.902 [FXGL Background Thread 3 ] DEBUG Engine               - actualHeight: 704.0
12:43:49.903 [FXGL Background Thread 3 ] DEBUG Engine               - actualHeightProperty: ReadOnlyDoubleProperty [value: 704.0]
12:43:49.906 [FXGL Background Thread 3 ] DEBUG Engine               - actualWidth: 1344.0
12:43:49.908 [FXGL Background Thread 3 ] DEBUG Engine               - actualWidthProperty: ReadOnlyDoubleProperty [value: 1344.0]
12:43:49.908 [FXGL Background Thread 3 ] DEBUG Engine               - appIcon: icon/icon.png
12:43:49.908 [FXGL Background Thread 3 ] DEBUG Engine               - applicationMode: DEVELOPER
12:43:49.908 [FXGL Background Thread 3 ] DEBUG Engine               - cSSList: [fxgl_dark.css]
12:43:49.909 [FXGL Background Thread 3 ] DEBUG Engine               - collisionDetectionStrategy: BRUTE_FORCE
12:43:49.909 [FXGL Background Thread 3 ] DEBUG Engine               - configClass: Optional.empty
12:43:49.910 [FXGL Background Thread 3 ] DEBUG Engine               - credits: []
12:43:49.910 [FXGL Background Thread 3 ] DEBUG Engine               - devBBoxColorProperty: ObjectProperty [value: 0xff0000ff]
12:43:49.911 [FXGL Background Thread 3 ] DEBUG Engine               - devEnableDebugCameraProperty: BooleanProperty [value: false]
12:43:49.912 [FXGL Background Thread 3 ] DEBUG Engine               - devSensorColorProperty: ObjectProperty [value: 0xffff00ff]
12:43:49.912 [FXGL Background Thread 3 ] DEBUG Engine               - devShowBBoxProperty: BooleanProperty [value: false]
12:43:49.912 [FXGL Background Thread 3 ] DEBUG Engine               - devShowPositionProperty: BooleanProperty [value: false]
12:43:49.913 [FXGL Background Thread 3 ] DEBUG Engine               - enabledMenuItems: []
12:43:49.913 [FXGL Background Thread 3 ] DEBUG Engine               - engineServices: [class com.almasb.fxgl.app.services.FXGLAssetLoaderService, class com.almasb.fxgl.app.FXGLApplication$GameApplicationService, class com.almasb.fxgl.app.services.FXGLDialogService, class com.almasb.fxgl.app.services.IOTaskExecutorService, class com.almasb.fxgl.event.EventBusService, class com.almasb.fxgl.io.FileSystemService, class com.almasb.fxgl.localization.LocalizationService, class com.almasb.fxgl.app.services.SystemBundleService, class com.almasb.fxgl.profile.SaveLoadService, class com.almasb.fxgl.ui.FXGLUIFactoryServiceProvider, class com.almasb.fxgl.ui.FXGLDialogFactoryServiceProvider, class com.almasb.fxgl.audio.AudioPlayer, class com.almasb.fxgl.notification.impl.NotificationServiceProvider, class com.almasb.fxgl.achievement.AchievementService, class com.almasb.fxgl.cutscene.CutsceneService, class com.almasb.fxgl.minigames.MiniGameService, class com.almasb.fxgl.net.NetService, class com.almasb.fxgl.app.services.UpdaterService, class com.almasb.fxgl.dev.DevService]
12:43:49.914 [FXGL Background Thread 3 ] DEBUG Engine               - fontGame: Abel-Regular.ttf
12:43:49.915 [FXGL Background Thread 3 ] DEBUG Engine               - fontMono: lucida_console.ttf
12:43:49.915 [FXGL Background Thread 3 ] DEBUG Engine               - fontText: Courier-Prime.ttf
12:43:49.916 [FXGL Background Thread 3 ] DEBUG Engine               - fontUI: plaguard.otf
12:43:49.916 [FXGL Background Thread 3 ] DEBUG Engine               - fullScreen: BooleanProperty [value: false]
12:43:49.917 [FXGL Background Thread 3 ] DEBUG Engine               - gameDifficulty: MEDIUM
12:43:49.917 [FXGL Background Thread 3 ] DEBUG Engine               - gameDifficultyProperty: ObjectProperty [value: MEDIUM]
12:43:49.918 [FXGL Background Thread 3 ] DEBUG Engine               - globalMusicVolume: 0.5
12:43:49.918 [FXGL Background Thread 3 ] DEBUG Engine               - globalMusicVolumeProperty: DoubleProperty [value: 0.0]
12:43:49.918 [FXGL Background Thread 3 ] DEBUG Engine               - globalSoundVolume: 0.5
12:43:49.918 [FXGL Background Thread 3 ] DEBUG Engine               - globalSoundVolumeProperty: DoubleProperty [value: 0.2]
12:43:49.919 [FXGL Background Thread 3 ] DEBUG Engine               - height: 704
12:43:49.919 [FXGL Background Thread 3 ] DEBUG Engine               - isAndroid: false
12:43:49.919 [FXGL Background Thread 3 ] DEBUG Engine               - isBrowser: false
12:43:49.919 [FXGL Background Thread 3 ] DEBUG Engine               - isClickFeedbackEnabled: false
12:43:49.920 [FXGL Background Thread 3 ] DEBUG Engine               - isCloseConfirmation: false
12:43:49.921 [FXGL Background Thread 3 ] DEBUG Engine               - isDesktop: true
12:43:49.921 [FXGL Background Thread 3 ] DEBUG Engine               - isDeveloperMenuEnabled: true
12:43:49.922 [FXGL Background Thread 3 ] DEBUG Engine               - isEntityPreloadEnabled: true
12:43:49.922 [FXGL Background Thread 3 ] DEBUG Engine               - isExperimental3D: false
12:43:49.922 [FXGL Background Thread 3 ] DEBUG Engine               - isExperimentalNative: false
12:43:49.923 [FXGL Background Thread 3 ] DEBUG Engine               - isExperimentalTiledLargeMap: false
12:43:49.923 [FXGL Background Thread 3 ] DEBUG Engine               - isFileSystemWriteAllowed: true
12:43:49.924 [FXGL Background Thread 3 ] DEBUG Engine               - isFullScreenAllowed: false
12:43:49.924 [FXGL Background Thread 3 ] DEBUG Engine               - isFullScreenFromStart: false
12:43:49.924 [FXGL Background Thread 3 ] DEBUG Engine               - isGameMenuEnabled: true
12:43:49.924 [FXGL Background Thread 3 ] DEBUG Engine               - isIOS: false
12:43:49.925 [FXGL Background Thread 3 ] DEBUG Engine               - isIntroEnabled: false
12:43:49.925 [FXGL Background Thread 3 ] DEBUG Engine               - isLinux: false
12:43:49.925 [FXGL Background Thread 3 ] DEBUG Engine               - isMac: false
12:43:49.925 [FXGL Background Thread 3 ] DEBUG Engine               - isMainMenuEnabled: true
12:43:49.926 [FXGL Background Thread 3 ] DEBUG Engine               - isManualResizeEnabled: true
12:43:49.926 [FXGL Background Thread 3 ] DEBUG Engine               - isMobile: false
12:43:49.927 [FXGL Background Thread 3 ] DEBUG Engine               - isPreserveResizeRatio: true
12:43:49.927 [FXGL Background Thread 3 ] DEBUG Engine               - isProfilingEnabled: false
12:43:49.927 [FXGL Background Thread 3 ] DEBUG Engine               - isScaleAffectedOnResize: true
12:43:49.928 [FXGL Background Thread 3 ] DEBUG Engine               - isSingleStep: false
12:43:49.928 [FXGL Background Thread 3 ] DEBUG Engine               - isUserProfileEnabled: false
12:43:49.928 [FXGL Background Thread 3 ] DEBUG Engine               - isWindows: true
12:43:49.928 [FXGL Background Thread 3 ] DEBUG Engine               - language: ObjectProperty [value: ENGLISH]
12:43:49.928 [FXGL Background Thread 3 ] DEBUG Engine               - menuKey: ESCAPE
12:43:49.929 [FXGL Background Thread 3 ] DEBUG Engine               - notificationViewClass: class com.almasb.fxgl.notification.view.XboxNotificationView
12:43:49.930 [FXGL Background Thread 3 ] DEBUG Engine               - pixelsPerMeter: 50.0
12:43:49.930 [FXGL Background Thread 3 ] DEBUG Engine               - platform: WINDOWS
12:43:49.931 [FXGL Background Thread 3 ] DEBUG Engine               - prefHeightProperty: ReadOnlyDoubleProperty [value: 704.0]
12:43:49.931 [FXGL Background Thread 3 ] DEBUG Engine               - prefWidthProperty: ReadOnlyDoubleProperty [value: 1344.0]
12:43:49.931 [FXGL Background Thread 3 ] DEBUG Engine               - profileDir: profiles/
12:43:49.932 [FXGL Background Thread 3 ] DEBUG Engine               - profileName: StringProperty [value: DEFAULT]
12:43:49.932 [FXGL Background Thread 3 ] DEBUG Engine               - randomSeed: -1
12:43:49.933 [FXGL Background Thread 3 ] DEBUG Engine               - runtimeInfo: RuntimeInfo(platform=WINDOWS, version=dev-SNAPSHOT, build=10.03.2021 13.16)
12:43:49.933 [FXGL Background Thread 3 ] DEBUG Engine               - saveFileExt: sav
12:43:49.933 [FXGL Background Thread 3 ] DEBUG Engine               - scaledHeightProp$fxgl: DoubleProperty [bound, value: 704.0]
12:43:49.934 [FXGL Background Thread 3 ] DEBUG Engine               - scaledWidthProp$fxgl: DoubleProperty [bound, value: 1344.0]
12:43:49.934 [FXGL Background Thread 3 ] DEBUG Engine               - sceneFactory: game.brickout.BrickoutApp$1@d123db9
12:43:49.935 [FXGL Background Thread 3 ] DEBUG Engine               - secondsIn24h: 60
12:43:49.935 [FXGL Background Thread 3 ] DEBUG Engine               - soundMenuBack: menu/back.wav
12:43:49.935 [FXGL Background Thread 3 ] DEBUG Engine               - soundMenuPress: menu/press.wav
12:43:49.935 [FXGL Background Thread 3 ] DEBUG Engine               - soundMenuSelect: menu/select.wav
12:43:49.936 [FXGL Background Thread 3 ] DEBUG Engine               - soundNotification: core/notification.wav
12:43:49.936 [FXGL Background Thread 3 ] DEBUG Engine               - stageStyle: DECORATED
12:43:49.936 [FXGL Background Thread 3 ] DEBUG Engine               - supportedLanguages: [ENGLISH, FRENCH, GERMAN, HUNGARIAN, RUSSIAN]
12:43:49.937 [FXGL Background Thread 3 ] DEBUG Engine               - ticksPerSecond: -1
12:43:49.937 [FXGL Background Thread 3 ] DEBUG Engine               - title: FXGL Brickout
12:43:49.938 [FXGL Background Thread 3 ] DEBUG Engine               - urlGithub: https://github.com/AlmasB/FXGL
12:43:49.938 [FXGL Background Thread 3 ] DEBUG Engine               - urlLeaderboard: http://fxgl-top.herokuapp.com/
12:43:49.939 [FXGL Background Thread 3 ] DEBUG Engine               - urlPOM: https://raw.githubusercontent.com/AlmasB/FXGL/release/README.md
12:43:49.939 [FXGL Background Thread 3 ] DEBUG Engine               - userAppClass: class game.brickout.BrickoutApp
12:43:49.939 [FXGL Background Thread 3 ] DEBUG Engine               - version: 0.0
12:43:49.940 [FXGL Background Thread 3 ] DEBUG Engine               - versionCheckDays: 7
12:43:49.941 [FXGL Background Thread 3 ] DEBUG Engine               - width: 1344
12:43:49.941 [FXGL Background Thread 3 ] DEBUG Engine               - Logging services
12:43:49.942 [FXGL Background Thread 3 ] DEBUG Engine               - class com.almasb.fxgl.app.services.FXGLAssetLoaderService
12:43:49.942 [FXGL Background Thread 3 ] DEBUG Engine               - class com.almasb.fxgl.app.FXGLApplication$GameApplicationService
12:43:49.942 [FXGL Background Thread 3 ] DEBUG Engine               - class com.almasb.fxgl.app.services.FXGLDialogService
12:43:49.943 [FXGL Background Thread 3 ] DEBUG Engine               - class com.almasb.fxgl.app.services.IOTaskExecutorService
12:43:49.943 [FXGL Background Thread 3 ] DEBUG Engine               - class com.almasb.fxgl.event.EventBusService
12:43:49.943 [FXGL Background Thread 3 ] DEBUG Engine               - class com.almasb.fxgl.io.FileSystemService
12:43:49.943 [FXGL Background Thread 3 ] DEBUG Engine               - class com.almasb.fxgl.localization.LocalizationService
12:43:49.944 [FXGL Background Thread 3 ] DEBUG Engine               - class com.almasb.fxgl.app.services.SystemBundleService
12:43:49.945 [FXGL Background Thread 3 ] DEBUG Engine               - class com.almasb.fxgl.profile.SaveLoadService
12:43:49.945 [FXGL Background Thread 3 ] DEBUG Engine               - class com.almasb.fxgl.ui.FXGLUIFactoryServiceProvider
12:43:49.945 [FXGL Background Thread 3 ] DEBUG Engine               - class com.almasb.fxgl.ui.FXGLDialogFactoryServiceProvider
12:43:49.945 [FXGL Background Thread 3 ] DEBUG Engine               - class com.almasb.fxgl.audio.AudioPlayer
12:43:49.946 [FXGL Background Thread 3 ] DEBUG Engine               - class com.almasb.fxgl.notification.impl.NotificationServiceProvider
12:43:49.946 [FXGL Background Thread 3 ] DEBUG Engine               - class com.almasb.fxgl.achievement.AchievementService
12:43:49.947 [FXGL Background Thread 3 ] DEBUG Engine               - class com.almasb.fxgl.cutscene.CutsceneService
12:43:49.947 [FXGL Background Thread 3 ] DEBUG Engine               - class com.almasb.fxgl.minigames.MiniGameService
12:43:49.947 [FXGL Background Thread 3 ] DEBUG Engine               - class com.almasb.fxgl.net.NetService
12:43:49.947 [FXGL Background Thread 3 ] DEBUG Engine               - class com.almasb.fxgl.app.services.UpdaterService
12:43:49.948 [FXGL Background Thread 3 ] DEBUG Engine               - class com.almasb.fxgl.dev.DevService
12:43:52.352 [JavaFX Application Thread] DEBUG Menu                 - fireNewGame()
12:43:52.352 [JavaFX Application Thread] DEBUG GameApplicationServi - Starting new game
12:43:52.353 [JavaFX Application Thread] DEBUG PrimaryStageWindow   - Pop state: AppMainMenu
12:43:52.353 [JavaFX Application Thread] DEBUG Input                - Clearing active input actions
12:43:52.356 [JavaFX Application Thread] DEBUG GameApplicationServi - Removing overlay from AppMainMenu and adding to FXGLMainMenuDummyScene
12:43:52.364 [JavaFX Application Thread] DEBUG PrimaryStageWindow   - FXGLMainMenuDummyScene <- AppMainMenu
12:43:52.365 [JavaFX Application Thread] DEBUG Input                - Clearing active input actions
12:43:52.394 [JavaFX Application Thread] DEBUG GameApplicationServi - Removing overlay from FXGLMainMenuDummyScene and adding to LoadingScreen
12:43:52.396 [JavaFX Application Thread] DEBUG PrimaryStageWindow   - FXGLMainMenuDummyScene -> LoadingScreen
12:43:52.396 [JavaFX Application Thread] DEBUG GameApplicationServi - Clearing previous game
12:43:52.397 [JavaFX Application Thread] DEBUG GameScene            - Clearing game scene
12:43:52.400 [JavaFX Application Thread] DEBUG GameWorld            - Clearing game world
12:43:52.401 [JavaFX Application Thread] DEBUG PhysicsWorld         - Clearing physics world
12:43:52.404 [FXGL Background Thread 2 ] DEBUG FXGLApplication      - Initializing game
12:43:52.618 [FXGL Background Thread 2 ] WARN  TMXLevelLoader       - TiledMap generated from 1.4.3. Supported version: 1.2.3. Some features may not be parsed fully.
12:43:52.635 [FXGL Background Thread 2 ] DEBUG TMXLevelLoader       - Parsed raw map: TiledMap(width=14, height=22, tilewidth=96, tileheight=32, orientation=orthogonal, layers=[Layer(width=0, height=0, name=brick_layer, type=objectgroup, visible=false, x=0, y=0, data=[], objects=[com.almasb.fxgl.entity.level.tiled.TiledObject@5683d2b7, com.almasb.fxgl.entity.level.tiled.TiledObject@2b35cefe, com.almasb.fxgl.entity.level.tiled.TiledObject@1144aec6, com.almasb.fxgl.entity.level.tiled.TiledObject@64bd7520, com.almasb.fxgl.entity.level.tiled.TiledObject@2c63156a, com.almasb.fxgl.entity.level.tiled.TiledObject@29a46c26, com.almasb.fxgl.entity.level.tiled.TiledObject@1d22d54a, com.almasb.fxgl.entity.level.tiled.TiledObject@1239b7bb, com.almasb.fxgl.entity.level.tiled.TiledObject@26c538d3, com.almasb.fxgl.entity.level.tiled.TiledObject@2c8aa571, com.almasb.fxgl.entity.level.tiled.TiledObject@2709bd2f, com.almasb.fxgl.entity.level.tiled.TiledObject@7852421a, com.almasb.fxgl.entity.level.tiled.TiledObject@775eee63, com.almasb.fxgl.entity.level.tiled.TiledObject@e066cd4], opacity=0.0, draworder=)], tilesets=[Tileset(firstgid=1, image=brick_blue.png, name=brick_blue, tilewidth=96, tileheight=32, imagewidth=96, imageheight=32, margin=0, spacing=0, columns=1, tilecount=1, transparentcolor=, tiles=[])], backgroundcolor=, renderorder=right-down, nextobjectid=16, version=1, tiledversion=1.4.3, type=map, infinite=false, hexsidelength=0, staggeraxis=, staggerindex=, properties={}, propertytypes={})
12:43:52.637 [FXGL Background Thread 2 ] DEBUG TMXLevelLoader       - Creating tile layer entities
12:43:52.638 [FXGL Background Thread 2 ] DEBUG TMXLevelLoader       - Creating object layer entities
12:43:52.758 [FXGL Background Thread 2 ] DEBUG GameWorld            - Clearing removable entities
12:43:52.759 [FXGL Background Thread 2 ] DEBUG GameWorld            - Setting level: com.almasb.fxgl.entity.level.Level@a3f704
12:43:52.776 [FXGL Background Thread 2 ] DEBUG FXGLAssetLoaderServi - Loading from file system: file:/E:/faks/sve_za_igru/Brickout/target/classes/assets/textures/bat.png
12:43:52.812 [FXGL Background Thread 2 ] DEBUG FXGLAssetLoaderServi - Loading from file system: file:/E:/faks/sve_za_igru/Brickout/target/classes/assets/textures/ball.png
12:43:52.889 [FXGL Background Thread 2 ] DEBUG FXGLAssetLoaderServi - Loading from file system: file:/E:/faks/sve_za_igru/Brickout/target/classes/assets/textures/background/as1.jpg
12:43:53.339 [FXGL Background Thread 2 ] INFO  FXGLApplication      - Game initialization took: 0.935 sec
12:43:53.346 [JavaFX Application Thread] DEBUG Input                - Clearing active input actions
12:43:53.359 [JavaFX Application Thread] DEBUG GameApplicationServi - Removing overlay from LoadingScreen and adding to GameScene
12:43:53.368 [JavaFX Application Thread] DEBUG PrimaryStageWindow   - LoadingScreen -> GameScene
12:43:55.729 [JavaFX Application Thread] DEBUG FXGLAssetLoaderServi - Loading from file system: file:/E:/faks/sve_za_igru/Brickout/target/classes/assets/textures/particles/moje.png
12:43:55.842 [JavaFX Application Thread] DEBUG PrimaryStageWindow   - Push state: NewLevelSubScene
12:43:55.842 [JavaFX Application Thread] DEBUG Input                - Clearing active input actions
12:43:55.842 [JavaFX Application Thread] DEBUG GameApplicationServi - Removing overlay from GameScene and adding to NewLevelSubScene
12:43:55.845 [JavaFX Application Thread] DEBUG PrimaryStageWindow   - GameScene -> NewLevelSubScene
12:43:58.685 [JavaFX Application Thread] DEBUG PrimaryStageWindow   - Pop state: NewLevelSubScene
12:43:58.685 [JavaFX Application Thread] DEBUG Input                - Clearing active input actions
12:43:58.688 [JavaFX Application Thread] DEBUG GameApplicationServi - Removing overlay from NewLevelSubScene and adding to GameScene
12:43:58.690 [JavaFX Application Thread] DEBUG PrimaryStageWindow   - GameScene <- NewLevelSubScene
12:44:07.915 [JavaFX Application Thread] DEBUG FXGLApplication      - Exiting FXGL
12:44:07.916 [JavaFX Application Thread] DEBUG LoopRunner           - Stopping loop
12:44:07.916 [JavaFX Application Thread] DEBUG SystemBundleService  - Saving FXGL system data
12:44:07.919 [JavaFX Application Thread] DEBUG FileSystemAccess     - Writing to: E:\faks\sve_za_igru\Brickout\system\fxgl.bundle
12:44:07.923 [JavaFX Application Thread] DEBUG Async                - Shutting down background threads
12:44:07.924 [JavaFX Application Thread] DEBUG PrimaryStageWindow   - Closing main window
12:44:07.953 [JavaFX Application Thread] DEBUG Logger               - Closing Logger
