13:01:37.295 [main                     ] DEBUG Logger               - Configured Logger
13:01:37.324 [main                     ] DEBUG GameApplication      - Logging settings
Title: FXGL Brickout
Version: 0.0
Width: 1344
Height: 704
Fullscreen: false
Intro: false
Profiling: false
Single step:false
App Mode: DEVELOPER
Menu Key: ESCAPE
Stage Style: DECORATED
Scene Factory: class game.brickout.BrickoutApp$1

13:01:39.210 [JavaFX Application Thread] DEBUG FXGLApplication      - Initializing FXGL
13:01:39.214 [JavaFX Application Thread] INFO  Engine               - FXGL-dev-SNAPSHOT (10.03.2021 13.16) on WINDOWS (J:15 FX:15)
13:01:39.215 [JavaFX Application Thread] DEBUG Engine               - JRE Vendor Name: Oracle Corporation
13:01:39.216 [JavaFX Application Thread] DEBUG Engine               - Running on OS: Windows 10 version 10.0
13:01:39.216 [JavaFX Application Thread] DEBUG Engine               - Architecture: amd64
13:01:39.216 [JavaFX Application Thread] INFO  Engine               - Source code and latest versions at: https://github.com/AlmasB/FXGL
13:01:39.217 [JavaFX Application Thread] INFO  Engine               -              Join the FXGL chat at: https://gitter.im/AlmasB/FXGL
13:01:40.704 [JavaFX Application Thread] DEBUG PrimaryStageWindow   - Creating a JavaFX scene
13:01:40.840 [JavaFX Application Thread] DEBUG PrimaryStageWindow   - Target settings size: 1344.0 x 704.0
13:01:40.843 [JavaFX Application Thread] DEBUG PrimaryStageWindow   - Scaled scene size:    1344.0 x 704.0
13:01:40.845 [JavaFX Application Thread] DEBUG PrimaryStageWindow   - Scaled ratio: (1.0, 1.0)
13:01:40.849 [JavaFX Application Thread] DEBUG PrimaryStageWindow   - Set initial scene to StartUpScene
13:01:40.881 [JavaFX Application Thread] DEBUG PrimaryStageWindow   - Opening main window
13:01:41.511 [JavaFX Application Thread] DEBUG PrimaryStageWindow   - Window border size: (16.0, 39.0)
13:01:41.513 [JavaFX Application Thread] DEBUG PrimaryStageWindow   - Scaled size: 1344.0 x 704.0
13:01:41.513 [JavaFX Application Thread] DEBUG PrimaryStageWindow   - Scaled ratio: (1.0, 1.0)
13:01:41.514 [JavaFX Application Thread] DEBUG PrimaryStageWindow   - Scene size: 1344.0 x 704.0
13:01:41.514 [JavaFX Application Thread] DEBUG PrimaryStageWindow   - Stage size: 1360.0 x 743.0
13:01:41.539 [FXGL Background Thread 1 ] DEBUG Engine               - Initializing environment variables
13:01:41.702 [FXGL Background Thread 1 ] DEBUG FXGLAssetLoaderServi - User app class for loading assets: class game.brickout.BrickoutApp
13:01:41.704 [FXGL Background Thread 1 ] DEBUG GameApplicationServi - Applying CSS: fxgl_dark.css
13:01:41.707 [FXGL Background Thread 1 ] DEBUG FXGLAssetLoaderServi - Loading from file system: jar:file:/C:/Users/Ivan/.m2/repository/com/github/almasb/fxgl/dev-SNAPSHOT/fxgl-dev-20210310.131736-1703.jar!/fxglassets/ui/css/fxgl_dark.css
13:01:41.875 [FXGL Background Thread 1 ] DEBUG GameApplicationServi - Initializing application scenes
13:01:41.964 [FXGL Background Thread 1 ] DEBUG GameWorld            - Game world initialized
13:01:42.231 [FXGL Background Thread 1 ] DEBUG PhysicsWorld         - Physics world initialized: appHeight=704, physics.ppm=50.0
13:01:42.232 [FXGL Background Thread 1 ] DEBUG PhysicsWorld         - Using strategy: BRUTE_FORCE
13:01:42.239 [FXGL Background Thread 1 ] DEBUG GameScene            - Game scene initialized: 1344x704
13:01:42.309 [FXGL Background Thread 1 ] DEBUG FXGLAssetLoaderServi - Loading from file system: file:/E:/faks/sve_za_igru/Brickout/target/classes/assets/textures/background/universe.jpg
13:01:42.613 [FXGL Background Thread 1 ] DEBUG FXGLAssetLoaderServi - Loading from file system: file:/E:/faks/sve_za_igru/Brickout/target/classes/assets/textures/particles/trace_horizontal.png
13:01:42.806 [FXGL Background Thread 1 ] DEBUG FXGL.DefaultMenu     - createMenuBodyGameMenu()
13:01:42.847 [FXGL Background Thread 1 ] DEBUG FXGL.DefaultMenu     - createOptionsMenu()
13:01:42.881 [FXGL Background Thread 1 ] DEBUG FXGLAssetLoaderServi - Loading from file system: jar:file:/C:/Users/Ivan/.m2/repository/com/github/almasb/fxgl/dev-SNAPSHOT/fxgl-dev-20210310.131736-1703.jar!/fxglassets/textures/particles/smoke.png
13:01:43.129 [FXGL Background Thread 1 ] DEBUG GameApplicationServi - Application scenes initialized
13:01:43.167 [FXGL Background Thread 1 ] DEBUG SystemBundleService  - Loading FXGL system data
13:01:43.180 [FXGL Background Thread 1 ] DEBUG FileSystemAccess     - Reading from: E:\faks\sve_za_igru\Brickout\system\fxgl.bundle
13:01:43.208 [FXGL Background Thread 1 ] DEBUG SystemBundleService  - Bundle FXGL: {}
13:01:43.208 [FXGL Background Thread 1 ] DEBUG UpdaterService       - Checking for updates
13:01:43.311 [FXGL Background Thread 1 ] DEBUG FXGLApplication      - Loading default localization
13:01:43.312 [FXGL Background Thread 1 ] DEBUG FXGLAssetLoaderServi - Loading from file system: jar:file:/C:/Users/Ivan/.m2/repository/com/github/almasb/fxgl/dev-SNAPSHOT/fxgl-dev-20210310.131736-1703.jar!/fxglassets/languages/english.lang
13:01:43.410 [FXGL Background Thread 1 ] INFO  FXGLApplication      - FXGL initialization took: 1.870 sec
13:01:43.396 [FXGL Background Thread 4 ] DEBUG FXGLApplication      - Loading fonts
13:01:43.417 [FXGL Background Thread 4 ] DEBUG FXGLAssetLoaderServi - Loading from file system: file:/E:/faks/sve_za_igru/Brickout/target/classes/assets/ui/fonts/plaguard.otf
13:01:43.446 [JavaFX Application Thread] DEBUG Input                - Registered new binding: Move Left - A
13:01:43.446 [JavaFX Application Thread] DEBUG Input                - Registered new binding: Move Right - D
13:01:43.447 [JavaFX Application Thread] DEBUG Input                - Registered new binding: Escape - Esc
13:01:43.447 [JavaFX Application Thread] DEBUG Input                - Registered new binding: Fire Ball - Space
13:01:43.448 [JavaFX Application Thread] DEBUG Input                - Registered new binding: Angle - X
13:01:43.448 [JavaFX Application Thread] DEBUG FXGLAssetLoaderServi - Loading from file system: file:/E:/faks/sve_za_igru/Brickout/target/classes/assets/music/BGM.mp3
13:01:43.854 [FXGL Background Thread 4 ] DEBUG FXGLAssetLoaderServi - Loading from file system: jar:file:/C:/Users/Ivan/.m2/repository/com/github/almasb/fxgl/dev-SNAPSHOT/fxgl-dev-20210310.131736-1703.jar!/fxglassets/ui/fonts/Abel-Regular.ttf
13:01:43.948 [FXGL Background Thread 4 ] DEBUG FXGLAssetLoaderServi - Loading from file system: jar:file:/C:/Users/Ivan/.m2/repository/com/github/almasb/fxgl/dev-SNAPSHOT/fxgl-dev-20210310.131736-1703.jar!/fxglassets/ui/fonts/lucida_console.ttf
13:01:44.023 [JavaFX Application Thread] DEBUG AudioPlayer          - Playing music com.almasb.fxgl.audio.Music@18f2a78b
13:01:44.024 [JavaFX Application Thread] DEBUG FXGLAssetLoaderServi - Loading from file system: file:/E:/faks/sve_za_igru/Brickout/target/classes/assets/textures/icon/icon.png
13:01:44.082 [JavaFX Application Thread] DEBUG FXGLAssetLoaderServi - Loading from file system: jar:file:/C:/Users/Ivan/.m2/repository/com/github/almasb/fxgl/dev-SNAPSHOT/fxgl-dev-20210310.131736-1703.jar!/fxglassets/ui/cursors/fxgl_default.png
13:01:44.082 [FXGL Background Thread 4 ] DEBUG FXGLAssetLoaderServi - Loading from file system: jar:file:/C:/Users/Ivan/.m2/repository/com/github/almasb/fxgl/dev-SNAPSHOT/fxgl-dev-20210310.131736-1703.jar!/fxglassets/ui/fonts/Courier-Prime.ttf
13:01:44.088 [JavaFX Application Thread] DEBUG Input                - Registered new binding: Screenshot - P
13:01:44.089 [JavaFX Application Thread] DEBUG Input                - Registered new binding: Dev Options - 1
13:01:44.090 [JavaFX Application Thread] DEBUG Input                - Registered new binding: Dev Console - 2
13:01:44.092 [JavaFX Application Thread] DEBUG Input                - Registered new binding: System info dump - CTRL+9
13:01:44.093 [JavaFX Application Thread] DEBUG Input                - Registered new binding: Restart - CTRL+R
13:01:44.095 [JavaFX Application Thread] DEBUG Input                - Registered new binding: Toggle Debug Camera - CTRL+C
13:01:44.103 [JavaFX Application Thread] DEBUG LoopRunner           - Starting loop
13:01:44.183 [JavaFX Application Thread] DEBUG LoopRunner           - Initializing JavaFX AnimationTimerLoop
13:01:44.193 [JavaFX Application Thread] DEBUG Input                - Clearing active input actions
13:01:44.221 [JavaFX Application Thread] DEBUG GameApplicationServi - Removing overlay from StartUpScene and adding to FXGLMainMenuDummyScene
13:01:44.235 [JavaFX Application Thread] DEBUG PrimaryStageWindow   - StartUpScene -> FXGLMainMenuDummyScene
13:01:44.236 [JavaFX Application Thread] DEBUG PrimaryStageWindow   - Push state: AppMainMenu
13:01:44.236 [JavaFX Application Thread] DEBUG Input                - Clearing active input actions
13:01:44.245 [JavaFX Application Thread] DEBUG GameApplicationServi - Removing overlay from FXGLMainMenuDummyScene and adding to AppMainMenu
13:01:44.247 [JavaFX Application Thread] DEBUG PrimaryStageWindow   - FXGLMainMenuDummyScene -> AppMainMenu
13:01:44.702 [FXGL Background Thread 2 ] INFO  UpdaterService       - Your current version:  dev-SNAPSHOT
13:01:44.702 [FXGL Background Thread 2 ] INFO  UpdaterService       - Latest stable version: 11.14
13:01:44.774 [JavaFX Application Thread] DEBUG FXGLApplication      - Registering font factories with UI factory
13:01:46.299 [FXGL Background Thread 3 ] DEBUG Engine               - Logging environment variables
13:01:46.300 [FXGL Background Thread 3 ] DEBUG Engine               - achievements: []
13:01:46.300 [FXGL Background Thread 3 ] DEBUG Engine               - actualHeight: 704.0
13:01:46.300 [FXGL Background Thread 3 ] DEBUG Engine               - actualHeightProperty: ReadOnlyDoubleProperty [value: 704.0]
13:01:46.301 [FXGL Background Thread 3 ] DEBUG Engine               - actualWidth: 1344.0
13:01:46.301 [FXGL Background Thread 3 ] DEBUG Engine               - actualWidthProperty: ReadOnlyDoubleProperty [value: 1344.0]
13:01:46.301 [FXGL Background Thread 3 ] DEBUG Engine               - appIcon: icon/icon.png
13:01:46.301 [FXGL Background Thread 3 ] DEBUG Engine               - applicationMode: DEVELOPER
13:01:46.302 [FXGL Background Thread 3 ] DEBUG Engine               - cSSList: [fxgl_dark.css]
13:01:46.302 [FXGL Background Thread 3 ] DEBUG Engine               - collisionDetectionStrategy: BRUTE_FORCE
13:01:46.303 [FXGL Background Thread 3 ] DEBUG Engine               - configClass: Optional.empty
13:01:46.304 [FXGL Background Thread 3 ] DEBUG Engine               - credits: []
13:01:46.305 [FXGL Background Thread 3 ] DEBUG Engine               - devBBoxColorProperty: ObjectProperty [value: 0xff0000ff]
13:01:46.305 [FXGL Background Thread 3 ] DEBUG Engine               - devEnableDebugCameraProperty: BooleanProperty [value: false]
13:01:46.306 [FXGL Background Thread 3 ] DEBUG Engine               - devSensorColorProperty: ObjectProperty [value: 0xffff00ff]
13:01:46.307 [FXGL Background Thread 3 ] DEBUG Engine               - devShowBBoxProperty: BooleanProperty [value: false]
13:01:46.307 [FXGL Background Thread 3 ] DEBUG Engine               - devShowPositionProperty: BooleanProperty [value: false]
13:01:46.307 [FXGL Background Thread 3 ] DEBUG Engine               - enabledMenuItems: []
13:01:46.308 [FXGL Background Thread 3 ] DEBUG Engine               - engineServices: [class com.almasb.fxgl.app.services.FXGLAssetLoaderService, class com.almasb.fxgl.app.FXGLApplication$GameApplicationService, class com.almasb.fxgl.app.services.FXGLDialogService, class com.almasb.fxgl.app.services.IOTaskExecutorService, class com.almasb.fxgl.event.EventBusService, class com.almasb.fxgl.io.FileSystemService, class com.almasb.fxgl.localization.LocalizationService, class com.almasb.fxgl.app.services.SystemBundleService, class com.almasb.fxgl.profile.SaveLoadService, class com.almasb.fxgl.ui.FXGLUIFactoryServiceProvider, class com.almasb.fxgl.ui.FXGLDialogFactoryServiceProvider, class com.almasb.fxgl.audio.AudioPlayer, class com.almasb.fxgl.notification.impl.NotificationServiceProvider, class com.almasb.fxgl.achievement.AchievementService, class com.almasb.fxgl.cutscene.CutsceneService, class com.almasb.fxgl.minigames.MiniGameService, class com.almasb.fxgl.net.NetService, class com.almasb.fxgl.app.services.UpdaterService, class com.almasb.fxgl.dev.DevService]
13:01:46.308 [FXGL Background Thread 3 ] DEBUG Engine               - fontGame: Abel-Regular.ttf
13:01:46.308 [FXGL Background Thread 3 ] DEBUG Engine               - fontMono: lucida_console.ttf
13:01:46.308 [FXGL Background Thread 3 ] DEBUG Engine               - fontText: Courier-Prime.ttf
13:01:46.309 [FXGL Background Thread 3 ] DEBUG Engine               - fontUI: plaguard.otf
13:01:46.309 [FXGL Background Thread 3 ] DEBUG Engine               - fullScreen: BooleanProperty [value: false]
13:01:46.309 [FXGL Background Thread 3 ] DEBUG Engine               - gameDifficulty: MEDIUM
13:01:46.309 [FXGL Background Thread 3 ] DEBUG Engine               - gameDifficultyProperty: ObjectProperty [value: MEDIUM]
13:01:46.310 [FXGL Background Thread 3 ] DEBUG Engine               - globalMusicVolume: 0.5
13:01:46.310 [FXGL Background Thread 3 ] DEBUG Engine               - globalMusicVolumeProperty: DoubleProperty [value: 0.0]
13:01:46.310 [FXGL Background Thread 3 ] DEBUG Engine               - globalSoundVolume: 0.5
13:01:46.311 [FXGL Background Thread 3 ] DEBUG Engine               - globalSoundVolumeProperty: DoubleProperty [value: 0.2]
13:01:46.311 [FXGL Background Thread 3 ] DEBUG Engine               - height: 704
13:01:46.313 [FXGL Background Thread 3 ] DEBUG Engine               - isAndroid: false
13:01:46.314 [FXGL Background Thread 3 ] DEBUG Engine               - isBrowser: false
13:01:46.315 [FXGL Background Thread 3 ] DEBUG Engine               - isClickFeedbackEnabled: false
13:01:46.315 [FXGL Background Thread 3 ] DEBUG Engine               - isCloseConfirmation: false
13:01:46.315 [FXGL Background Thread 3 ] DEBUG Engine               - isDesktop: true
13:01:46.316 [FXGL Background Thread 3 ] DEBUG Engine               - isDeveloperMenuEnabled: true
13:01:46.316 [FXGL Background Thread 3 ] DEBUG Engine               - isEntityPreloadEnabled: true
13:01:46.317 [FXGL Background Thread 3 ] DEBUG Engine               - isExperimental3D: false
13:01:46.317 [FXGL Background Thread 3 ] DEBUG Engine               - isExperimentalNative: false
13:01:46.317 [FXGL Background Thread 3 ] DEBUG Engine               - isExperimentalTiledLargeMap: false
13:01:46.318 [FXGL Background Thread 3 ] DEBUG Engine               - isFileSystemWriteAllowed: true
13:01:46.318 [FXGL Background Thread 3 ] DEBUG Engine               - isFullScreenAllowed: false
13:01:46.319 [FXGL Background Thread 3 ] DEBUG Engine               - isFullScreenFromStart: false
13:01:46.319 [FXGL Background Thread 3 ] DEBUG Engine               - isGameMenuEnabled: true
13:01:46.319 [FXGL Background Thread 3 ] DEBUG Engine               - isIOS: false
13:01:46.320 [FXGL Background Thread 3 ] DEBUG Engine               - isIntroEnabled: false
13:01:46.320 [FXGL Background Thread 3 ] DEBUG Engine               - isLinux: false
13:01:46.320 [FXGL Background Thread 3 ] DEBUG Engine               - isMac: false
13:01:46.321 [FXGL Background Thread 3 ] DEBUG Engine               - isMainMenuEnabled: true
13:01:46.321 [FXGL Background Thread 3 ] DEBUG Engine               - isManualResizeEnabled: true
13:01:46.321 [FXGL Background Thread 3 ] DEBUG Engine               - isMobile: false
13:01:46.321 [FXGL Background Thread 3 ] DEBUG Engine               - isPreserveResizeRatio: true
13:01:46.321 [FXGL Background Thread 3 ] DEBUG Engine               - isProfilingEnabled: false
13:01:46.322 [FXGL Background Thread 3 ] DEBUG Engine               - isScaleAffectedOnResize: true
13:01:46.322 [FXGL Background Thread 3 ] DEBUG Engine               - isSingleStep: false
13:01:46.322 [FXGL Background Thread 3 ] DEBUG Engine               - isUserProfileEnabled: false
13:01:46.324 [FXGL Background Thread 3 ] DEBUG Engine               - isWindows: true
13:01:46.324 [FXGL Background Thread 3 ] DEBUG Engine               - language: ObjectProperty [value: ENGLISH]
13:01:46.324 [FXGL Background Thread 3 ] DEBUG Engine               - menuKey: ESCAPE
13:01:46.325 [FXGL Background Thread 3 ] DEBUG Engine               - notificationViewClass: class com.almasb.fxgl.notification.view.XboxNotificationView
13:01:46.325 [FXGL Background Thread 3 ] DEBUG Engine               - pixelsPerMeter: 50.0
13:01:46.326 [FXGL Background Thread 3 ] DEBUG Engine               - platform: WINDOWS
13:01:46.326 [FXGL Background Thread 3 ] DEBUG Engine               - prefHeightProperty: ReadOnlyDoubleProperty [value: 704.0]
13:01:46.326 [FXGL Background Thread 3 ] DEBUG Engine               - prefWidthProperty: ReadOnlyDoubleProperty [value: 1344.0]
13:01:46.326 [FXGL Background Thread 3 ] DEBUG Engine               - profileDir: profiles/
13:01:46.327 [FXGL Background Thread 3 ] DEBUG Engine               - profileName: StringProperty [value: DEFAULT]
13:01:46.327 [FXGL Background Thread 3 ] DEBUG Engine               - randomSeed: -1
13:01:46.327 [FXGL Background Thread 3 ] DEBUG Engine               - runtimeInfo: RuntimeInfo(platform=WINDOWS, version=dev-SNAPSHOT, build=10.03.2021 13.16)
13:01:46.327 [FXGL Background Thread 3 ] DEBUG Engine               - saveFileExt: sav
13:01:46.328 [FXGL Background Thread 3 ] DEBUG Engine               - scaledHeightProp$fxgl: DoubleProperty [bound, value: 704.0]
13:01:46.328 [FXGL Background Thread 3 ] DEBUG Engine               - scaledWidthProp$fxgl: DoubleProperty [bound, value: 1344.0]
13:01:46.329 [FXGL Background Thread 3 ] DEBUG Engine               - sceneFactory: game.brickout.BrickoutApp$1@8ea2fd3
13:01:46.330 [FXGL Background Thread 3 ] DEBUG Engine               - secondsIn24h: 60
13:01:46.330 [FXGL Background Thread 3 ] DEBUG Engine               - soundMenuBack: menu/back.wav
13:01:46.330 [FXGL Background Thread 3 ] DEBUG Engine               - soundMenuPress: menu/press.wav
13:01:46.331 [FXGL Background Thread 3 ] DEBUG Engine               - soundMenuSelect: menu/select.wav
13:01:46.331 [FXGL Background Thread 3 ] DEBUG Engine               - soundNotification: core/notification.wav
13:01:46.332 [FXGL Background Thread 3 ] DEBUG Engine               - stageStyle: DECORATED
13:01:46.332 [FXGL Background Thread 3 ] DEBUG Engine               - supportedLanguages: [ENGLISH, FRENCH, GERMAN, HUNGARIAN, RUSSIAN]
13:01:46.332 [FXGL Background Thread 3 ] DEBUG Engine               - ticksPerSecond: -1
13:01:46.333 [FXGL Background Thread 3 ] DEBUG Engine               - title: FXGL Brickout
13:01:46.333 [FXGL Background Thread 3 ] DEBUG Engine               - urlGithub: https://github.com/AlmasB/FXGL
13:01:46.334 [FXGL Background Thread 3 ] DEBUG Engine               - urlLeaderboard: http://fxgl-top.herokuapp.com/
13:01:46.334 [FXGL Background Thread 3 ] DEBUG Engine               - urlPOM: https://raw.githubusercontent.com/AlmasB/FXGL/release/README.md
13:01:46.334 [FXGL Background Thread 3 ] DEBUG Engine               - userAppClass: class game.brickout.BrickoutApp
13:01:46.334 [FXGL Background Thread 3 ] DEBUG Engine               - version: 0.0
13:01:46.335 [FXGL Background Thread 3 ] DEBUG Engine               - versionCheckDays: 7
13:01:46.335 [FXGL Background Thread 3 ] DEBUG Engine               - width: 1344
13:01:46.335 [FXGL Background Thread 3 ] DEBUG Engine               - Logging services
13:01:46.335 [FXGL Background Thread 3 ] DEBUG Engine               - class com.almasb.fxgl.app.services.FXGLAssetLoaderService
13:01:46.336 [FXGL Background Thread 3 ] DEBUG Engine               - class com.almasb.fxgl.app.FXGLApplication$GameApplicationService
13:01:46.336 [FXGL Background Thread 3 ] DEBUG Engine               - class com.almasb.fxgl.app.services.FXGLDialogService
13:01:46.336 [FXGL Background Thread 3 ] DEBUG Engine               - class com.almasb.fxgl.app.services.IOTaskExecutorService
13:01:46.337 [FXGL Background Thread 3 ] DEBUG Engine               - class com.almasb.fxgl.event.EventBusService
13:01:46.337 [FXGL Background Thread 3 ] DEBUG Engine               - class com.almasb.fxgl.io.FileSystemService
13:01:46.337 [FXGL Background Thread 3 ] DEBUG Engine               - class com.almasb.fxgl.localization.LocalizationService
13:01:46.338 [FXGL Background Thread 3 ] DEBUG Engine               - class com.almasb.fxgl.app.services.SystemBundleService
13:01:46.338 [FXGL Background Thread 3 ] DEBUG Engine               - class com.almasb.fxgl.profile.SaveLoadService
13:01:46.339 [FXGL Background Thread 3 ] DEBUG Engine               - class com.almasb.fxgl.ui.FXGLUIFactoryServiceProvider
13:01:46.339 [FXGL Background Thread 3 ] DEBUG Engine               - class com.almasb.fxgl.ui.FXGLDialogFactoryServiceProvider
13:01:46.339 [FXGL Background Thread 3 ] DEBUG Engine               - class com.almasb.fxgl.audio.AudioPlayer
13:01:46.340 [FXGL Background Thread 3 ] DEBUG Engine               - class com.almasb.fxgl.notification.impl.NotificationServiceProvider
13:01:46.340 [FXGL Background Thread 3 ] DEBUG Engine               - class com.almasb.fxgl.achievement.AchievementService
13:01:46.341 [FXGL Background Thread 3 ] DEBUG Engine               - class com.almasb.fxgl.cutscene.CutsceneService
13:01:46.341 [FXGL Background Thread 3 ] DEBUG Engine               - class com.almasb.fxgl.minigames.MiniGameService
13:01:46.341 [FXGL Background Thread 3 ] DEBUG Engine               - class com.almasb.fxgl.net.NetService
13:01:46.342 [FXGL Background Thread 3 ] DEBUG Engine               - class com.almasb.fxgl.app.services.UpdaterService
13:01:46.342 [FXGL Background Thread 3 ] DEBUG Engine               - class com.almasb.fxgl.dev.DevService
13:01:50.103 [JavaFX Application Thread] DEBUG Menu                 - fireNewGame()
13:01:50.103 [JavaFX Application Thread] DEBUG GameApplicationServi - Starting new game
13:01:50.104 [JavaFX Application Thread] DEBUG PrimaryStageWindow   - Pop state: AppMainMenu
13:01:50.104 [JavaFX Application Thread] DEBUG Input                - Clearing active input actions
13:01:50.106 [JavaFX Application Thread] DEBUG GameApplicationServi - Removing overlay from AppMainMenu and adding to FXGLMainMenuDummyScene
13:01:50.110 [JavaFX Application Thread] DEBUG PrimaryStageWindow   - FXGLMainMenuDummyScene <- AppMainMenu
13:01:50.111 [JavaFX Application Thread] DEBUG Input                - Clearing active input actions
13:01:50.128 [JavaFX Application Thread] DEBUG GameApplicationServi - Removing overlay from FXGLMainMenuDummyScene and adding to LoadingScreen
13:01:50.130 [JavaFX Application Thread] DEBUG PrimaryStageWindow   - FXGLMainMenuDummyScene -> LoadingScreen
13:01:50.130 [JavaFX Application Thread] DEBUG GameApplicationServi - Clearing previous game
13:01:50.131 [JavaFX Application Thread] DEBUG GameScene            - Clearing game scene
13:01:50.131 [JavaFX Application Thread] DEBUG GameWorld            - Clearing game world
13:01:50.131 [JavaFX Application Thread] DEBUG PhysicsWorld         - Clearing physics world
13:01:50.138 [FXGL Background Thread 2 ] DEBUG FXGLApplication      - Initializing game
13:01:50.251 [FXGL Background Thread 2 ] WARN  TMXLevelLoader       - TiledMap generated from 1.4.3. Supported version: 1.2.3. Some features may not be parsed fully.
13:01:50.279 [FXGL Background Thread 2 ] DEBUG TMXLevelLoader       - Parsed raw map: TiledMap(width=14, height=22, tilewidth=96, tileheight=32, orientation=orthogonal, layers=[Layer(width=0, height=0, name=brick_layer, type=objectgroup, visible=false, x=0, y=0, data=[], objects=[com.almasb.fxgl.entity.level.tiled.TiledObject@14b09b31, com.almasb.fxgl.entity.level.tiled.TiledObject@4ee030a2, com.almasb.fxgl.entity.level.tiled.TiledObject@6f8065b5, com.almasb.fxgl.entity.level.tiled.TiledObject@5b4cadc9, com.almasb.fxgl.entity.level.tiled.TiledObject@4bb5dc82, com.almasb.fxgl.entity.level.tiled.TiledObject@41f8076, com.almasb.fxgl.entity.level.tiled.TiledObject@68dee08d, com.almasb.fxgl.entity.level.tiled.TiledObject@56c22aba, com.almasb.fxgl.entity.level.tiled.TiledObject@33f6bd2c, com.almasb.fxgl.entity.level.tiled.TiledObject@4b129714, com.almasb.fxgl.entity.level.tiled.TiledObject@5457dc73, com.almasb.fxgl.entity.level.tiled.TiledObject@1387bbb9, com.almasb.fxgl.entity.level.tiled.TiledObject@151e7b38, com.almasb.fxgl.entity.level.tiled.TiledObject@4aebf4b8], opacity=0.0, draworder=)], tilesets=[Tileset(firstgid=1, image=brick_blue.png, name=brick_blue, tilewidth=96, tileheight=32, imagewidth=96, imageheight=32, margin=0, spacing=0, columns=1, tilecount=1, transparentcolor=, tiles=[])], backgroundcolor=, renderorder=right-down, nextobjectid=16, version=1, tiledversion=1.4.3, type=map, infinite=false, hexsidelength=0, staggeraxis=, staggerindex=, properties={}, propertytypes={})
13:01:50.281 [FXGL Background Thread 2 ] DEBUG TMXLevelLoader       - Creating tile layer entities
13:01:50.282 [FXGL Background Thread 2 ] DEBUG TMXLevelLoader       - Creating object layer entities
13:01:50.392 [FXGL Background Thread 2 ] DEBUG GameWorld            - Clearing removable entities
13:01:50.395 [FXGL Background Thread 2 ] DEBUG GameWorld            - Setting level: com.almasb.fxgl.entity.level.Level@6002e241
13:01:50.415 [FXGL Background Thread 2 ] DEBUG FXGLAssetLoaderServi - Loading from file system: file:/E:/faks/sve_za_igru/Brickout/target/classes/assets/textures/bat.png
13:01:50.447 [FXGL Background Thread 2 ] DEBUG FXGLAssetLoaderServi - Loading from file system: file:/E:/faks/sve_za_igru/Brickout/target/classes/assets/textures/ball.png
13:01:50.502 [FXGL Background Thread 2 ] DEBUG FXGLAssetLoaderServi - Loading from file system: file:/E:/faks/sve_za_igru/Brickout/target/classes/assets/textures/background/as1.jpg
13:01:51.027 [FXGL Background Thread 2 ] INFO  FXGLApplication      - Game initialization took: 0.889 sec
13:01:51.029 [JavaFX Application Thread] DEBUG Input                - Clearing active input actions
13:01:51.043 [JavaFX Application Thread] DEBUG GameApplicationServi - Removing overlay from LoadingScreen and adding to GameScene
13:01:51.051 [JavaFX Application Thread] DEBUG PrimaryStageWindow   - LoadingScreen -> GameScene
13:01:53.539 [JavaFX Application Thread] DEBUG FXGLAssetLoaderServi - Loading from file system: file:/E:/faks/sve_za_igru/Brickout/target/classes/assets/textures/particles/moje.png
13:01:53.644 [JavaFX Application Thread] DEBUG PrimaryStageWindow   - Push state: NewLevelSubScene
13:01:53.644 [JavaFX Application Thread] DEBUG Input                - Clearing active input actions
13:01:53.645 [JavaFX Application Thread] DEBUG GameApplicationServi - Removing overlay from GameScene and adding to NewLevelSubScene
13:01:53.647 [JavaFX Application Thread] DEBUG PrimaryStageWindow   - GameScene -> NewLevelSubScene
13:01:56.206 [JavaFX Application Thread] DEBUG PrimaryStageWindow   - Pop state: NewLevelSubScene
13:01:56.206 [JavaFX Application Thread] DEBUG Input                - Clearing active input actions
13:01:56.208 [JavaFX Application Thread] DEBUG GameApplicationServi - Removing overlay from NewLevelSubScene and adding to GameScene
13:01:56.211 [JavaFX Application Thread] DEBUG PrimaryStageWindow   - GameScene <- NewLevelSubScene
13:07:58.708 [JavaFX Application Thread] DEBUG FXGLApplication      - Exiting FXGL
13:07:58.708 [JavaFX Application Thread] DEBUG LoopRunner           - Stopping loop
13:07:58.709 [JavaFX Application Thread] DEBUG SystemBundleService  - Saving FXGL system data
13:07:58.712 [JavaFX Application Thread] DEBUG FileSystemAccess     - Writing to: E:\faks\sve_za_igru\Brickout\system\fxgl.bundle
13:07:58.716 [JavaFX Application Thread] DEBUG Async                - Shutting down background threads
13:07:58.716 [JavaFX Application Thread] DEBUG PrimaryStageWindow   - Closing main window
13:07:58.743 [JavaFX Application Thread] DEBUG Logger               - Closing Logger
